2026-03-19 12:50:58.376 - DBeaver 26.0.0.202603011816 is starting
2026-03-19 12:50:58.378 - OS: Linux 6.17.0-19-generic (amd64)
2026-03-19 12:50:58.378 - Java version: 21.0.8 by Eclipse Adoptium (64bit)
2026-03-19 12:50:58.378 - Install path: '/m/pkg/dbeaver-26.0.0/dbeaver'
2026-03-19 12:50:58.378 - Instance path: 'file:/home/mnardi/.local/share/DBeaverData/workspace6/'
2026-03-19 12:50:58.380 - Memory available 64Mb/1024Mb
2026-03-19 12:50:58.384 - Initialize desktop platform...
2026-03-19 12:50:58.511 - BounceCastle bundle found. Use JCE provider BC
> Start Core File Systems [org.eclipse.core.filesystem 1.11.400.v20251107-0507]
> Start Core Resource Management [org.eclipse.core.resources 3.23.100.v20251106-1705]
> Start DBeaver UI Navigator [org.jkiss.dbeaver.ui.navigator 1.0.174.202603011816]
> Start Supporto principale per i team [org.eclipse.team.core 3.10.900.v20251104-0924]
> Start Equinox Java Authentication and Authorization Service (JAAS) [org.eclipse.equinox.security 1.4.700.v20250622-1644]
> Start Interfaccia Gestione Connessione Internet [org.eclipse.ui.net 1.5.500.v20250611-0855]
> Start Internet Connection Management [org.eclipse.core.net 1.5.800.v20250613-1119]
2026-03-19 12:50:58.671 - Proxy service 'org.eclipse.core.net.proxy.IProxyService' loaded
2026-03-19 12:50:58.687 - Initialize base platform...
2026-03-19 12:50:58.703 - Schedule collected statistics send
2026-03-19 12:50:58.703 - Platform initialized (319ms)
2026-03-19 12:50:58.716 - Create display
2026-03-19 12:50:58.967 - Starting instance server at http://localhost:35683
2026-03-19 12:50:58.973 - Run workbench
> Start Eclipse e4 Workbench SWT [org.eclipse.e4.ui.workbench.swt 0.17.1000.v20251023-0611]
> Start Eclipse Application Services [org.eclipse.e4.core.services 2.5.300.v20251112-1253]
> Start Eclipse UI Application Services [org.eclipse.e4.ui.services 1.6.600.v20251023-1358]
> Start Eclipse e4 Progress View [org.eclipse.e4.ui.progress 0.4.900.v20251023-1511]
> Start Eclipse Bindings Support [org.eclipse.e4.ui.bindings 0.14.800.v20250916-0937]
> Start Eclipse e4 core commands [org.eclipse.e4.core.commands 1.1.700.v20250916-0927]
> Start EMF XML/XMI Persistence [org.eclipse.emf.ecore.xmi 2.39.0.v20250910-1205]
> Start Eclipse CSS SWT Theme Support [org.eclipse.e4.ui.css.swt.theme 0.14.600.v20251023-0615]
> Start Eclipse e4 Workbench Add-ons [org.eclipse.e4.ui.workbench.addons.swt 1.5.900.v20251007-0832]
> Start Eclipse e4 Workbench SWT Renderer [org.eclipse.e4.ui.workbench.renderers.swt 0.16.1000.v20251114-0005]
> Start Eclipse Dependency Injection Extensions [org.eclipse.e4.core.di.extensions 0.18.300.v20240413-1529]
> Start DBeaver AI Model [org.jkiss.dbeaver.model.ai 2.0.17.202603011816]
> Start DBeaver AI UI [org.jkiss.dbeaver.ui.ai 1.0.76.202603011816]
> Start Eclipse CSS SWT Support [org.eclipse.e4.ui.css.swt 0.15.700.v20251023-1511]
> Start JFace [org.eclipse.jface.text 3.29.0.v20251112-0859]
2026-03-19 12:51:00.102 - Configure workbench window
> Start DBeaver SQL Model [org.jkiss.dbeaver.model.sql 1.0.164.202603011816]
2026-03-19 12:51:00.225 - Total database drivers: 127 (127)
> Start Parte centrale del sistema della Guida [org.eclipse.help 3.10.600.v20250613-0437]
2026-03-19 12:51:00.292 - Create actions
2026-03-19 12:51:00.602 - Initialize workbench window
2026-03-19 12:51:00.616 - Finish initialization
> Start Editor di testo predefinito [org.eclipse.ui.editors 3.20.200.v20251125-0939]
> Start Workbench [org.eclipse.ui.workbench.texteditor 3.19.400.v20251105-0815]
> Start DBeaver UI Editors - Data [org.jkiss.dbeaver.ui.editors.data 1.0.174.202603011816]
> Start DBeaver UI Editors - SQL [org.jkiss.dbeaver.ui.editors.sql 1.0.174.202603011816]
Warning: NLS unused message: FindReplace_RegExCheckbox_label in: org.eclipse.ui.texteditor.EditorMessages
Warning: NLS unused message: FindReplace_WrapCheckBox_label in: org.eclipse.ui.texteditor.EditorMessages
Warning: NLS unused message: FindReplace_IncrementalCheckBox_label in: org.eclipse.ui.texteditor.EditorMessages
Warning: NLS unused message: FindReplace_Options in: org.eclipse.ui.texteditor.EditorMessages
Warning: NLS unused message: FindReplace_ReplaceSelectionButton_label in: org.eclipse.ui.texteditor.EditorMessages
Warning: NLS unused message: FindReplace_SelectedRangeRadioButton_label in: org.eclipse.ui.texteditor.EditorMessages
Warning: NLS unused message: FindReplace_SelectAllButton_label in: org.eclipse.ui.texteditor.EditorMessages
Warning: NLS unused message: FindReplace_GlobalRadioButton_label in: org.eclipse.ui.texteditor.EditorMessages
Warning: NLS unused message: FindReplace_WholeWordCheckBox_label in: org.eclipse.ui.texteditor.EditorMessages
Warning: NLS unused message: FindReplace_ReplaceFindButton_label in: org.eclipse.ui.texteditor.EditorMessages
Warning: NLS unused message: FindReplace_BackwardRadioButton_label in: org.eclipse.ui.texteditor.EditorMessages
Warning: NLS unused message: FindReplace_CloseButton_label in: org.eclipse.ui.texteditor.EditorMessages
Warning: NLS unused message: FindReplace_Replace_label in: org.eclipse.ui.texteditor.EditorMessages
Warning: NLS unused message: FindReplace_CaseCheckBox_label in: org.eclipse.ui.texteditor.EditorMessages
Warning: NLS unused message: FindReplace_Status_replacements_label in: org.eclipse.ui.texteditor.EditorMessages
Warning: NLS unused message: FindReplace_title in: org.eclipse.ui.texteditor.EditorMessages
Warning: NLS unused message: FindReplace_Direction in: org.eclipse.ui.texteditor.EditorMessages
Warning: NLS unused message: FindReplace_ReplaceAllButton_label in: org.eclipse.ui.texteditor.EditorMessages
Warning: NLS unused message: FindReplace_Scope in: org.eclipse.ui.texteditor.EditorMessages
Warning: NLS unused message: FindReplace_Find_label in: org.eclipse.ui.texteditor.EditorMessages
Warning: NLS unused message: FindReplace_ForwardRadioButton_label in: org.eclipse.ui.texteditor.EditorMessages
Warning: NLS unused message: FindReplace_FindNextButton_label in: org.eclipse.ui.texteditor.EditorMessages
> Start DBeaver SQL Terminal [org.jkiss.dbeaver.ui.editors.sql.terminal 1.0.150.202603011816]
> Start Core Compare Support [org.eclipse.compare.core 3.8.800.v20250718-1505]
> Start DBeaver Sample Database [org.jkiss.dbeaver.ui.config.sample 1.0.211.202603011816]
2026-03-19 12:51:01.940 - Open [https://dbeaver.io/product/version.xml]
> Start DBeaver Dashboard UI [org.jkiss.dbeaver.ui.dashboard 1.0.171.202603011816]
> Start GEF Classic Draw2d [org.eclipse.draw2d 3.21.0.202512020742]
> Start GEF Classic GEF (MVC) [org.eclipse.gef 3.24.0.202511201732]
> Start DBeaver ERD UI [org.jkiss.dbeaver.ui.editors.erd 3.1.15.202603011816]
> Start DBeaver ERD Model [org.jkiss.dbeaver.model.erd 1.1.15.202603011816]
> Start DBeaver JDBC Model [org.jkiss.dbeaver.model.jdbc 1.0.67.202603011816]
> Start DBeaver PostgreSQL Model [org.jkiss.dbeaver.ext.postgresql 2.1.247.202603011816]
> Start Console [org.eclipse.ui.console 3.15.0.v20251113-1013]
> Start Debug principale [org.eclipse.debug.core 3.23.200.v20251107-0507]
2026-03-19 12:51:02.423 - Exception during a connection to https://dbeaver.io/product/version.xml
javax.net.ssl.SSLHandshakeException: PKIX path building failed: sun.security.provider.certpath.SunCertPathBuilderException: unable to find valid certification path to requested target
	at java.base/sun.security.ssl.Alert.createSSLException(Unknown Source)
	at java.base/sun.security.ssl.TransportContext.fatal(Unknown Source)
	at java.base/sun.security.ssl.TransportContext.fatal(Unknown Source)
	at java.base/sun.security.ssl.TransportContext.fatal(Unknown Source)
	at java.base/sun.security.ssl.CertificateMessage$T13CertificateConsumer.checkServerCerts(Unknown Source)
	at java.base/sun.security.ssl.CertificateMessage$T13CertificateConsumer.onConsumeCertificate(Unknown Source)
	at java.base/sun.security.ssl.CertificateMessage$T13CertificateConsumer.consume(Unknown Source)
	at java.base/sun.security.ssl.SSLHandshake.consume(Unknown Source)
	at java.base/sun.security.ssl.HandshakeContext.dispatch(Unknown Source)
	at java.base/sun.security.ssl.HandshakeContext.dispatch(Unknown Source)
	at java.base/sun.security.ssl.TransportContext.dispatch(Unknown Source)
	at java.base/sun.security.ssl.SSLTransport.decode(Unknown Source)
	at java.base/sun.security.ssl.SSLSocketImpl.decode(Unknown Source)
	at java.base/sun.security.ssl.SSLSocketImpl.readHandshakeRecord(Unknown Source)
	at java.base/sun.security.ssl.SSLSocketImpl.startHandshake(Unknown Source)
	at java.base/sun.security.ssl.SSLSocketImpl.startHandshake(Unknown Source)
	at java.base/sun.net.www.protocol.https.HttpsClient.afterConnect(Unknown Source)
	at java.base/sun.net.www.protocol.https.AbstractDelegateHttpsURLConnection.connect(Unknown Source)
	at java.base/sun.net.www.protocol.https.HttpsURLConnectionImpl.connect(Unknown Source)
	at org.jkiss.dbeaver.runtime.WebUtils.openURLConnection(WebUtils.java:156)
	at org.jkiss.dbeaver.runtime.WebUtils.openURLConnection(WebUtils.java:88)
	at org.jkiss.dbeaver.runtime.WebUtils.openURLConnection(WebUtils.java:77)
	at org.jkiss.dbeaver.runtime.WebUtils.openConnection(WebUtils.java:59)
	at org.jkiss.dbeaver.runtime.WebUtils.openConnection(WebUtils.java:54)
	at org.jkiss.dbeaver.registry.updater.VersionDescriptor.<init>(VersionDescriptor.java:56)
	at org.jkiss.dbeaver.ui.app.standalone.update.DBeaverVersionChecker.run(DBeaverVersionChecker.java:127)
	at org.jkiss.dbeaver.model.runtime.AbstractJob.run(AbstractJob.java:110)
	at org.eclipse.core.internal.jobs.Worker.run(Worker.java:63)
Caused by: sun.security.validator.ValidatorException: PKIX path building failed: sun.security.provider.certpath.SunCertPathBuilderException: unable to find valid certification path to requested target
	at java.base/sun.security.validator.PKIXValidator.doBuild(Unknown Source)
	at java.base/sun.security.validator.PKIXValidator.engineValidate(Unknown Source)
	at java.base/sun.security.validator.Validator.validate(Unknown Source)
	at java.base/sun.security.ssl.X509TrustManagerImpl.checkTrusted(Unknown Source)
	at java.base/sun.security.ssl.X509TrustManagerImpl.checkServerTrusted(Unknown Source)
	... 24 more
Caused by: sun.security.provider.certpath.SunCertPathBuilderException: unable to find valid certification path to requested target
	at java.base/sun.security.provider.certpath.SunCertPathBuilder.build(Unknown Source)
	at java.base/sun.security.provider.certpath.SunCertPathBuilder.engineBuild(Unknown Source)
	at java.base/java.security.cert.CertPathBuilder.build(Unknown Source)
	... 29 more
2026-03-19 12:51:02.518 - Open [https://repo1.maven.org/maven2/com/github/waffle/waffle-jna/3.5.1/waffle-jna-3.5.1.pom]
2026-03-19 12:51:02.574 - Exception during a connection to https://repo1.maven.org/maven2/com/github/waffle/waffle-jna/3.5.1/waffle-jna-3.5.1.pom
javax.net.ssl.SSLHandshakeException: PKIX path building failed: sun.security.provider.certpath.SunCertPathBuilderException: unable to find valid certification path to requested target
	at java.base/sun.security.ssl.Alert.createSSLException(Unknown Source)
	at java.base/sun.security.ssl.TransportContext.fatal(Unknown Source)
	at java.base/sun.security.ssl.TransportContext.fatal(Unknown Source)
	at java.base/sun.security.ssl.TransportContext.fatal(Unknown Source)
	at java.base/sun.security.ssl.CertificateMessage$T13CertificateConsumer.checkServerCerts(Unknown Source)
	at java.base/sun.security.ssl.CertificateMessage$T13CertificateConsumer.onConsumeCertificate(Unknown Source)
	at java.base/sun.security.ssl.CertificateMessage$T13CertificateConsumer.consume(Unknown Source)
	at java.base/sun.security.ssl.SSLHandshake.consume(Unknown Source)
	at java.base/sun.security.ssl.HandshakeContext.dispatch(Unknown Source)
	at java.base/sun.security.ssl.HandshakeContext.dispatch(Unknown Source)
	at java.base/sun.security.ssl.TransportContext.dispatch(Unknown Source)
	at java.base/sun.security.ssl.SSLTransport.decode(Unknown Source)
	at java.base/sun.security.ssl.SSLSocketImpl.decode(Unknown Source)
	at java.base/sun.security.ssl.SSLSocketImpl.readHandshakeRecord(Unknown Source)
	at java.base/sun.security.ssl.SSLSocketImpl.startHandshake(Unknown Source)
	at java.base/sun.security.ssl.SSLSocketImpl.startHandshake(Unknown Source)
	at java.base/sun.net.www.protocol.https.HttpsClient.afterConnect(Unknown Source)
	at java.base/sun.net.www.protocol.https.AbstractDelegateHttpsURLConnection.connect(Unknown Source)
	at java.base/sun.net.www.protocol.https.HttpsURLConnectionImpl.connect(Unknown Source)
	at org.jkiss.dbeaver.runtime.WebUtils.openURLConnection(WebUtils.java:156)
	at org.jkiss.dbeaver.runtime.WebUtils.openConnection(WebUtils.java:64)
	at org.jkiss.dbeaver.registry.maven.MavenArtifactVersion.cachePOM(MavenArtifactVersion.java:281)
	at org.jkiss.dbeaver.registry.maven.MavenArtifactVersion.loadPOM(MavenArtifactVersion.java:302)
	at org.jkiss.dbeaver.registry.maven.MavenArtifactVersion.<init>(MavenArtifactVersion.java:107)
	at org.jkiss.dbeaver.registry.maven.MavenArtifact.makeLocalVersion(MavenArtifact.java:353)
	at org.jkiss.dbeaver.registry.maven.MavenArtifact.resolveVersion(MavenArtifact.java:435)
	at org.jkiss.dbeaver.registry.maven.MavenRepository.findArtifact(MavenRepository.java:206)
	at org.jkiss.dbeaver.registry.maven.MavenRegistry.findInRepositories(MavenRegistry.java:248)
	at org.jkiss.dbeaver.registry.maven.MavenRegistry.findArtifact(MavenRegistry.java:199)
	at org.jkiss.dbeaver.registry.driver.DriverLibraryMavenArtifact.getArtifactVersion(DriverLibraryMavenArtifact.java:216)
	at org.jkiss.dbeaver.registry.driver.DriverLibraryMavenArtifact.resolveLocalVersion(DriverLibraryMavenArtifact.java:354)
	at org.jkiss.dbeaver.registry.driver.DriverLibraryMavenArtifact.getDependencies(DriverLibraryMavenArtifact.java:256)
	at org.jkiss.dbeaver.registry.driver.DriverDependencies.resolveDependencies(DriverDependencies.java:107)
	at org.jkiss.dbeaver.registry.driver.DriverDependencies.resolveDependencies(DriverDependencies.java:57)
	at org.jkiss.dbeaver.ui.dialogs.driver.DriverDependenciesTree.lambda$loadLibDependencies$0(DriverDependenciesTree.java:132)
	at org.jkiss.dbeaver.runtime.RunnableContextDelegate.lambda$run$0(RunnableContextDelegate.java:39)
	at org.eclipse.jface.operation.ModalContext$ModalContextThread.run(ModalContext.java:123)
Caused by: sun.security.validator.ValidatorException: PKIX path building failed: sun.security.provider.certpath.SunCertPathBuilderException: unable to find valid certification path to requested target
	at java.base/sun.security.validator.PKIXValidator.doBuild(Unknown Source)
	at java.base/sun.security.validator.PKIXValidator.engineValidate(Unknown Source)
	at java.base/sun.security.validator.Validator.validate(Unknown Source)
	at java.base/sun.security.ssl.X509TrustManagerImpl.checkTrusted(Unknown Source)
	at java.base/sun.security.ssl.X509TrustManagerImpl.checkServerTrusted(Unknown Source)
	... 33 more
Caused by: sun.security.provider.certpath.SunCertPathBuilderException: unable to find valid certification path to requested target
	at java.base/sun.security.provider.certpath.SunCertPathBuilder.build(Unknown Source)
	at java.base/sun.security.provider.certpath.SunCertPathBuilder.engineBuild(Unknown Source)
	at java.base/java.security.cert.CertPathBuilder.build(Unknown Source)
	... 38 more
2026-03-19 12:51:02.582 - Error loading version info: Exception during a connection to https://repo1.maven.org/maven2/com/github/waffle/waffle-jna/3.5.1/waffle-jna-3.5.1.pom
2026-03-19 12:51:02.583 - Open [https://oss.sonatype.org/content/repositories/snapshots/com/github/waffle/waffle-jna/3.5.1/waffle-jna-3.5.1.pom]
2026-03-19 12:51:02.692 - Exception during a connection to https://oss.sonatype.org/content/repositories/snapshots/com/github/waffle/waffle-jna/3.5.1/waffle-jna-3.5.1.pom
javax.net.ssl.SSLHandshakeException: PKIX path building failed: sun.security.provider.certpath.SunCertPathBuilderException: unable to find valid certification path to requested target
	at java.base/sun.security.ssl.Alert.createSSLException(Unknown Source)
	at java.base/sun.security.ssl.TransportContext.fatal(Unknown Source)
	at java.base/sun.security.ssl.TransportContext.fatal(Unknown Source)
	at java.base/sun.security.ssl.TransportContext.fatal(Unknown Source)
	at java.base/sun.security.ssl.CertificateMessage$T13CertificateConsumer.checkServerCerts(Unknown Source)
	at java.base/sun.security.ssl.CertificateMessage$T13CertificateConsumer.onConsumeCertificate(Unknown Source)
	at java.base/sun.security.ssl.CertificateMessage$T13CertificateConsumer.consume(Unknown Source)
	at java.base/sun.security.ssl.SSLHandshake.consume(Unknown Source)
	at java.base/sun.security.ssl.HandshakeContext.dispatch(Unknown Source)
	at java.base/sun.security.ssl.HandshakeContext.dispatch(Unknown Source)
	at java.base/sun.security.ssl.TransportContext.dispatch(Unknown Source)
	at java.base/sun.security.ssl.SSLTransport.decode(Unknown Source)
	at java.base/sun.security.ssl.SSLSocketImpl.decode(Unknown Source)
	at java.base/sun.security.ssl.SSLSocketImpl.readHandshakeRecord(Unknown Source)
	at java.base/sun.security.ssl.SSLSocketImpl.startHandshake(Unknown Source)
	at java.base/sun.security.ssl.SSLSocketImpl.startHandshake(Unknown Source)
	at java.base/sun.net.www.protocol.https.HttpsClient.afterConnect(Unknown Source)
	at java.base/sun.net.www.protocol.https.AbstractDelegateHttpsURLConnection.connect(Unknown Source)
	at java.base/sun.net.www.protocol.https.HttpsURLConnectionImpl.connect(Unknown Source)
	at org.jkiss.dbeaver.runtime.WebUtils.openURLConnection(WebUtils.java:156)
	at org.jkiss.dbeaver.runtime.WebUtils.openConnection(WebUtils.java:64)
	at org.jkiss.dbeaver.registry.maven.MavenArtifactVersion.cachePOM(MavenArtifactVersion.java:281)
	at org.jkiss.dbeaver.registry.maven.MavenArtifactVersion.loadPOM(MavenArtifactVersion.java:302)
	at org.jkiss.dbeaver.registry.maven.MavenArtifactVersion.<init>(MavenArtifactVersion.java:107)
	at org.jkiss.dbeaver.registry.maven.MavenArtifact.makeLocalVersion(MavenArtifact.java:353)
	at org.jkiss.dbeaver.registry.maven.MavenArtifact.resolveVersion(MavenArtifact.java:435)
	at org.jkiss.dbeaver.registry.maven.MavenRepository.findArtifact(MavenRepository.java:206)
	at org.jkiss.dbeaver.registry.maven.MavenRegistry.findInRepositories(MavenRegistry.java:248)
	at org.jkiss.dbeaver.registry.maven.MavenRegistry.findArtifact(MavenRegistry.java:199)
	at org.jkiss.dbeaver.registry.driver.DriverLibraryMavenArtifact.getArtifactVersion(DriverLibraryMavenArtifact.java:216)
	at org.jkiss.dbeaver.registry.driver.DriverLibraryMavenArtifact.resolveLocalVersion(DriverLibraryMavenArtifact.java:354)
	at org.jkiss.dbeaver.registry.driver.DriverLibraryMavenArtifact.getDependencies(DriverLibraryMavenArtifact.java:256)
	at org.jkiss.dbeaver.registry.driver.DriverDependencies.resolveDependencies(DriverDependencies.java:107)
	at org.jkiss.dbeaver.registry.driver.DriverDependencies.resolveDependencies(DriverDependencies.java:57)
	at org.jkiss.dbeaver.ui.dialogs.driver.DriverDependenciesTree.lambda$loadLibDependencies$0(DriverDependenciesTree.java:132)
	at org.jkiss.dbeaver.runtime.RunnableContextDelegate.lambda$run$0(RunnableContextDelegate.java:39)
	at org.eclipse.jface.operation.ModalContext$ModalContextThread.run(ModalContext.java:123)
Caused by: sun.security.validator.ValidatorException: PKIX path building failed: sun.security.provider.certpath.SunCertPathBuilderException: unable to find valid certification path to requested target
	at java.base/sun.security.validator.PKIXValidator.doBuild(Unknown Source)
	at java.base/sun.security.validator.PKIXValidator.engineValidate(Unknown Source)
	at java.base/sun.security.validator.Validator.validate(Unknown Source)
	at java.base/sun.security.ssl.X509TrustManagerImpl.checkTrusted(Unknown Source)
	at java.base/sun.security.ssl.X509TrustManagerImpl.checkServerTrusted(Unknown Source)
	... 33 more
Caused by: sun.security.provider.certpath.SunCertPathBuilderException: unable to find valid certification path to requested target
	at java.base/sun.security.provider.certpath.SunCertPathBuilder.build(Unknown Source)
	at java.base/sun.security.provider.certpath.SunCertPathBuilder.engineBuild(Unknown Source)
	at java.base/java.security.cert.CertPathBuilder.build(Unknown Source)
	... 38 more
2026-03-19 12:51:02.702 - Error loading version info: Exception during a connection to https://oss.sonatype.org/content/repositories/snapshots/com/github/waffle/waffle-jna/3.5.1/waffle-jna-3.5.1.pom
2026-03-19 12:51:02.705 - Error loading version info: /m/pkg/dbeaver-26.0.0/dbeaver/maven-local/com/github/waffle/waffle-jna/3.5.1/waffle-jna-3.5.1.pom
2026-03-19 12:51:02.706 - Maven artifact 'com.github.waffle:waffle-jna:RELEASE' not found in any available repository.
2026-03-19 12:51:09.544 - Connect with 'portale_test_PSN' (postgres-jdbc-193011b0099-149d87679ff412c3)
> Start DBeaver Tasks - Native Tools UI [org.jkiss.dbeaver.tasks.native.ui 1.0.152.202603011816]
> Start DBeaver PostgreSQL UI [org.jkiss.dbeaver.ext.postgresql.ui 1.0.150.202603011816]
> Start DBeaver Tasks - General UI [org.jkiss.dbeaver.tasks.ui 1.0.152.202603011816]
> Start DBeaver GIS Support [org.jkiss.dbeaver.data.gis 1.0.198.202603011816]
2026-03-19 12:51:29.914 - Service 'org.jkiss.dbeaver.ui.UIServiceConnectionEditor' not found
2026-03-19 12:51:29.966 - Service 'org.jkiss.dbeaver.runtime.ui.UIServiceSecurity' not found
2026-03-19 12:52:50.566 - Open [https://repo1.maven.org/maven2/com/github/waffle/waffle-jna/maven-metadata.xml]
2026-03-19 12:52:50.698 - Exception during a connection to https://repo1.maven.org/maven2/com/github/waffle/waffle-jna/maven-metadata.xml
javax.net.ssl.SSLHandshakeException: PKIX path building failed: sun.security.provider.certpath.SunCertPathBuilderException: unable to find valid certification path to requested target
	at java.base/sun.security.ssl.Alert.createSSLException(Unknown Source)
	at java.base/sun.security.ssl.TransportContext.fatal(Unknown Source)
	at java.base/sun.security.ssl.TransportContext.fatal(Unknown Source)
	at java.base/sun.security.ssl.TransportContext.fatal(Unknown Source)
	at java.base/sun.security.ssl.CertificateMessage$T13CertificateConsumer.checkServerCerts(Unknown Source)
	at java.base/sun.security.ssl.CertificateMessage$T13CertificateConsumer.onConsumeCertificate(Unknown Source)
	at java.base/sun.security.ssl.CertificateMessage$T13CertificateConsumer.consume(Unknown Source)
	at java.base/sun.security.ssl.SSLHandshake.consume(Unknown Source)
	at java.base/sun.security.ssl.HandshakeContext.dispatch(Unknown Source)
	at java.base/sun.security.ssl.HandshakeContext.dispatch(Unknown Source)
	at java.base/sun.security.ssl.TransportContext.dispatch(Unknown Source)
	at java.base/sun.security.ssl.SSLTransport.decode(Unknown Source)
	at java.base/sun.security.ssl.SSLSocketImpl.decode(Unknown Source)
	at java.base/sun.security.ssl.SSLSocketImpl.readHandshakeRecord(Unknown Source)
	at java.base/sun.security.ssl.SSLSocketImpl.startHandshake(Unknown Source)
	at java.base/sun.security.ssl.SSLSocketImpl.startHandshake(Unknown Source)
	at java.base/sun.net.www.protocol.https.HttpsClient.afterConnect(Unknown Source)
	at java.base/sun.net.www.protocol.https.AbstractDelegateHttpsURLConnection.connect(Unknown Source)
	at java.base/sun.net.www.protocol.https.HttpsURLConnectionImpl.connect(Unknown Source)
	at org.jkiss.dbeaver.runtime.WebUtils.openURLConnection(WebUtils.java:156)
	at org.jkiss.dbeaver.runtime.WebUtils.openConnection(WebUtils.java:64)
	at org.jkiss.dbeaver.registry.maven.MavenArtifact.loadMetadata(MavenArtifact.java:111)
	at org.jkiss.dbeaver.registry.maven.MavenArtifact.getAvailableVersions(MavenArtifact.java:258)
	at org.jkiss.dbeaver.registry.driver.DriverLibraryMavenArtifact.getAvailableVersions(DriverLibraryMavenArtifact.java:157)
	at org.jkiss.dbeaver.ui.dialogs.driver.DriverDependenciesTree.lambda$showVersionEditor$1(DriverDependenciesTree.java:299)
	at org.jkiss.dbeaver.runtime.RunnableContextDelegate.lambda$run$0(RunnableContextDelegate.java:39)
	at org.eclipse.jface.operation.ModalContext$ModalContextThread.run(ModalContext.java:123)
Caused by: sun.security.validator.ValidatorException: PKIX path building failed: sun.security.provider.certpath.SunCertPathBuilderException: unable to find valid certification path to requested target
	at java.base/sun.security.validator.PKIXValidator.doBuild(Unknown Source)
	at java.base/sun.security.validator.PKIXValidator.engineValidate(Unknown Source)
	at java.base/sun.security.validator.Validator.validate(Unknown Source)
	at java.base/sun.security.ssl.X509TrustManagerImpl.checkTrusted(Unknown Source)
	at java.base/sun.security.ssl.X509TrustManagerImpl.checkServerTrusted(Unknown Source)
	... 23 more
Caused by: sun.security.provider.certpath.SunCertPathBuilderException: unable to find valid certification path to requested target
	at java.base/sun.security.provider.certpath.SunCertPathBuilder.build(Unknown Source)
	at java.base/sun.security.provider.certpath.SunCertPathBuilder.engineBuild(Unknown Source)
	at java.base/java.security.cert.CertPathBuilder.build(Unknown Source)
	... 28 more
2026-03-19 12:52:50.699 - Open [https://repo1.maven.org/maven2/com/github/waffle/waffle-jna/]
2026-03-19 12:52:50.741 - Exception during a connection to https://repo1.maven.org/maven2/com/github/waffle/waffle-jna/
javax.net.ssl.SSLHandshakeException: PKIX path building failed: sun.security.provider.certpath.SunCertPathBuilderException: unable to find valid certification path to requested target
	at java.base/sun.security.ssl.Alert.createSSLException(Unknown Source)
	at java.base/sun.security.ssl.TransportContext.fatal(Unknown Source)
	at java.base/sun.security.ssl.TransportContext.fatal(Unknown Source)
	at java.base/sun.security.ssl.TransportContext.fatal(Unknown Source)
	at java.base/sun.security.ssl.CertificateMessage$T13CertificateConsumer.checkServerCerts(Unknown Source)
	at java.base/sun.security.ssl.CertificateMessage$T13CertificateConsumer.onConsumeCertificate(Unknown Source)
	at java.base/sun.security.ssl.CertificateMessage$T13CertificateConsumer.consume(Unknown Source)
	at java.base/sun.security.ssl.SSLHandshake.consume(Unknown Source)
	at java.base/sun.security.ssl.HandshakeContext.dispatch(Unknown Source)
	at java.base/sun.security.ssl.HandshakeContext.dispatch(Unknown Source)
	at java.base/sun.security.ssl.TransportContext.dispatch(Unknown Source)
	at java.base/sun.security.ssl.SSLTransport.decode(Unknown Source)
	at java.base/sun.security.ssl.SSLSocketImpl.decode(Unknown Source)
	at java.base/sun.security.ssl.SSLSocketImpl.readHandshakeRecord(Unknown Source)
	at java.base/sun.security.ssl.SSLSocketImpl.startHandshake(Unknown Source)
	at java.base/sun.security.ssl.SSLSocketImpl.startHandshake(Unknown Source)
	at java.base/sun.net.www.protocol.https.HttpsClient.afterConnect(Unknown Source)
	at java.base/sun.net.www.protocol.https.AbstractDelegateHttpsURLConnection.connect(Unknown Source)
	at java.base/sun.net.www.protocol.https.HttpsURLConnectionImpl.connect(Unknown Source)
	at org.jkiss.dbeaver.runtime.WebUtils.openURLConnection(WebUtils.java:156)
	at org.jkiss.dbeaver.runtime.WebUtils.openConnection(WebUtils.java:64)
	at org.jkiss.dbeaver.registry.maven.MavenArtifact.loadMetadata(MavenArtifact.java:117)
	at org.jkiss.dbeaver.registry.maven.MavenArtifact.getAvailableVersions(MavenArtifact.java:258)
	at org.jkiss.dbeaver.registry.driver.DriverLibraryMavenArtifact.getAvailableVersions(DriverLibraryMavenArtifact.java:157)
	at org.jkiss.dbeaver.ui.dialogs.driver.DriverDependenciesTree.lambda$showVersionEditor$1(DriverDependenciesTree.java:299)
	at org.jkiss.dbeaver.runtime.RunnableContextDelegate.lambda$run$0(RunnableContextDelegate.java:39)
	at org.eclipse.jface.operation.ModalContext$ModalContextThread.run(ModalContext.java:123)
Caused by: sun.security.validator.ValidatorException: PKIX path building failed: sun.security.provider.certpath.SunCertPathBuilderException: unable to find valid certification path to requested target
	at java.base/sun.security.validator.PKIXValidator.doBuild(Unknown Source)
	at java.base/sun.security.validator.PKIXValidator.engineValidate(Unknown Source)
	at java.base/sun.security.validator.Validator.validate(Unknown Source)
	at java.base/sun.security.ssl.X509TrustManagerImpl.checkTrusted(Unknown Source)
	at java.base/sun.security.ssl.X509TrustManagerImpl.checkServerTrusted(Unknown Source)
	... 23 more
Caused by: sun.security.provider.certpath.SunCertPathBuilderException: unable to find valid certification path to requested target
	at java.base/sun.security.provider.certpath.SunCertPathBuilder.build(Unknown Source)
	at java.base/sun.security.provider.certpath.SunCertPathBuilder.engineBuild(Unknown Source)
	at java.base/java.security.cert.CertPathBuilder.build(Unknown Source)
	... 28 more
2026-03-19 12:53:44.820 - Open [https://repo1.maven.org/maven2/org/postgresql/postgresql/42.7.2/postgresql-42.7.2.jar]
2026-03-19 12:53:44.941 - Exception during a connection to https://repo1.maven.org/maven2/org/postgresql/postgresql/42.7.2/postgresql-42.7.2.jar
javax.net.ssl.SSLHandshakeException: PKIX path building failed: sun.security.provider.certpath.SunCertPathBuilderException: unable to find valid certification path to requested target
	at java.base/sun.security.ssl.Alert.createSSLException(Unknown Source)
	at java.base/sun.security.ssl.TransportContext.fatal(Unknown Source)
	at java.base/sun.security.ssl.TransportContext.fatal(Unknown Source)
	at java.base/sun.security.ssl.TransportContext.fatal(Unknown Source)
	at java.base/sun.security.ssl.CertificateMessage$T13CertificateConsumer.checkServerCerts(Unknown Source)
	at java.base/sun.security.ssl.CertificateMessage$T13CertificateConsumer.onConsumeCertificate(Unknown Source)
	at java.base/sun.security.ssl.CertificateMessage$T13CertificateConsumer.consume(Unknown Source)
	at java.base/sun.security.ssl.SSLHandshake.consume(Unknown Source)
	at java.base/sun.security.ssl.HandshakeContext.dispatch(Unknown Source)
	at java.base/sun.security.ssl.HandshakeContext.dispatch(Unknown Source)
	at java.base/sun.security.ssl.TransportContext.dispatch(Unknown Source)
	at java.base/sun.security.ssl.SSLTransport.decode(Unknown Source)
	at java.base/sun.security.ssl.SSLSocketImpl.decode(Unknown Source)
	at java.base/sun.security.ssl.SSLSocketImpl.readHandshakeRecord(Unknown Source)
	at java.base/sun.security.ssl.SSLSocketImpl.startHandshake(Unknown Source)
	at java.base/sun.security.ssl.SSLSocketImpl.startHandshake(Unknown Source)
	at java.base/sun.net.www.protocol.https.HttpsClient.afterConnect(Unknown Source)
	at java.base/sun.net.www.protocol.https.AbstractDelegateHttpsURLConnection.connect(Unknown Source)
	at java.base/sun.net.www.protocol.https.HttpsURLConnectionImpl.connect(Unknown Source)
	at org.jkiss.dbeaver.runtime.WebUtils.openURLConnection(WebUtils.java:156)
	at org.jkiss.dbeaver.runtime.WebUtils.openURLConnection(WebUtils.java:88)
	at org.jkiss.dbeaver.runtime.WebUtils.openURLConnection(WebUtils.java:77)
	at org.jkiss.dbeaver.runtime.WebUtils.openConnection(WebUtils.java:59)
	at org.jkiss.dbeaver.runtime.WebUtils.downloadRemoteFile(WebUtils.java:201)
	at org.jkiss.dbeaver.runtime.WebUtils.downloadRemoteFile(WebUtils.java:190)
	at org.jkiss.dbeaver.registry.driver.DriverLibraryAbstract.downloadLibraryFile(DriverLibraryAbstract.java:260)
	at org.jkiss.dbeaver.registry.driver.DriverLibraryMavenArtifact.downloadLibraryFile(DriverLibraryMavenArtifact.java:330)
	at org.jkiss.dbeaver.ui.dialogs.driver.DriverDownloadAutoPage.downloadLibraryFiles(DriverDownloadAutoPage.java:306)
	at org.jkiss.dbeaver.ui.dialogs.driver.DriverDownloadAutoPage.lambda$performFinish$0(DriverDownloadAutoPage.java:130)
	at org.eclipse.jface.operation.ModalContext$ModalContextThread.run(ModalContext.java:123)
Caused by: sun.security.validator.ValidatorException: PKIX path building failed: sun.security.provider.certpath.SunCertPathBuilderException: unable to find valid certification path to requested target
	at java.base/sun.security.validator.PKIXValidator.doBuild(Unknown Source)
	at java.base/sun.security.validator.PKIXValidator.engineValidate(Unknown Source)
	at java.base/sun.security.validator.Validator.validate(Unknown Source)
	at java.base/sun.security.ssl.X509TrustManagerImpl.checkTrusted(Unknown Source)
	at java.base/sun.security.ssl.X509TrustManagerImpl.checkServerTrusted(Unknown Source)
	... 26 more
Caused by: sun.security.provider.certpath.SunCertPathBuilderException: unable to find valid certification path to requested target
	at java.base/sun.security.provider.certpath.SunCertPathBuilder.build(Unknown Source)
	at java.base/sun.security.provider.certpath.SunCertPathBuilder.engineBuild(Unknown Source)
	at java.base/java.security.cert.CertPathBuilder.build(Unknown Source)
	... 31 more
2026-03-19 12:53:50.394 - Open [https://repo1.maven.org/maven2/org/checkerframework/checker-qual/3.42.0/checker-qual-3.42.0.jar]
2026-03-19 12:53:50.441 - Exception during a connection to https://repo1.maven.org/maven2/org/checkerframework/checker-qual/3.42.0/checker-qual-3.42.0.jar
javax.net.ssl.SSLHandshakeException: PKIX path building failed: sun.security.provider.certpath.SunCertPathBuilderException: unable to find valid certification path to requested target
	at java.base/sun.security.ssl.Alert.createSSLException(Unknown Source)
	at java.base/sun.security.ssl.TransportContext.fatal(Unknown Source)
	at java.base/sun.security.ssl.TransportContext.fatal(Unknown Source)
	at java.base/sun.security.ssl.TransportContext.fatal(Unknown Source)
	at java.base/sun.security.ssl.CertificateMessage$T13CertificateConsumer.checkServerCerts(Unknown Source)
	at java.base/sun.security.ssl.CertificateMessage$T13CertificateConsumer.onConsumeCertificate(Unknown Source)
	at java.base/sun.security.ssl.CertificateMessage$T13CertificateConsumer.consume(Unknown Source)
	at java.base/sun.security.ssl.SSLHandshake.consume(Unknown Source)
	at java.base/sun.security.ssl.HandshakeContext.dispatch(Unknown Source)
	at java.base/sun.security.ssl.HandshakeContext.dispatch(Unknown Source)
	at java.base/sun.security.ssl.TransportContext.dispatch(Unknown Source)
	at java.base/sun.security.ssl.SSLTransport.decode(Unknown Source)
	at java.base/sun.security.ssl.SSLSocketImpl.decode(Unknown Source)
	at java.base/sun.security.ssl.SSLSocketImpl.readHandshakeRecord(Unknown Source)
	at java.base/sun.security.ssl.SSLSocketImpl.startHandshake(Unknown Source)
	at java.base/sun.security.ssl.SSLSocketImpl.startHandshake(Unknown Source)
	at java.base/sun.net.www.protocol.https.HttpsClient.afterConnect(Unknown Source)
	at java.base/sun.net.www.protocol.https.AbstractDelegateHttpsURLConnection.connect(Unknown Source)
	at java.base/sun.net.www.protocol.https.HttpsURLConnectionImpl.connect(Unknown Source)
	at org.jkiss.dbeaver.runtime.WebUtils.openURLConnection(WebUtils.java:156)
	at org.jkiss.dbeaver.runtime.WebUtils.openURLConnection(WebUtils.java:88)
	at org.jkiss.dbeaver.runtime.WebUtils.openURLConnection(WebUtils.java:77)
	at org.jkiss.dbeaver.runtime.WebUtils.openConnection(WebUtils.java:59)
	at org.jkiss.dbeaver.runtime.WebUtils.downloadRemoteFile(WebUtils.java:201)
	at org.jkiss.dbeaver.runtime.WebUtils.downloadRemoteFile(WebUtils.java:190)
	at org.jkiss.dbeaver.registry.driver.DriverLibraryAbstract.downloadLibraryFile(DriverLibraryAbstract.java:260)
	at org.jkiss.dbeaver.registry.driver.DriverLibraryMavenArtifact.downloadLibraryFile(DriverLibraryMavenArtifact.java:330)
	at org.jkiss.dbeaver.ui.dialogs.driver.DriverDownloadAutoPage.downloadLibraryFiles(DriverDownloadAutoPage.java:306)
	at org.jkiss.dbeaver.ui.dialogs.driver.DriverDownloadAutoPage.lambda$performFinish$0(DriverDownloadAutoPage.java:130)
	at org.eclipse.jface.operation.ModalContext$ModalContextThread.run(ModalContext.java:123)
Caused by: sun.security.validator.ValidatorException: PKIX path building failed: sun.security.provider.certpath.SunCertPathBuilderException: unable to find valid certification path to requested target
	at java.base/sun.security.validator.PKIXValidator.doBuild(Unknown Source)
	at java.base/sun.security.validator.PKIXValidator.engineValidate(Unknown Source)
	at java.base/sun.security.validator.Validator.validate(Unknown Source)
	at java.base/sun.security.ssl.X509TrustManagerImpl.checkTrusted(Unknown Source)
	at java.base/sun.security.ssl.X509TrustManagerImpl.checkServerTrusted(Unknown Source)
	... 26 more
Caused by: sun.security.provider.certpath.SunCertPathBuilderException: unable to find valid certification path to requested target
	at java.base/sun.security.provider.certpath.SunCertPathBuilder.build(Unknown Source)
	at java.base/sun.security.provider.certpath.SunCertPathBuilder.engineBuild(Unknown Source)
	at java.base/java.security.cert.CertPathBuilder.build(Unknown Source)
	... 31 more
2026-03-19 12:53:51.388 - Open [https://repo1.maven.org/maven2/net/postgis/postgis-jdbc/2.5.0/postgis-jdbc-2.5.0.jar]
2026-03-19 12:53:51.428 - Exception during a connection to https://repo1.maven.org/maven2/net/postgis/postgis-jdbc/2.5.0/postgis-jdbc-2.5.0.jar
javax.net.ssl.SSLHandshakeException: PKIX path building failed: sun.security.provider.certpath.SunCertPathBuilderException: unable to find valid certification path to requested target
	at java.base/sun.security.ssl.Alert.createSSLException(Unknown Source)
	at java.base/sun.security.ssl.TransportContext.fatal(Unknown Source)
	at java.base/sun.security.ssl.TransportContext.fatal(Unknown Source)
	at java.base/sun.security.ssl.TransportContext.fatal(Unknown Source)
	at java.base/sun.security.ssl.CertificateMessage$T13CertificateConsumer.checkServerCerts(Unknown Source)
	at java.base/sun.security.ssl.CertificateMessage$T13CertificateConsumer.onConsumeCertificate(Unknown Source)
	at java.base/sun.security.ssl.CertificateMessage$T13CertificateConsumer.consume(Unknown Source)
	at java.base/sun.security.ssl.SSLHandshake.consume(Unknown Source)
	at java.base/sun.security.ssl.HandshakeContext.dispatch(Unknown Source)
	at java.base/sun.security.ssl.HandshakeContext.dispatch(Unknown Source)
	at java.base/sun.security.ssl.TransportContext.dispatch(Unknown Source)
	at java.base/sun.security.ssl.SSLTransport.decode(Unknown Source)
	at java.base/sun.security.ssl.SSLSocketImpl.decode(Unknown Source)
	at java.base/sun.security.ssl.SSLSocketImpl.readHandshakeRecord(Unknown Source)
	at java.base/sun.security.ssl.SSLSocketImpl.startHandshake(Unknown Source)
	at java.base/sun.security.ssl.SSLSocketImpl.startHandshake(Unknown Source)
	at java.base/sun.net.www.protocol.https.HttpsClient.afterConnect(Unknown Source)
	at java.base/sun.net.www.protocol.https.AbstractDelegateHttpsURLConnection.connect(Unknown Source)
	at java.base/sun.net.www.protocol.https.HttpsURLConnectionImpl.connect(Unknown Source)
	at org.jkiss.dbeaver.runtime.WebUtils.openURLConnection(WebUtils.java:156)
	at org.jkiss.dbeaver.runtime.WebUtils.openURLConnection(WebUtils.java:88)
	at org.jkiss.dbeaver.runtime.WebUtils.openURLConnection(WebUtils.java:77)
	at org.jkiss.dbeaver.runtime.WebUtils.openConnection(WebUtils.java:59)
	at org.jkiss.dbeaver.runtime.WebUtils.downloadRemoteFile(WebUtils.java:201)
	at org.jkiss.dbeaver.runtime.WebUtils.downloadRemoteFile(WebUtils.java:190)
	at org.jkiss.dbeaver.registry.driver.DriverLibraryAbstract.downloadLibraryFile(DriverLibraryAbstract.java:260)
	at org.jkiss.dbeaver.registry.driver.DriverLibraryMavenArtifact.downloadLibraryFile(DriverLibraryMavenArtifact.java:330)
	at org.jkiss.dbeaver.ui.dialogs.driver.DriverDownloadAutoPage.downloadLibraryFiles(DriverDownloadAutoPage.java:306)
	at org.jkiss.dbeaver.ui.dialogs.driver.DriverDownloadAutoPage.lambda$performFinish$0(DriverDownloadAutoPage.java:130)
	at org.eclipse.jface.operation.ModalContext$ModalContextThread.run(ModalContext.java:123)
Caused by: sun.security.validator.ValidatorException: PKIX path building failed: sun.security.provider.certpath.SunCertPathBuilderException: unable to find valid certification path to requested target
	at java.base/sun.security.validator.PKIXValidator.doBuild(Unknown Source)
	at java.base/sun.security.validator.PKIXValidator.engineValidate(Unknown Source)
	at java.base/sun.security.validator.Validator.validate(Unknown Source)
	at java.base/sun.security.ssl.X509TrustManagerImpl.checkTrusted(Unknown Source)
	at java.base/sun.security.ssl.X509TrustManagerImpl.checkServerTrusted(Unknown Source)
	... 26 more
Caused by: sun.security.provider.certpath.SunCertPathBuilderException: unable to find valid certification path to requested target
	at java.base/sun.security.provider.certpath.SunCertPathBuilder.build(Unknown Source)
	at java.base/sun.security.provider.certpath.SunCertPathBuilder.engineBuild(Unknown Source)
	at java.base/java.security.cert.CertPathBuilder.build(Unknown Source)
	... 31 more
2026-03-19 12:53:52.521 - Open [https://repo1.maven.org/maven2/net/postgis/postgis-geometry/2.5.0/postgis-geometry-2.5.0.jar]
2026-03-19 12:53:52.568 - Exception during a connection to https://repo1.maven.org/maven2/net/postgis/postgis-geometry/2.5.0/postgis-geometry-2.5.0.jar
javax.net.ssl.SSLHandshakeException: PKIX path building failed: sun.security.provider.certpath.SunCertPathBuilderException: unable to find valid certification path to requested target
	at java.base/sun.security.ssl.Alert.createSSLException(Unknown Source)
	at java.base/sun.security.ssl.TransportContext.fatal(Unknown Source)
	at java.base/sun.security.ssl.TransportContext.fatal(Unknown Source)
	at java.base/sun.security.ssl.TransportContext.fatal(Unknown Source)
	at java.base/sun.security.ssl.CertificateMessage$T13CertificateConsumer.checkServerCerts(Unknown Source)
	at java.base/sun.security.ssl.CertificateMessage$T13CertificateConsumer.onConsumeCertificate(Unknown Source)
	at java.base/sun.security.ssl.CertificateMessage$T13CertificateConsumer.consume(Unknown Source)
	at java.base/sun.security.ssl.SSLHandshake.consume(Unknown Source)
	at java.base/sun.security.ssl.HandshakeContext.dispatch(Unknown Source)
	at java.base/sun.security.ssl.HandshakeContext.dispatch(Unknown Source)
	at java.base/sun.security.ssl.TransportContext.dispatch(Unknown Source)
	at java.base/sun.security.ssl.SSLTransport.decode(Unknown Source)
	at java.base/sun.security.ssl.SSLSocketImpl.decode(Unknown Source)
	at java.base/sun.security.ssl.SSLSocketImpl.readHandshakeRecord(Unknown Source)
	at java.base/sun.security.ssl.SSLSocketImpl.startHandshake(Unknown Source)
	at java.base/sun.security.ssl.SSLSocketImpl.startHandshake(Unknown Source)
	at java.base/sun.net.www.protocol.https.HttpsClient.afterConnect(Unknown Source)
	at java.base/sun.net.www.protocol.https.AbstractDelegateHttpsURLConnection.connect(Unknown Source)
	at java.base/sun.net.www.protocol.https.HttpsURLConnectionImpl.connect(Unknown Source)
	at org.jkiss.dbeaver.runtime.WebUtils.openURLConnection(WebUtils.java:156)
	at org.jkiss.dbeaver.runtime.WebUtils.openURLConnection(WebUtils.java:88)
	at org.jkiss.dbeaver.runtime.WebUtils.openURLConnection(WebUtils.java:77)
	at org.jkiss.dbeaver.runtime.WebUtils.openConnection(WebUtils.java:59)
	at org.jkiss.dbeaver.runtime.WebUtils.downloadRemoteFile(WebUtils.java:201)
	at org.jkiss.dbeaver.runtime.WebUtils.downloadRemoteFile(WebUtils.java:190)
	at org.jkiss.dbeaver.registry.driver.DriverLibraryAbstract.downloadLibraryFile(DriverLibraryAbstract.java:260)
	at org.jkiss.dbeaver.registry.driver.DriverLibraryMavenArtifact.downloadLibraryFile(DriverLibraryMavenArtifact.java:330)
	at org.jkiss.dbeaver.ui.dialogs.driver.DriverDownloadAutoPage.downloadLibraryFiles(DriverDownloadAutoPage.java:306)
	at org.jkiss.dbeaver.ui.dialogs.driver.DriverDownloadAutoPage.lambda$performFinish$0(DriverDownloadAutoPage.java:130)
	at org.eclipse.jface.operation.ModalContext$ModalContextThread.run(ModalContext.java:123)
Caused by: sun.security.validator.ValidatorException: PKIX path building failed: sun.security.provider.certpath.SunCertPathBuilderException: unable to find valid certification path to requested target
	at java.base/sun.security.validator.PKIXValidator.doBuild(Unknown Source)
	at java.base/sun.security.validator.PKIXValidator.engineValidate(Unknown Source)
	at java.base/sun.security.validator.Validator.validate(Unknown Source)
	at java.base/sun.security.ssl.X509TrustManagerImpl.checkTrusted(Unknown Source)
	at java.base/sun.security.ssl.X509TrustManagerImpl.checkServerTrusted(Unknown Source)
	... 26 more
Caused by: sun.security.provider.certpath.SunCertPathBuilderException: unable to find valid certification path to requested target
	at java.base/sun.security.provider.certpath.SunCertPathBuilder.build(Unknown Source)
	at java.base/sun.security.provider.certpath.SunCertPathBuilder.engineBuild(Unknown Source)
	at java.base/java.security.cert.CertPathBuilder.build(Unknown Source)
	... 31 more
2026-03-19 12:54:11.569 - Dispose navigator model
2026-03-19 12:54:11.677 - DBeaver is stopping
2026-03-19 12:54:11.679 - Stop instance server
2026-03-19 12:54:12.685 - Instance server has been stopped
2026-03-19 12:54:12.686 - DBeaver shutdown completed
2026-03-19 12:54:12.717 - Shutdown desktop platform...
2026-03-19 12:54:12.718 - Send collected statistics
2026-03-19 12:54:12.720 - Open [https://stats.dbeaver.com/send-statistics?session=8e9b1be8-def0-42df-a17a-868990d34355&time=1773921063]
2026-03-19 12:54:12.943 - Error sending statistics file '/home/mnardi/.local/share/DBeaverData/workspace6/.metadata/.activity-logs/1773921063_8e9b1be8-def0-42df-a17a-868990d34355.log'.
javax.net.ssl.SSLHandshakeException: PKIX path building failed: sun.security.provider.certpath.SunCertPathBuilderException: unable to find valid certification path to requested target
	at java.base/sun.security.ssl.Alert.createSSLException(Unknown Source)
	at java.base/sun.security.ssl.TransportContext.fatal(Unknown Source)
	at java.base/sun.security.ssl.TransportContext.fatal(Unknown Source)
	at java.base/sun.security.ssl.TransportContext.fatal(Unknown Source)
	at java.base/sun.security.ssl.CertificateMessage$T13CertificateConsumer.checkServerCerts(Unknown Source)
	at java.base/sun.security.ssl.CertificateMessage$T13CertificateConsumer.onConsumeCertificate(Unknown Source)
	at java.base/sun.security.ssl.CertificateMessage$T13CertificateConsumer.consume(Unknown Source)
	at java.base/sun.security.ssl.SSLHandshake.consume(Unknown Source)
	at java.base/sun.security.ssl.HandshakeContext.dispatch(Unknown Source)
	at java.base/sun.security.ssl.HandshakeContext.dispatch(Unknown Source)
	at java.base/sun.security.ssl.TransportContext.dispatch(Unknown Source)
	at java.base/sun.security.ssl.SSLTransport.decode(Unknown Source)
	at java.base/sun.security.ssl.SSLSocketImpl.decode(Unknown Source)
	at java.base/sun.security.ssl.SSLSocketImpl.readHandshakeRecord(Unknown Source)
	at java.base/sun.security.ssl.SSLSocketImpl.startHandshake(Unknown Source)
	at java.base/sun.security.ssl.SSLSocketImpl.startHandshake(Unknown Source)
	at java.base/sun.net.www.protocol.https.HttpsClient.afterConnect(Unknown Source)
	at java.base/sun.net.www.protocol.https.AbstractDelegateHttpsURLConnection.connect(Unknown Source)
	at java.base/sun.net.www.protocol.http.HttpURLConnection.getOutputStream0(Unknown Source)
	at java.base/sun.net.www.protocol.http.HttpURLConnection.getOutputStream(Unknown Source)
	at java.base/sun.net.www.protocol.https.HttpsURLConnectionImpl.getOutputStream(Unknown Source)
	at org.jkiss.dbeaver.ui.statistics.StatisticsTransmitter.sendLogFile(StatisticsTransmitter.java:153)
	at org.jkiss.dbeaver.ui.statistics.StatisticsTransmitter.sendStatistics(StatisticsTransmitter.java:106)
	at org.jkiss.dbeaver.ui.statistics.StatisticsTransmitter.send(StatisticsTransmitter.java:79)
	at org.jkiss.dbeaver.ui.statistics.FeatureStatisticsCollector.sendCollectedStatistics(FeatureStatisticsCollector.java:216)
	at org.jkiss.dbeaver.ui.statistics.FeatureStatisticsCollector.dispose(FeatureStatisticsCollector.java:210)
	at org.jkiss.dbeaver.model.runtime.features.DBRFeatureRegistry.endTracking(DBRFeatureRegistry.java:61)
	at org.jkiss.dbeaver.core.DesktopPlatform.dispose(DesktopPlatform.java:141)
	at org.jkiss.dbeaver.core.DBeaverActivator.shutdownCore(DBeaverActivator.java:137)
	at org.jkiss.dbeaver.core.DBeaverActivator.stop(DBeaverActivator.java:99)
	at org.eclipse.osgi.internal.framework.BundleContextImpl$3.run(BundleContextImpl.java:908)
	at org.eclipse.osgi.internal.framework.BundleContextImpl$3.run(BundleContextImpl.java:1)
	at java.base/java.security.AccessController.doPrivileged(Unknown Source)
	at org.eclipse.osgi.internal.framework.BundleContextImpl.stop(BundleContextImpl.java:900)
	at org.eclipse.osgi.internal.framework.EquinoxBundle.stopWorker0(EquinoxBundle.java:1096)
	at org.eclipse.osgi.internal.framework.EquinoxBundle$EquinoxModule.stopWorker(EquinoxBundle.java:399)
	at org.eclipse.osgi.container.Module.doStop(Module.java:699)
	at org.eclipse.osgi.container.Module.stop(Module.java:557)
	at org.eclipse.osgi.container.ModuleContainer$ContainerStartLevel.decStartLevel(ModuleContainer.java:2153)
	at org.eclipse.osgi.container.ModuleContainer$ContainerStartLevel.doContainerStartLevel(ModuleContainer.java:2022)
	at org.eclipse.osgi.container.SystemModule.stopWorker(SystemModule.java:281)
	at org.eclipse.osgi.internal.framework.EquinoxBundle$SystemBundle$EquinoxSystemModule.stopWorker(EquinoxBundle.java:225)
	at org.eclipse.osgi.container.Module.doStop(Module.java:699)
	at org.eclipse.osgi.container.Module.stop(Module.java:557)
	at org.eclipse.osgi.container.SystemModule.stop(SystemModule.java:212)
	at org.eclipse.osgi.internal.framework.EquinoxBundle$SystemBundle$EquinoxSystemModule$1.run(EquinoxBundle.java:244)
	at java.base/java.lang.Thread.run(Unknown Source)
Caused by: sun.security.validator.ValidatorException: PKIX path building failed: sun.security.provider.certpath.SunCertPathBuilderException: unable to find valid certification path to requested target
	at java.base/sun.security.validator.PKIXValidator.doBuild(Unknown Source)
	at java.base/sun.security.validator.PKIXValidator.engineValidate(Unknown Source)
	at java.base/sun.security.validator.Validator.validate(Unknown Source)
	at java.base/sun.security.ssl.X509TrustManagerImpl.checkTrusted(Unknown Source)
	at java.base/sun.security.ssl.X509TrustManagerImpl.checkServerTrusted(Unknown Source)
	... 43 more
Caused by: sun.security.provider.certpath.SunCertPathBuilderException: unable to find valid certification path to requested target
	at java.base/sun.security.provider.certpath.SunCertPathBuilder.build(Unknown Source)
	at java.base/sun.security.provider.certpath.SunCertPathBuilder.engineBuild(Unknown Source)
	at java.base/java.security.cert.CertPathBuilder.build(Unknown Source)
	... 48 more
2026-03-19 12:54:12.996 - Platform shutdown completed (276ms)
