2026-03-16 07:36:28.593 - DBeaver 25.3.0.202511301802 is starting
2026-03-16 07:36:28.593 - OS: Linux 6.17.0-19-generic (amd64)
2026-03-16 07:36:28.593 - Java version: 21.0.8 by Eclipse Adoptium (64bit)
2026-03-16 07:36:28.593 - Install path: '/snap/dbeaver-ce/418/usr/share/dbeaver-ce'
2026-03-16 07:36:28.594 - Instance path: 'file:/home/mnardi/snap/dbeaver-ce/418/.local/share/DBeaverData/workspace6/'
2026-03-16 07:36:28.595 - Memory available 64Mb/1024Mb
2026-03-16 07:36:28.607 - Create display
SWT SessionManagerDBus: Failed to RegisterClient: GDBus.Error:org.freedesktop.DBus.Error.AccessDenied: An AppArmor policy prevents this sender from sending this message to this recipient; type="method_call", sender=":1.120" (uid=1003 pid=4866 comm="/snap/dbeaver-ce/418/usr/share/dbeaver-ce/jre/bin/" label="snap.dbeaver-ce.dbeaver-ce (enforce)") interface="org.gnome.SessionManager" member="RegisterClient" error name="(unset)" requested_reply="0" destination=":1.33" (uid=1003 pid=2374 comm="/usr/libexec/gnome-session-binary --systemd-servic" label="unconfined")
2026-03-16 07:36:28.705 - Initialize desktop platform...
2026-03-16 07:36:28.815 - BounceCastle bundle found. Use JCE provider BC
> Start Core File Systems [org.eclipse.core.filesystem 1.11.400.v20251107-0507]
> Start Core Resource Management [org.eclipse.core.resources 3.23.100.v20251106-1705]
> Start DBeaver UI Navigator [org.jkiss.dbeaver.ui.navigator 1.0.168.202511301802]
> Start Team Support Core [org.eclipse.team.core 3.10.900.v20251104-0924]
2026-03-16 07:36:28.973 - Initialize base platform...
2026-03-16 07:36:28.983 - send collected statistics
2026-03-16 07:36:28.994 - Platform initialized (288ms)
2026-03-16 07:36:29.109 - Starting instance server at http://localhost:36647
2026-03-16 07:36:29.114 - Run workbench
> Start Eclipse e4 Workbench SWT [org.eclipse.e4.ui.workbench.swt 0.17.1000.v20251023-0611]
> Start Eclipse Application Services [org.eclipse.e4.core.services 2.5.300.v20251112-1253]
> Start Eclipse UI Application Services [org.eclipse.e4.ui.services 1.6.600.v20251023-1358]
> Start Eclipse e4 Progress View [org.eclipse.e4.ui.progress 0.4.900.v20251023-1511]
> Start Eclipse Bindings Support [org.eclipse.e4.ui.bindings 0.14.800.v20250916-0937]
> Start Eclipse e4 core commands [org.eclipse.e4.core.commands 1.1.700.v20250916-0927]
> Start EMF XML/XMI Persistence [org.eclipse.emf.ecore.xmi 2.39.0.v20250910-1205]
> Start Eclipse CSS SWT Theme Support [org.eclipse.e4.ui.css.swt.theme 0.14.600.v20251023-0615]
> Start Eclipse e4 Workbench Add-ons [org.eclipse.e4.ui.workbench.addons.swt 1.5.900.v20251007-0832]
> Start Eclipse e4 Workbench SWT Renderer [org.eclipse.e4.ui.workbench.renderers.swt 0.16.1000.v20251114-0005]
> Start Eclipse Dependency Injection Extensions [org.eclipse.e4.core.di.extensions 0.18.300.v20240413-1529]
> Start DBeaver AI Model [org.jkiss.dbeaver.model.ai 2.0.11.202511301802]
> Start DBeaver AI UI [org.jkiss.dbeaver.ui.ai 1.0.70.202511301802]
> Start Eclipse CSS SWT Support [org.eclipse.e4.ui.css.swt 0.15.700.v20251023-1511]
> Start JFace Text [org.eclipse.jface.text 3.29.0.v20251112-0859]
2026-03-16 07:36:30.294 - Configure workbench window
> Start DBeaver SQL Model [org.jkiss.dbeaver.model.sql 1.0.158.202511301802]
2026-03-16 07:36:30.432 - Total database drivers: 126 (126)
> Start Help System Core [org.eclipse.help 3.10.600.v20250613-0437]
2026-03-16 07:36:30.507 - Create actions
2026-03-16 07:36:30.959 - Initialize workbench window
2026-03-16 07:36:30.971 - Finish initialization
> Start Default Text Editor [org.eclipse.ui.editors 3.20.200.v20251103-1510]
> Start Text Editor Framework [org.eclipse.ui.workbench.texteditor 3.19.400.v20251105-0815]
> Start DBeaver UI Editors - Data [org.jkiss.dbeaver.ui.editors.data 1.0.168.202511301802]
> Start DBeaver UI Editors - SQL [org.jkiss.dbeaver.ui.editors.sql 1.0.168.202511301802]
> Start DBeaver SQL Terminal [org.jkiss.dbeaver.ui.editors.sql.terminal 1.0.144.202511301802]
> Start Core Compare Support [org.eclipse.compare.core 3.8.800.v20250718-1505]
> Start Equinox Java Authentication and Authorization Service (JAAS) [org.eclipse.equinox.security 1.4.700.v20250622-1644]
> Start Internet Connection Management UI [org.eclipse.ui.net 1.5.500.v20250611-0855]
> Start Internet Connection Management [org.eclipse.core.net 1.5.800.v20250613-1119]
> Start DBeaver Sample Database [org.jkiss.dbeaver.ui.config.sample 1.0.205.202511301802]
> Start DBeaver Dashboard UI [org.jkiss.dbeaver.ui.dashboard 1.0.165.202511301802]
> Start GEF Classic Draw2d [org.eclipse.draw2d 3.21.0.202511181644]
> Start GEF Classic GEF (MVC) [org.eclipse.gef 3.24.0.202511140645]
> Start DBeaver ERD UI [org.jkiss.dbeaver.ui.editors.erd 3.1.9.202511301802]
> Start DBeaver ERD Model [org.jkiss.dbeaver.model.erd 1.1.9.202511301802]
> Start DBeaver JDBC Model [org.jkiss.dbeaver.model.jdbc 1.0.61.202511301802]
> Start DBeaver PostgreSQL Model [org.jkiss.dbeaver.ext.postgresql 2.1.241.202511301802]
> Start DBeaver Tasks - Native Tools UI [org.jkiss.dbeaver.tasks.native.ui 1.0.146.202511301802]
> Start DBeaver PostgreSQL UI [org.jkiss.dbeaver.ext.postgresql.ui 1.0.144.202511301802]
> Start DBeaver Tasks - General UI [org.jkiss.dbeaver.tasks.ui 1.0.146.202511301802]
> Start Console [org.eclipse.ui.console 3.15.0.v20251113-1013]
> Start Debug Core [org.eclipse.debug.core 3.23.200.v20251107-0507]
2026-03-16 07:36:32.978 - Connect with 'portale_test_PSN' (postgres-jdbc-193011b0099-149d87679ff412c3)
> Start DBeaver GIS Support [org.jkiss.dbeaver.data.gis 1.0.192.202511301802]
2026-03-16 07:36:33.474 - Execution context opened (portale_test_PSN; Main <postgres>; 0)
2026-03-16 07:36:33.475 - Initiate connection to PostgreSQL database [postgres@10.200.0.26] for Main <postgres>
2026-03-16 07:36:33.632 - Execution context opened (portale_test_PSN; Metadata <postgres>; 1)
2026-03-16 07:36:33.632 - Initiate connection to PostgreSQL database [postgres@10.200.0.26] for Metadata <postgres>
2026-03-16 07:36:33.781 - Connected (postgres-jdbc-193011b0099-149d87679ff412c3, PostgreSQL JDBC Driver [42.7.2])
2026-03-16 07:36:33.838 - No execution context within database instance
2026-03-16 07:36:33.838 - Execution context opened (portale_test_PSN; SQLEditor <Untitled.sql>; 2)
2026-03-16 07:36:33.839 - Initiate connection to PostgreSQL database [WEBGIS@10.200.0.26] for SQLEditor <Untitled.sql>
2026-03-16 07:36:33.906 - Execution context opened (portale_test_PSN; Main <WEBGIS>; 3)
2026-03-16 07:36:33.907 - Initiate connection to PostgreSQL database [WEBGIS@10.200.0.26] for Main <WEBGIS>
2026-03-16 07:36:34.030 - Execution context opened (portale_test_PSN; Metadata <WEBGIS>; 4)
2026-03-16 07:36:34.030 - Initiate connection to PostgreSQL database [WEBGIS@10.200.0.26] for Metadata <WEBGIS>
2026-03-16 07:36:39.345 - Connect with 'portale' (postgres-jdbc-192c328240b-eb041e5857534d2)
2026-03-16 07:36:39.384 - Execution context opened (portale; Main <postgres>; 5)
2026-03-16 07:36:39.385 - Initiate connection to PostgreSQL database [postgres@172.25.0.35] for Main <postgres>
2026-03-16 07:36:39.434 - Execution context opened (portale; Metadata <postgres>; 6)
2026-03-16 07:36:39.434 - Initiate connection to PostgreSQL database [postgres@172.25.0.35] for Metadata <postgres>
2026-03-16 07:36:39.512 - Connected (postgres-jdbc-192c328240b-eb041e5857534d2, PostgreSQL JDBC Driver [42.7.2])
2026-03-16 07:36:43.777 - Execution context opened (portale; Main <system>; 7)
2026-03-16 07:36:43.778 - Initiate connection to PostgreSQL database [system@172.25.0.35] for Main <system>
2026-03-16 07:36:43.812 - Execution context opened (portale; Metadata <system>; 8)
2026-03-16 07:36:43.812 - Initiate connection to PostgreSQL database [system@172.25.0.35] for Metadata <system>
2026-03-16 07:38:42.882 - Execution context closed (portale_test_PSN, 2)
2026-03-16 07:38:43.038 - Dispose navigator model
2026-03-16 07:38:43.100 - DBeaver is stopping
2026-03-16 07:38:43.101 - Stop instance server
2026-03-16 07:38:44.103 - Instance server has been stopped
2026-03-16 07:38:44.103 - DBeaver shutdown completed
