-------------------------------------------------------------------------------
>Log Session: Thursday, July 17, 2025, 10:45:13 AM Central European Summer Time
>System Info: 
  Product Version         = Apache NetBeans IDE 26
  Operating System        = Linux version 6.11.0-29-generic running on amd64
  Java; VM; Vendor        = 21.0.7; OpenJDK 64-Bit Server VM 21.0.7+6-Ubuntu-0ubuntu124.04; Ubuntu
  Runtime                 = OpenJDK Runtime Environment 21.0.7+6-Ubuntu-0ubuntu124.04
  Java Home               = /usr/lib/jvm/java-21-openjdk-amd64
  System Locale; Encoding = it_IT (nb); UTF-8
  Home Directory          = /home/admino
  Current Directory       = /m/app/netbeans
  User Directory          = /m/app/.conf/netbeans/user-dir
  Cache Directory         = /m/app/netbeans/cache-dir
  Installation            = /m/app/netbeans/latest/nb
                            /m/app/netbeans/latest/ergonomics
                            /m/app/netbeans/latest/ide
                            /m/app/netbeans/latest/extide
                            /m/app/netbeans/latest/java
                            /m/app/netbeans/latest/apisupport
                            /m/app/netbeans/latest/webcommon
                            /m/app/netbeans/latest/websvccommon
                            /m/app/netbeans/latest/enterprise
                            /m/app/netbeans/latest/profiler
                            /m/app/netbeans/latest/php
                            /m/app/netbeans/latest/harness
                            /m/app/netbeans/latest/cpplite
                            /m/app/netbeans/latest/groovy
                            /m/app/netbeans/latest/javafx
                            /m/app/netbeans/latest/platform
  Boot & Ext. Classpath   = 
  Application Classpath   = /m/app/netbeans/latest/platform/lib/boot.jar:/m/app/netbeans/latest/platform/lib/org-openide-modules.jar:/m/app/netbeans/latest/platform/lib/org-openide-util.jar:/m/app/netbeans/latest/platform/lib/org-openide-util-lookup.jar:/m/app/netbeans/latest/platform/lib/org-openide-util-ui.jar
  Startup Classpath       = /m/app/netbeans/latest/platform/core/org-openide-filesystems.jar:/m/app/netbeans/latest/platform/core/asm-tree-9.8.jar:/m/app/netbeans/latest/platform/core/core-base.jar:/m/app/netbeans/latest/platform/core/core.jar:/m/app/netbeans/latest/platform/core/asm-commons-9.8.jar:/m/app/netbeans/latest/platform/core/org-openide-filesystems-compat8.jar:/m/app/netbeans/latest/platform/core/org-netbeans-libs-asm.jar:/m/app/netbeans/latest/platform/core/asm-9.8.jar:/m/app/netbeans/latest/nb/core/org-netbeans-upgrader.jar:/m/app/netbeans/latest/nb/core/locale/core_nb.jar
  Java Boot Modules       = [java.base, java.compiler, java.datatransfer, java.desktop, java.instrument, java.logging, java.management, java.management.rmi, java.naming, java.net.http, java.prefs, java.rmi, java.scripting, java.security.jgss, java.security.sasl, java.smartcardio, java.sql, java.sql.rowset, java.transaction.xa, java.xml, java.xml.crypto, jdk.accessibility, jdk.attach, jdk.charsets, jdk.compiler, jdk.crypto.cryptoki, jdk.crypto.ec, jdk.dynalink, jdk.editpad, jdk.httpserver, jdk.internal.ed, jdk.internal.jvmstat, jdk.internal.le, jdk.internal.opt, jdk.jartool, jdk.javadoc, jdk.jconsole, jdk.jdeps, jdk.jdi, jdk.jdwp.agent, jdk.jfr, jdk.jlink, jdk.jpackage, jdk.jshell, jdk.jsobject, jdk.jstatd, jdk.localedata, jdk.management, jdk.management.agent, jdk.management.jfr, jdk.naming.dns, jdk.naming.rmi, jdk.net, jdk.nio.mapmode, jdk.random, jdk.sctp, jdk.security.auth, jdk.security.jgss, jdk.unsupported, jdk.unsupported.desktop, jdk.xml.dom, jdk.zipfs]
-------------------------------------------------------------------------------
INFO [org.netbeans.modules.netbinox]: Install area set to file:/m/app/netbeans/latest/
WARNING [org.netbeans.core.modules]: the modules [org.netbeans.modules.java.editor.lib, org.netbeans.modules.web.core.syntax, org.netbeans.modules.xml.text] use org.netbeans.modules.editor.deprecated.pre65formatting which is deprecated.
WARNING [org.netbeans.core.modules]: the modules [org.netbeans.modules.ide.kit, org.netbeans.modules.xml.text] use org.netbeans.modules.editor.structure which is deprecated.
WARNING [org.netbeans.core.modules]: the modules [org.netbeans.modules.ant.hints, org.netbeans.modules.java.hints, org.netbeans.modules.java.lsp.server, org.netbeans.modules.jshell.support, org.netbeans.modules.maven.hints, org.netbeans.modules.maven.j2ee, org.netbeans.modules.micronaut, org.netbeans.modules.web.beans] use org.netbeans.modules.java.hints.legacy.spi which is deprecated: Use Java Hints SPI (org.netbeans.spi.java.hints) instead.
INFO [org.netbeans.core.startup.NbEvents]: Turning on modules:
	slf4j.jdk14 [1.7.36 1.7.36]
	slf4j.api [1.7.36 1.7.36]
	org.openide.util.lookup [8.62 26-81d21190648c8a1bae92bc9cdb0bb9783ae4912f]
	org.openide.util [9.36 26-81d21190648c8a1bae92bc9cdb0bb9783ae4912f]
	org.openide.util.ui [9.37 26-81d21190648c8a1bae92bc9cdb0bb9783ae4912f]
	org.openide.modules [7.76 26-81d21190648c8a1bae92bc9cdb0bb9783ae4912f]
	org.netbeans.api.annotations.common/1 [1.56 26-81d21190648c8a1bae92bc9cdb0bb9783ae4912f]
	org.openide.filesystems [9.41 26-81d21190648c8a1bae92bc9cdb0bb9783ae4912f]
	org.openide.awt [7.96 26-81d21190648c8a1bae92bc9cdb0bb9783ae4912f]
	org.netbeans.api.progress/1 [1.76 26-81d21190648c8a1bae92bc9cdb0bb9783ae4912f]
	org.netbeans.api.progress.nb [1.76 26-81d21190648c8a1bae92bc9cdb0bb9783ae4912f]
	org.openide.dialogs [7.75 26-81d21190648c8a1bae92bc9cdb0bb9783ae4912f]
	org.openide.nodes [7.73 26-81d21190648c8a1bae92bc9cdb0bb9783ae4912f]
	org.openide.windows [6.105 26-81d21190648c8a1bae92bc9cdb0bb9783ae4912f]
	org.netbeans.libs.jsvg/2 [2.0 1.7.1 26-81d21190648c8a1bae92bc9cdb0bb9783ae4912f]
	org.openide.util.ui.svg [1.22 26-81d21190648c8a1bae92bc9cdb0bb9783ae4912f]
	org.netbeans.modules.editor.mimelookup/1 [1.68 26-81d21190648c8a1bae92bc9cdb0bb9783ae4912f]
	org.openide.text [6.97 26-81d21190648c8a1bae92bc9cdb0bb9783ae4912f]
	org.netbeans.api.scripting [1.25 26-81d21190648c8a1bae92bc9cdb0bb9783ae4912f]
	org.netbeans.swing.tabcontrol [1.85 26-81d21190648c8a1bae92bc9cdb0bb9783ae4912f]
	org.netbeans.swing.outline [1.62 26-81d21190648c8a1bae92bc9cdb0bb9783ae4912f]
	org.openide.explorer [6.90 26-81d21190648c8a1bae92bc9cdb0bb9783ae4912f]
	org.openide.actions [6.67 26-81d21190648c8a1bae92bc9cdb0bb9783ae4912f]
	org.netbeans.modules.queries/1 [1.71 26-81d21190648c8a1bae92bc9cdb0bb9783ae4912f]
	org.netbeans.api.templates [1.36 26-81d21190648c8a1bae92bc9cdb0bb9783ae4912f]
	org.openide.filesystems.nb [9.38 26-81d21190648c8a1bae92bc9cdb0bb9783ae4912f]
	org.openide.loaders [7.98 26-81d21190648c8a1bae92bc9cdb0bb9783ae4912f]
	org.netbeans.api.intent [1.30 26-81d21190648c8a1bae92bc9cdb0bb9783ae4912f]
	org.netbeans.api.io [1.31 26-81d21190648c8a1bae92bc9cdb0bb9783ae4912f]
	org.openide.io [1.77 26-81d21190648c8a1bae92bc9cdb0bb9783ae4912f]
	org.openide.filesystems.compat8 [9.37 26-81d21190648c8a1bae92bc9cdb0bb9783ae4912f]
	org.openide.execution [9.31 26-81d21190648c8a1bae92bc9cdb0bb9783ae4912f]
	org.netbeans.upgrader [4.63 26-81d21190648c8a1bae92bc9cdb0bb9783ae4912f]
	org.netbeans.swing.plaf [1.70 26-81d21190648c8a1bae92bc9cdb0bb9783ae4912f]
	org.netbeans.modules.keyring [1.52 26-81d21190648c8a1bae92bc9cdb0bb9783ae4912f]
	org.netbeans.libs.asm [5.31 26-81d21190648c8a1bae92bc9cdb0bb9783ae4912f]
	org.netbeans.bootstrap/1 [2.107 26-81d21190648c8a1bae92bc9cdb0bb9783ae4912f]
	org.netbeans.core.startup.base [1.90.0.1 1 26-81d21190648c8a1bae92bc9cdb0bb9783ae4912f]
	org.netbeans.core.startup/1 [1.91.0.1 26-81d21190648c8a1bae92bc9cdb0bb9783ae4912f]
	org.netbeans.modules.sampler [1.42 26-81d21190648c8a1bae92bc9cdb0bb9783ae4912f]
	org.netbeans.core/2 [3.79 26-81d21190648c8a1bae92bc9cdb0bb9783ae4912f]
	org.netbeans.spi.quicksearch [1.55 26-81d21190648c8a1bae92bc9cdb0bb9783ae4912f]
	org.netbeans.modules.options.api/1 [1.73 26-81d21190648c8a1bae92bc9cdb0bb9783ae4912f]
	org.netbeans.libs.flatlaf/1 [1.22 3.6 26-81d21190648c8a1bae92bc9cdb0bb9783ae4912f]
	org.netbeans.swing.laf.flatlaf [1.21 26-81d21190648c8a1bae92bc9cdb0bb9783ae4912f]
	org.netbeans.swing.laf.dark/1 [2.23.0.2 2 26-81d21190648c8a1bae92bc9cdb0bb9783ae4912f]
	org.netbeans.modules.projectapi/1 [1.100 26-81d21190648c8a1bae92bc9cdb0bb9783ae4912f]
	org.netbeans.swing.dirchooser [1.57 26-81d21190648c8a1bae92bc9cdb0bb9783ae4912f]
	org.netbeans.spi.viewmodel/2 [1.79 26-81d21190648c8a1bae92bc9cdb0bb9783ae4912f]
	org.netbeans.spi.tasklist/1 [1.63.0.1 1 26-81d21190648c8a1bae92bc9cdb0bb9783ae4912f]
	org.netbeans.spi.palette/1 [1.74 26-81d21190648c8a1bae92bc9cdb0bb9783ae4912f]
	org.netbeans.spi.navigator/1 [1.66 26-81d21190648c8a1bae92bc9cdb0bb9783ae4912f]
	org.netbeans.modules.editor.util/1 [1.93 26-81d21190648c8a1bae92bc9cdb0bb9783ae4912f]
	org.netbeans.modules.editor.settings.lib [1.79.0.1 1 26-81d21190648c8a1bae92bc9cdb0bb9783ae4912f]
	org.netbeans.modules.editor.settings/1 [1.85 26-81d21190648c8a1bae92bc9cdb0bb9783ae4912f]
	org.netbeans.modules.lexer/2 [1.91.0.1 1 26-81d21190648c8a1bae92bc9cdb0bb9783ae4912f]
	org.netbeans.modules.editor.fold/1 [1.73 26-81d21190648c8a1bae92bc9cdb0bb9783ae4912f]
	org.netbeans.modules.editor.document [1.37.0.3 3 26-81d21190648c8a1bae92bc9cdb0bb9783ae4912f]
	org.netbeans.modules.editor.lib2/1 [2.48.0.55.3 55 26-81d21190648c8a1bae92bc9cdb0bb9783ae4912f]
	org.netbeans.modules.editor.guards/1 [1.61 26-81d21190648c8a1bae92bc9cdb0bb9783ae4912f]
	org.netbeans.api.lsp/1 [1.32 26-81d21190648c8a1bae92bc9cdb0bb9783ae4912f]
	org.netbeans.modules.editor.indent/2 [1.71 26-81d21190648c8a1bae92bc9cdb0bb9783ae4912f]
	org.netbeans.modules.editor.lib/3 [4.35.0.23.3.55 23 26-81d21190648c8a1bae92bc9cdb0bb9783ae4912f]
	org.netbeans.modules.options.keymap [1.65 26-81d21190648c8a1bae92bc9cdb0bb9783ae4912f]
	org.netbeans.modules.editor.settings.storage/1 [1.80.0.1 26-81d21190648c8a1bae92bc9cdb0bb9783ae4912f]
	org.netbeans.modules.editor.fold.nbui [1.40.0.55 26-81d21190648c8a1bae92bc9cdb0bb9783ae4912f]
	org.netbeans.modules.editor/3 [1.115.0.6.3.23.55 6 26-81d21190648c8a1bae92bc9cdb0bb9783ae4912f]
	org.netbeans.libs.javacapi [8.52.0.3 3 26-81d21190648c8a1bae92bc9cdb0bb9783ae4912f]
	org.netbeans.lib.nbjavac [1.44.0.4.3 4 26-81d21190648c8a1bae92bc9cdb0bb9783ae4912f]
	org.netbeans.modules.editor.errorstripe.api/1 [2.60.0.1 1 26-81d21190648c8a1bae92bc9cdb0bb9783ae4912f]
	org.netbeans.api.java.classpath/1 [1.82 26-81d21190648c8a1bae92bc9cdb0bb9783ae4912f]
	org.netbeans.api.java/1 [1.95 26-81d21190648c8a1bae92bc9cdb0bb9783ae4912f]
	org.netbeans.modules.java.platform/1 [1.70 26-81d21190648c8a1bae92bc9cdb0bb9783ae4912f]
	org.netbeans.modules.options.editor/1 [1.89 26-81d21190648c8a1bae92bc9cdb0bb9783ae4912f]
	org.netbeans.modules.editor.errorstripe/2 [2.62.0.1.1 1 26-81d21190648c8a1bae92bc9cdb0bb9783ae4912f]
	org.netbeans.modules.diff/1 [1.79.0.42.1 42 26-81d21190648c8a1bae92bc9cdb0bb9783ae4912f]
	org.netbeans.libs.lucene/3 [3.47 26-81d21190648c8a1bae92bc9cdb0bb9783ae4912f]
	org.netbeans.modules.masterfs/2 [2.83.0.2 2 26-81d21190648c8a1bae92bc9cdb0bb9783ae4912f]
	org.netbeans.modules.parsing.lucene/2 [2.64.0.1 1 26-81d21190648c8a1bae92bc9cdb0bb9783ae4912f]
	org.netbeans.modules.parsing.api/1 [9.35.0.8 8 26-81d21190648c8a1bae92bc9cdb0bb9783ae4912f]
	org.netbeans.modules.projectuiapi.base/1 [1.114.0.9 9 26-81d21190648c8a1bae92bc9cdb0bb9783ae4912f]
	org.netbeans.modules.project.indexingbridge [1.45 26-81d21190648c8a1bae92bc9cdb0bb9783ae4912f]
	org.netbeans.modules.parsing.indexing [9.40.0.1.3.8 1 26-81d21190648c8a1bae92bc9cdb0bb9783ae4912f]
	org.netbeans.modules.refactoring.api [1.75.0.1 1 26-81d21190648c8a1bae92bc9cdb0bb9783ae4912f]
	org.netbeans.modules.classfile/1 [1.80 26-81d21190648c8a1bae92bc9cdb0bb9783ae4912f]
	org.netbeans.modules.editor.indent.support [1.70 26-81d21190648c8a1bae92bc9cdb0bb9783ae4912f]
	org.netbeans.modules.projectuiapi/1 [1.117.0.8 8 26-81d21190648c8a1bae92bc9cdb0bb9783ae4912f]
	org.netbeans.modules.editor.indent.project/0 [1.50 26-81d21190648c8a1bae92bc9cdb0bb9783ae4912f]
	org.netbeans.core.multiview/1 [1.72 26-81d21190648c8a1bae92bc9cdb0bb9783ae4912f]
	org.netbeans.modules.java.lexer/1 [1.64 26-81d21190648c8a1bae92bc9cdb0bb9783ae4912f]
	org.netbeans.modules.java.preprocessorbridge [1.77.0.1 1 26-81d21190648c8a1bae92bc9cdb0bb9783ae4912f]
	org.netbeans.modules.java.source.base [2.76.0.6.4.3.8.1 6 26-81d21190648c8a1bae92bc9cdb0bb9783ae4912f]
	org.netbeans.modules.autoupdate.services [1.84 26-81d21190648c8a1bae92bc9cdb0bb9783ae4912f]
	org.netbeans.modules.java.source [0.193.0.32.4.3.6.1 32 26-81d21190648c8a1bae92bc9cdb0bb9783ae4912f]
	org.netbeans.modules.project.spi.intern [1.31 26-81d21190648c8a1bae92bc9cdb0bb9783ae4912f]
	org.netbeans.modules.project.libraries/1 [1.81 26-81d21190648c8a1bae92bc9cdb0bb9783ae4912f]
	org.apache.xml.resolver [1.59.0.12 12 26-81d21190648c8a1bae92bc9cdb0bb9783ae4912f]
	org.netbeans.api.xml/1 [1.72 26-81d21190648c8a1bae92bc9cdb0bb9783ae4912f]
	org.netbeans.modules.xml.catalog/2 [3.32.0.4 4 26-81d21190648c8a1bae92bc9cdb0bb9783ae4912f]
	org.netbeans.modules.project.ant/1 [1.95 26-81d21190648c8a1bae92bc9cdb0bb9783ae4912f]
	org.netbeans.modules.java.project/1 [1.100 26-81d21190648c8a1bae92bc9cdb0bb9783ae4912f]
	org.netbeans.modules.settings/1 [1.77 26-81d21190648c8a1bae92bc9cdb0bb9783ae4912f]
	org.netbeans.spi.editor.hints/0 [1.70.0.8.55 8 26-81d21190648c8a1bae92bc9cdb0bb9783ae4912f]
	org.netbeans.modules.code.analysis/0 [1.54 26-81d21190648c8a1bae92bc9cdb0bb9783ae4912f]
	org.netbeans.spi.java.hints [1.62.0.13.4.3.32.6.8 13 26-81d21190648c8a1bae92bc9cdb0bb9783ae4912f]
	org.netbeans.modules.editor.tools.storage [1.36 26-81d21190648c8a1bae92bc9cdb0bb9783ae4912f]
	org.netbeans.spi.editor.hints.projects [1.39.0.1.8 1 26-81d21190648c8a1bae92bc9cdb0bb9783ae4912f]
	org.netbeans.api.debugger/1 [1.83 26-81d21190648c8a1bae92bc9cdb0bb9783ae4912f]
	org.netbeans.spi.debugger.ui/1 [2.86 26-81d21190648c8a1bae92bc9cdb0bb9783ae4912f]
	org.netbeans.api.debugger.jpda/2 [3.38 26-81d21190648c8a1bae92bc9cdb0bb9783ae4912f]
	org.netbeans.spi.debugger.jpda.ui [3.31 26-81d21190648c8a1bae92bc9cdb0bb9783ae4912f]
	org.netbeans.modules.xml.core/2 [1.71.0.4 4 26-81d21190648c8a1bae92bc9cdb0bb9783ae4912f]
	org.netbeans.modules.xml.xam/1 [1.60.0.1 1 26-81d21190648c8a1bae92bc9cdb0bb9783ae4912f]
	org.netbeans.api.xml.ui/1 [1.72 26-81d21190648c8a1bae92bc9cdb0bb9783ae4912f]
	org.netbeans.modules.xml.retriever/1 [1.59 26-81d21190648c8a1bae92bc9cdb0bb9783ae4912f]
	org.netbeans.modules.xml.schema.model/1 [1.60.0.1 1 26-81d21190648c8a1bae92bc9cdb0bb9783ae4912f]
	org.netbeans.modules.xml.axi [1.61 26-81d21190648c8a1bae92bc9cdb0bb9783ae4912f]
	org.netbeans.modules.editor.breadcrumbs/0 [1.45 26-81d21190648c8a1bae92bc9cdb0bb9783ae4912f]
	org.netbeans.modules.editor.bracesmatching/0 [1.67.0.55 26-81d21190648c8a1bae92bc9cdb0bb9783ae4912f]
	org.netbeans.modules.editor.deprecated.pre65formatting/0 [1.59.0.1.6.23.55 1 26-81d21190648c8a1bae92bc9cdb0bb9783ae4912f]
	org.netbeans.modules.editor.completion/1 [1.73.0.2 2 26-81d21190648c8a1bae92bc9cdb0bb9783ae4912f]
	org.netbeans.modules.editor.codetemplates/1 [1.72.0.1 1 26-81d21190648c8a1bae92bc9cdb0bb9783ae4912f]
	org.netbeans.modules.editor.actions/1 [1.59.0.55 26-81d21190648c8a1bae92bc9cdb0bb9783ae4912f]
	org.netbeans.modules.csl.types/1 [1.28 26-81d21190648c8a1bae92bc9cdb0bb9783ae4912f]
	org.netbeans.core.ui/1 [1.73 26-81d21190648c8a1bae92bc9cdb0bb9783ae4912f]
	org.netbeans.api.search [1.49 26-81d21190648c8a1bae92bc9cdb0bb9783ae4912f]
	org.netbeans.modules.jumpto/1 [1.83.0.1 1 26-81d21190648c8a1bae92bc9cdb0bb9783ae4912f]
	org.netbeans.modules.csl.api/2 [2.86.0.2.1.1.8.1 2 26-81d21190648c8a1bae92bc9cdb0bb9783ae4912f]
	org.netbeans.modules.editor.structure/1 [1.75.0.1 1 26-81d21190648c8a1bae92bc9cdb0bb9783ae4912f]
	org.netbeans.modules.xml.lexer [1.58 26-81d21190648c8a1bae92bc9cdb0bb9783ae4912f]
	org.netbeans.modules.xml.text/2 [1.87.0.1 1 26-81d21190648c8a1bae92bc9cdb0bb9783ae4912f]
	org.netbeans.modules.xml [1.61 26-81d21190648c8a1bae92bc9cdb0bb9783ae4912f]
	org.netbeans.core.ide/1 [1.69 26-81d21190648c8a1bae92bc9cdb0bb9783ae4912f]
	org.netbeans.modules.servletapi/1 [1.67 26-81d21190648c8a1bae92bc9cdb0bb9783ae4912f]
	org.netbeans.modules.httpserver/2 [2.64.0.43 43 26-81d21190648c8a1bae92bc9cdb0bb9783ae4912f]
	org.netbeans.modules.xsl/1 [1.72 26-81d21190648c8a1bae92bc9cdb0bb9783ae4912f]
	org.netbeans.modules.xml.xdm/1 [1.62.0.1 1 26-81d21190648c8a1bae92bc9cdb0bb9783ae4912f]
	org.netbeans.modules.xml.wsdl.model/1 [1.61.0.1 1 26-81d21190648c8a1bae92bc9cdb0bb9783ae4912f]
	org.netbeans.libs.xerces/1 [1.66.0.281 281 26-81d21190648c8a1bae92bc9cdb0bb9783ae4912f]
	org.netbeans.modules.xml.tax/2 [1.72.0.281 26-81d21190648c8a1bae92bc9cdb0bb9783ae4912f]
	org.netbeans.modules.xml.tools/2 [1.71 26-81d21190648c8a1bae92bc9cdb0bb9783ae4912f]
	org.netbeans.modules.xml.tools.java [1.57 26-81d21190648c8a1bae92bc9cdb0bb9783ae4912f]
	org.netbeans.modules.xml.schema.completion [1.59 26-81d21190648c8a1bae92bc9cdb0bb9783ae4912f]
	org.netbeans.modules.xml.multiview/1 [1.66.0.2 2 26-81d21190648c8a1bae92bc9cdb0bb9783ae4912f]
	org.netbeans.modules.xml.jaxb.api/1 [1.54 26-81d21190648c8a1bae92bc9cdb0bb9783ae4912f]
	org.netbeans.modules.options.java [1.42 26-81d21190648c8a1bae92bc9cdb0bb9783ae4912f]
	org.apache.tools.ant.module/3 [3.112.0.2 2 26-81d21190648c8a1bae92bc9cdb0bb9783ae4912f]
	org.netbeans.modules.xml.jaxb/1 [1.58 26-81d21190648c8a1bae92bc9cdb0bb9783ae4912f]
	org.netbeans.modules.xml.catalog.ui [2.31.0.4 26-81d21190648c8a1bae92bc9cdb0bb9783ae4912f]
	org.netbeans.modules.libs.corba.omgapi [1.23 26-81d21190648c8a1bae92bc9cdb0bb9783ae4912f]
	org.netbeans.modules.whitelist [1.51 26-81d21190648c8a1bae92bc9cdb0bb9783ae4912f]
	org.netbeans.modules.websvc.wsstackapi/0 [1.51 26-81d21190648c8a1bae92bc9cdb0bb9783ae4912f]
	org.netbeans.modules.j2ee.metadata/0 [1.60 26-81d21190648c8a1bae92bc9cdb0bb9783ae4912f]
	org.netbeans.libs.flexmark [1.21 26-81d21190648c8a1bae92bc9cdb0bb9783ae4912f]
	org.netbeans.modules.java.sourceui/1 [1.76.0.2.4.3.32.6 2 26-81d21190648c8a1bae92bc9cdb0bb9783ae4912f]
	org.netbeans.modules.project.libraries.ui/1 [1.80 26-81d21190648c8a1bae92bc9cdb0bb9783ae4912f]
	org.netbeans.modules.project.ant.ui/1 [1.93 26-81d21190648c8a1bae92bc9cdb0bb9783ae4912f]
	org.netbeans.modules.java.platform.ui/1 [1.70 26-81d21190648c8a1bae92bc9cdb0bb9783ae4912f]
	org.netbeans.modules.java.project.ui/1 [1.103 26-81d21190648c8a1bae92bc9cdb0bb9783ae4912f]
	org.netbeans.modules.j2ee.metadata.model.support/1 [1.59 26-81d21190648c8a1bae92bc9cdb0bb9783ae4912f]
	org.netbeans.modules.schema2beans/1 [1.75 26-81d21190648c8a1bae92bc9cdb0bb9783ae4912f]
	org.netbeans.modules.j2ee.dd/1 [1.68.0.2 2 26-81d21190648c8a1bae92bc9cdb0bb9783ae4912f]
	org.netbeans.modules.j2ee.dd.webservice [1.59 26-81d21190648c8a1bae92bc9cdb0bb9783ae4912f]
	org.netbeans.modules.websvc.websvcapi [1.59 26-81d21190648c8a1bae92bc9cdb0bb9783ae4912f]
	org.netbeans.modules.websvc.utilities/0 [1.53 26-81d21190648c8a1bae92bc9cdb0bb9783ae4912f]
	org.netbeans.modules.websvc.jaxwsmodelapi/1 [1.55 26-81d21190648c8a1bae92bc9cdb0bb9783ae4912f]
	org.netbeans.modules.websvc.saas.api [1.59 26-81d21190648c8a1bae92bc9cdb0bb9783ae4912f]
	org.netbeans.modules.websvc.saas.ui [1.56 26-81d21190648c8a1bae92bc9cdb0bb9783ae4912f]
	org.netbeans.modules.websvc.saas.codegen [1.58 26-81d21190648c8a1bae92bc9cdb0bb9783ae4912f]
	org.netbeans.core.windows/2 [2.113 26-81d21190648c8a1bae92bc9cdb0bb9783ae4912f]
	org.netbeans.core.multitabs/1 [1.40.0.1 1 26-81d21190648c8a1bae92bc9cdb0bb9783ae4912f]
	org.netbeans.modules.editor.bookmarks/1 [1.65 26-81d21190648c8a1bae92bc9cdb0bb9783ae4912f]
	org.netbeans.modules.extexecution.base/2 [1.34 26-81d21190648c8a1bae92bc9cdb0bb9783ae4912f]
	org.netbeans.modules.extexecution/2 [1.77 26-81d21190648c8a1bae92bc9cdb0bb9783ae4912f]
	org.netbeans.libs.jna/2 [2.23 26-81d21190648c8a1bae92bc9cdb0bb9783ae4912f]
	org.netbeans.libs.jna.platform/2 [2.23 26-81d21190648c8a1bae92bc9cdb0bb9783ae4912f]
	org.netbeans.modules.extbrowser/2 [2.0 26-81d21190648c8a1bae92bc9cdb0bb9783ae4912f]
	org.netbeans.modules.editor.plain.lib/1 [1.61 26-81d21190648c8a1bae92bc9cdb0bb9783ae4912f]
	org.netbeans.modules.nativeimage.api/0 [0.20 26-81d21190648c8a1bae92bc9cdb0bb9783ae4912f]
	org.netbeans.api.dashboard/0 [0.5 26-81d21190648c8a1bae92bc9cdb0bb9783ae4912f]
	org.netbeans.core.execution/1 [1.70 26-81d21190648c8a1bae92bc9cdb0bb9783ae4912f]
	org.netbeans.modules.sendopts/2 [2.64 26-81d21190648c8a1bae92bc9cdb0bb9783ae4912f]
	org.netbeans.modules.favorites/1 [1.74 26-81d21190648c8a1bae92bc9cdb0bb9783ae4912f]
	org.netbeans.modules.projectui [1.87.0.8.9 26-81d21190648c8a1bae92bc9cdb0bb9783ae4912f]
	org.netbeans.modules.terminal [1.55 26-81d21190648c8a1bae92bc9cdb0bb9783ae4912f]
	com.jcraft.jsch [0.1.72 0.1.72]
	org.netbeans.modules.dlight.nativeexecution [1.67.0.1 1 26-81d21190648c8a1bae92bc9cdb0bb9783ae4912f]
	org.netbeans.lib.terminalemulator [1.65 26-81d21190648c8a1bae92bc9cdb0bb9783ae4912f]
	org.netbeans.modules.terminal.nb [1.28 26-81d21190648c8a1bae92bc9cdb0bb9783ae4912f]
	org.netbeans.modules.dlight.terminal [1.52.0.1 1 26-81d21190648c8a1bae92bc9cdb0bb9783ae4912f]
	org.netbeans.modules.tasklist.projectint/1 [1.57 26-81d21190648c8a1bae92bc9cdb0bb9783ae4912f]
	org.netbeans.modules.tasklist.todo/1 [1.59.0.1 1 26-81d21190648c8a1bae92bc9cdb0bb9783ae4912f]
	org.netbeans.modules.tasklist.ui/1 [1.59.0.1.1 1 26-81d21190648c8a1bae92bc9cdb0bb9783ae4912f]
	org.netbeans.modules.tasklist.kit [1.56 26-81d21190648c8a1bae92bc9cdb0bb9783ae4912f]
	org.netbeans.core.multitabs.project [1.38.0.1.1 1 26-81d21190648c8a1bae92bc9cdb0bb9783ae4912f]
	org.netbeans.modules.editor.search [1.53.0.0.55 0 26-81d21190648c8a1bae92bc9cdb0bb9783ae4912f]
	org.netbeans.modules.languages.diff [1.61 26-81d21190648c8a1bae92bc9cdb0bb9783ae4912f]
	org.netbeans.libs.json_simple/1 [0.40 26-81d21190648c8a1bae92bc9cdb0bb9783ae4912f]
	org.netbeans.modules.web.common [1.127 26-81d21190648c8a1bae92bc9cdb0bb9783ae4912f]
	org.netbeans.modules.html.lexer/1 [1.66 26-81d21190648c8a1bae92bc9cdb0bb9783ae4912f]
	org.netbeans.modules.html.editor.lib/3 [3.60 26-81d21190648c8a1bae92bc9cdb0bb9783ae4912f]
	org.apache.commons.logging [1.3.5 1.3.5]
	org.netbeans.modules.html.parser/1 [1.62.0.1 1 26-81d21190648c8a1bae92bc9cdb0bb9783ae4912f]
	org.netbeans.modules.html.validation/1 [1.59 26-81d21190648c8a1bae92bc9cdb0bb9783ae4912f]
	org.netbeans.libs.antlr3.runtime [1.49.0.1 1 26-81d21190648c8a1bae92bc9cdb0bb9783ae4912f]
	org.netbeans.modules.css.lib/2 [2.8 26-81d21190648c8a1bae92bc9cdb0bb9783ae4912f]
	org.netbeans.modules.web.common.ui [1.29 26-81d21190648c8a1bae92bc9cdb0bb9783ae4912f]
	org.netbeans.modules.html.indexing [1.20 26-81d21190648c8a1bae92bc9cdb0bb9783ae4912f]
	org.netbeans.modules.web.indent [1.48 26-81d21190648c8a1bae92bc9cdb0bb9783ae4912f]
	org.netbeans.modules.css.model [1.59 26-81d21190648c8a1bae92bc9cdb0bb9783ae4912f]
	org.netbeans.modules.css.editor/1 [1.96 26-81d21190648c8a1bae92bc9cdb0bb9783ae4912f]
	org.netbeans.modules.web.browser.api [1.73 26-81d21190648c8a1bae92bc9cdb0bb9783ae4912f]
	org.netbeans.modules.html/1 [1.89 26-81d21190648c8a1bae92bc9cdb0bb9783ae4912f]
	org.netbeans.modules.html.editor/2 [2.84 26-81d21190648c8a1bae92bc9cdb0bb9783ae4912f]
	org.netbeans.core.output2/1 [1.70 26-81d21190648c8a1bae92bc9cdb0bb9783ae4912f]
	org.netbeans.modules.css.visual/3 [3.60 26-81d21190648c8a1bae92bc9cdb0bb9783ae4912f]
	org.netbeans.modules.properties/1 [1.83 26-81d21190648c8a1bae92bc9cdb0bb9783ae4912f]
	org.netbeans.libs.snakeyaml_engine/2 [2.17 26-81d21190648c8a1bae92bc9cdb0bb9783ae4912f]
	org.netbeans.modules.languages.yaml [2.60 26-81d21190648c8a1bae92bc9cdb0bb9783ae4912f]
	org.netbeans.libs.antlr4.runtime/2 [1.29.0.1 1 26-81d21190648c8a1bae92bc9cdb0bb9783ae4912f]
	org.netbeans.modules.lexer.antlr4 [1.10.0.1 1 26-81d21190648c8a1bae92bc9cdb0bb9783ae4912f]
	org.netbeans.libs.tomljava/3 [1.4 26-81d21190648c8a1bae92bc9cdb0bb9783ae4912f]
	org.netbeans.modules.languages.toml [1.10 26-81d21190648c8a1bae92bc9cdb0bb9783ae4912f]
	org.netbeans.modules.go.lang [1.9 26-81d21190648c8a1bae92bc9cdb0bb9783ae4912f]
	org.netbeans.modules.languages.go [1.8 26-81d21190648c8a1bae92bc9cdb0bb9783ae4912f]
	org.netbeans.modules.languages.manifest [1.60 26-81d21190648c8a1bae92bc9cdb0bb9783ae4912f]
	org.netbeans.modules.languages.hcl [1.8 26-81d21190648c8a1bae92bc9cdb0bb9783ae4912f]
	org.netbeans.modules.editor.autosave/1 [1.19 26-81d21190648c8a1bae92bc9cdb0bb9783ae4912f]
	org.netbeans.modules.image/1 [1.76 26-81d21190648c8a1bae92bc9cdb0bb9783ae4912f]
	org.netbeans.modules.editor.kit [1.61 26-81d21190648c8a1bae92bc9cdb0bb9783ae4912f]
	org.netbeans.modules.print [7.54 26-81d21190648c8a1bae92bc9cdb0bb9783ae4912f]
	org.netbeans.modules.autoupdate.cli [1.42 26-81d21190648c8a1bae92bc9cdb0bb9783ae4912f]
	org.netbeans.libs.osgi [1.50 26-81d21190648c8a1bae92bc9cdb0bb9783ae4912f]
	org.netbeans.libs.felix [2.43 26-81d21190648c8a1bae92bc9cdb0bb9783ae4912f]
	org.netbeans.modules.autoupdate.ui [1.74 26-81d21190648c8a1bae92bc9cdb0bb9783ae4912f]
	org.netbeans.modules.janitor [1.21 26-81d21190648c8a1bae92bc9cdb0bb9783ae4912f]
	org.netbeans.modules.core.kit [1.59 26-81d21190648c8a1bae92bc9cdb0bb9783ae4912f]
	org.netbeans.modules.defaults/1 [1.59 26-81d21190648c8a1bae92bc9cdb0bb9783ae4912f]
	org.netbeans.modules.print.editor [7.54 26-81d21190648c8a1bae92bc9cdb0bb9783ae4912f]
	org.netbeans.modules.utilities/1 [1.89 26-81d21190648c8a1bae92bc9cdb0bb9783ae4912f]
	org.netbeans.modules.javahelp/1 [2.69 26-81d21190648c8a1bae92bc9cdb0bb9783ae4912f]
	org.netbeans.modules.usersguide/1 [1.76 26-81d21190648c8a1bae92bc9cdb0bb9783ae4912f]
	org.netbeans.modules.editor.macros/0 [1.59.0.1.23 1 26-81d21190648c8a1bae92bc9cdb0bb9783ae4912f]
	org.netbeans.modules.editor.plain/2 [1.63 26-81d21190648c8a1bae92bc9cdb0bb9783ae4912f]
	org.netbeans.modules.ide.kit [1.61 26-81d21190648c8a1bae92bc9cdb0bb9783ae4912f]
	org.netbeans.modules.websvc.saas.kit [1.55 26-81d21190648c8a1bae92bc9cdb0bb9783ae4912f]
	org.netbeans.modules.websvc.saas.codegen.php [1.55 26-81d21190648c8a1bae92bc9cdb0bb9783ae4912f]
	org.netbeans.modules.websvc.jaxws21api/1 [1.60 26-81d21190648c8a1bae92bc9cdb0bb9783ae4912f]
	org.netbeans.modules.websvc.saas.codegen.java [1.58 26-81d21190648c8a1bae92bc9cdb0bb9783ae4912f]
	org.netbeans.modules.j2ee.core/0 [1.53 26-81d21190648c8a1bae92bc9cdb0bb9783ae4912f]
	org.netbeans.api.web.webmodule [1.66 26-81d21190648c8a1bae92bc9cdb0bb9783ae4912f]
	org.netbeans.modules.j2ee.persistenceapi/1 [1.64.0.1 1 26-81d21190648c8a1bae92bc9cdb0bb9783ae4912f]
	org.netbeans.modules.j2ee.core.utilities/0 [1.62 26-81d21190648c8a1bae92bc9cdb0bb9783ae4912f]
	org.netbeans.modules.db.metadata.model/1 [1.39 26-81d21190648c8a1bae92bc9cdb0bb9783ae4912f]
	org.netbeans.modules.db/1 [1.97.0.30 30 26-81d21190648c8a1bae92bc9cdb0bb9783ae4912f]
	org.netbeans.modules.dbapi [1.62.0.30 26-81d21190648c8a1bae92bc9cdb0bb9783ae4912f]
	org.netbeans.modules.dbschema/1 [1.69.0.4.30 4 26-81d21190648c8a1bae92bc9cdb0bb9783ae4912f]
	org.netbeans.modules.javaee.injection [1.34 26-81d21190648c8a1bae92bc9cdb0bb9783ae4912f]
	org.netbeans.modules.java.completion [2.14.0.2 2 26-81d21190648c8a1bae92bc9cdb0bb9783ae4912f]
	org.netbeans.modules.java.editor.base [2.93.0.1 1 26-81d21190648c8a1bae92bc9cdb0bb9783ae4912f]
	org.netbeans.modules.gsf.testrunner/2 [2.40 26-81d21190648c8a1bae92bc9cdb0bb9783ae4912f]
	org.netbeans.modules.gsf.testrunner.ui [1.43.0.1 26-81d21190648c8a1bae92bc9cdb0bb9783ae4912f]
	org.netbeans.modules.gototest/1 [1.61 26-81d21190648c8a1bae92bc9cdb0bb9783ae4912f]
	org.netbeans.modules.java.file.launcher [1.5 26-81d21190648c8a1bae92bc9cdb0bb9783ae4912f]
	org.netbeans.modules.refactoring.java/1 [1.90.0.1.3 1 26-81d21190648c8a1bae92bc9cdb0bb9783ae4912f]
	org.netbeans.modules.java.editor/1 [2.96.0.12.1.1.1 12 26-81d21190648c8a1bae92bc9cdb0bb9783ae4912f]
	org.netbeans.modules.j2ee.eclipselink/1 [1.60 26-81d21190648c8a1bae92bc9cdb0bb9783ae4912f]
	org.netbeans.modules.j2ee.persistence [1.83.0.1 1 26-81d21190648c8a1bae92bc9cdb0bb9783ae4912f]
	org.netbeans.modules.j2eeapis/1 [1.60 26-81d21190648c8a1bae92bc9cdb0bb9783ae4912f]
	org.netbeans.modules.server/0 [1.61 26-81d21190648c8a1bae92bc9cdb0bb9783ae4912f]
	org.netbeans.modules.j2eeserver/4 [1.139.0.1 1 26-81d21190648c8a1bae92bc9cdb0bb9783ae4912f]
	org.netbeans.modules.javaee.specs.support/0 [1.53 26-81d21190648c8a1bae92bc9cdb0bb9783ae4912f]
	org.netbeans.modules.java.api.common/0 [1.151 26-81d21190648c8a1bae92bc9cdb0bb9783ae4912f]
	org.netbeans.modules.j2ee.api.ejbmodule [1.65 26-81d21190648c8a1bae92bc9cdb0bb9783ae4912f]
	org.netbeans.modules.j2ee.common/1 [1.131 26-81d21190648c8a1bae92bc9cdb0bb9783ae4912f]
	org.netbeans.libs.jaxb/1 [1.59 26-81d21190648c8a1bae92bc9cdb0bb9783ae4912f]
	org.netbeans.modules.websvc.jaxws21/1 [1.60 26-81d21190648c8a1bae92bc9cdb0bb9783ae4912f]
	org.netbeans.modules.websvc.jaxwsmodel/1 [1.58 26-81d21190648c8a1bae92bc9cdb0bb9783ae4912f]
	org.netbeans.modules.websvc.jaxwsapi [1.54 26-81d21190648c8a1bae92bc9cdb0bb9783ae4912f]
	org.netbeans.modules.websvc.restapi/0 [1.64 26-81d21190648c8a1bae92bc9cdb0bb9783ae4912f]
	org.netbeans.modules.websvc.clientapi [1.60 26-81d21190648c8a1bae92bc9cdb0bb9783ae4912f]
	org.netbeans.modules.servletjspapi/1 [1.58.0.25 25 26-81d21190648c8a1bae92bc9cdb0bb9783ae4912f]
	org.netbeans.libs.glassfish_logging/1 [1.53.0.20 20 26-81d21190648c8a1bae92bc9cdb0bb9783ae4912f]
	org.netbeans.modules.web.jspparser/3 [3.57 26-81d21190648c8a1bae92bc9cdb0bb9783ae4912f]
	org.netbeans.modules.websvc.saas.codegen.j2ee [1.53 26-81d21190648c8a1bae92bc9cdb0bb9783ae4912f]
	org.apache.commons.codec [1.18.0 1.18.0]
	org.netbeans.libs.jackson/2 [2.27 26-81d21190648c8a1bae92bc9cdb0bb9783ae4912f]
	org.netbeans.libs.javax.inject/2 [2.63 26-81d21190648c8a1bae92bc9cdb0bb9783ae4912f]
	org.netbeans.modules.websvc.restlib/2 [2.36 26-81d21190648c8a1bae92bc9cdb0bb9783ae4912f]
	org.netbeans.modules.ant.browsetask [1.68 26-81d21190648c8a1bae92bc9cdb0bb9783ae4912f]
	org.netbeans.modules.javaee.project [1.47 26-81d21190648c8a1bae92bc9cdb0bb9783ae4912f]
	org.netbeans.modules.gsf.codecoverage [1.60 26-81d21190648c8a1bae92bc9cdb0bb9783ae4912f]
	org.netbeans.modules.web.clientproject.api [1.132 26-81d21190648c8a1bae92bc9cdb0bb9783ae4912f]
	org.netbeans.libs.junit4 [1.46 26-81d21190648c8a1bae92bc9cdb0bb9783ae4912f]
	org.netbeans.modules.junitlib [1.33 26-81d21190648c8a1bae92bc9cdb0bb9783ae4912f]
	org.netbeans.modules.java.testrunner [1.48 26-81d21190648c8a1bae92bc9cdb0bb9783ae4912f]
	org.netbeans.modules.junit/2 [2.102 26-81d21190648c8a1bae92bc9cdb0bb9783ae4912f]
	org.netbeans.modules.web.project [1.102.0.1 1 26-81d21190648c8a1bae92bc9cdb0bb9783ae4912f]
	org.netbeans.modules.websvc.projectapi/0 [1.50 26-81d21190648c8a1bae92bc9cdb0bb9783ae4912f]
	org.netbeans.modules.websvc.core [1.72.0.1.4 1 26-81d21190648c8a1bae92bc9cdb0bb9783ae4912f]
	org.netbeans.modules.websvc.manager [1.56 26-81d21190648c8a1bae92bc9cdb0bb9783ae4912f]
	org.netbeans.modules.websvc.editor.hints [1.55 26-81d21190648c8a1bae92bc9cdb0bb9783ae4912f]
	org.netbeans.modules.j2ee.eclipselinkmodelgen/1 [1.60 26-81d21190648c8a1bae92bc9cdb0bb9783ae4912f]
	org.netbeans.modules.j2ee.jpa.refactoring [1.59 26-81d21190648c8a1bae92bc9cdb0bb9783ae4912f]
	org.netbeans.modules.j2ee.jpa.verification [1.63 26-81d21190648c8a1bae92bc9cdb0bb9783ae4912f]
	org.apache.commons.commons_io [2.19 26-81d21190648c8a1bae92bc9cdb0bb9783ae4912f]
	org.apache.commons.lang3 [3.17.0 3.17.0]
	org.netbeans.libs.commons_compress/0 [0.34.0.181 181 26-81d21190648c8a1bae92bc9cdb0bb9783ae4912f]
	org.netbeans.modules.db.dataview [1.61 26-81d21190648c8a1bae92bc9cdb0bb9783ae4912f]
	org.netbeans.modules.db.core [1.65 26-81d21190648c8a1bae92bc9cdb0bb9783ae4912f]
	org.netbeans.modules.db.sql.editor [1.65.0.30 26-81d21190648c8a1bae92bc9cdb0bb9783ae4912f]
	org.netbeans.modules.db.drivers [1.58 26-81d21190648c8a1bae92bc9cdb0bb9783ae4912f]
	org.netbeans.api.visual [2.76 26-81d21190648c8a1bae92bc9cdb0bb9783ae4912f]
	org.netbeans.modules.db.sql.visualeditor/1 [2.60.0.30 26-81d21190648c8a1bae92bc9cdb0bb9783ae4912f]
	org.netbeans.modules.db.mysql [0.56.0.2 2 26-81d21190648c8a1bae92bc9cdb0bb9783ae4912f]
	org.netbeans.modules.derby [1.68 26-81d21190648c8a1bae92bc9cdb0bb9783ae4912f]
	org.netbeans.modules.db.kit [1.58 26-81d21190648c8a1bae92bc9cdb0bb9783ae4912f]
	org.netbeans.modules.ant.debugger/1 [1.65.0.2 26-81d21190648c8a1bae92bc9cdb0bb9783ae4912f]
	org.netbeans.modules.ant.freeform/1 [1.74 26-81d21190648c8a1bae92bc9cdb0bb9783ae4912f]
	org.netbeans.modules.projectui.buildmenu/1 [1.54.0.1 1 26-81d21190648c8a1bae92bc9cdb0bb9783ae4912f]
	org.netbeans.modules.ant.kit [1.57 26-81d21190648c8a1bae92bc9cdb0bb9783ae4912f]
	org.netbeans.modules.i18n/1 [1.81 26-81d21190648c8a1bae92bc9cdb0bb9783ae4912f]
	org.netbeans.modules.debugger.jpda.ant [1.66 26-81d21190648c8a1bae92bc9cdb0bb9783ae4912f]
	org.netbeans.modules.java.j2seproject/1 [1.115.0.48 48 26-81d21190648c8a1bae92bc9cdb0bb9783ae4912f]
	org.netbeans.modules.javawebstart [1.61 26-81d21190648c8a1bae92bc9cdb0bb9783ae4912f]
	org.netbeans.modules.java.freeform/1 [1.71 26-81d21190648c8a1bae92bc9cdb0bb9783ae4912f]
	org.netbeans.modules.java.j2seembedded [1.37 26-81d21190648c8a1bae92bc9cdb0bb9783ae4912f]
	org.netbeans.modules.java.debug [1.66.0.1.3.6 1 26-81d21190648c8a1bae92bc9cdb0bb9783ae4912f]
	org.netbeans.modules.java.examples/1 [1.64 26-81d21190648c8a1bae92bc9cdb0bb9783ae4912f]
	org.netbeans.modules.java.hints.ui [1.46.0.1.13 1 26-81d21190648c8a1bae92bc9cdb0bb9783ae4912f]
	org.netbeans.modules.java.nativeimage.debugger/0 [0.18 26-81d21190648c8a1bae92bc9cdb0bb9783ae4912f]
	org.netbeans.modules.java.navigation/1 [1.68 26-81d21190648c8a1bae92bc9cdb0bb9783ae4912f]
	org.netbeans.modules.java.hints.legacy.spi/1 [1.45.0.1.13 1 26-81d21190648c8a1bae92bc9cdb0bb9783ae4912f]
	org.netbeans.modules.java.hints/1 [1.111.0.17.3.12.1.1.32.6.1.1.13 17 26-81d21190648c8a1bae92bc9cdb0bb9783ae4912f]
	org.netbeans.modules.java.hints.declarative/1 [1.48.0.1.17.13 1 26-81d21190648c8a1bae92bc9cdb0bb9783ae4912f]
	org.netbeans.modules.java.j2seprofiles [1.36 26-81d21190648c8a1bae92bc9cdb0bb9783ae4912f]
	org.netbeans.modules.java.j2sedeploy [1.40 26-81d21190648c8a1bae92bc9cdb0bb9783ae4912f]
	org.netbeans.modules.java.j2seplatform/1 [1.71 26-81d21190648c8a1bae92bc9cdb0bb9783ae4912f]
	org.netbeans.modules.javadoc/1 [1.83.0.2 2 26-81d21190648c8a1bae92bc9cdb0bb9783ae4912f]
	org.netbeans.libs.graalsdk [1.29 26-81d21190648c8a1bae92bc9cdb0bb9783ae4912f]
	org.netbeans.modules.nashorn.execution/1 [1.34 26-81d21190648c8a1bae92bc9cdb0bb9783ae4912f]
	org.netbeans.modules.beans/1 [1.79.0.1.12 1 26-81d21190648c8a1bae92bc9cdb0bb9783ae4912f]
	org.netbeans.modules.java.testrunner.ui [1.32 26-81d21190648c8a1bae92bc9cdb0bb9783ae4912f]
	com.google.gson [2.12.1 2.12.1]
	org.netbeans.modules.java.openjdk.project/1 [1.25 26-81d21190648c8a1bae92bc9cdb0bb9783ae4912f]
	org.netbeans.modules.java.graph/1 [1.29 26-81d21190648c8a1bae92bc9cdb0bb9783ae4912f]
	org.netbeans.modules.java.module.graph [1.28 26-81d21190648c8a1bae92bc9cdb0bb9783ae4912f]
	org.netbeans.modules.spellchecker.apimodule [1.53 26-81d21190648c8a1bae92bc9cdb0bb9783ae4912f]
	org.netbeans.modules.spellchecker.bindings.java/1 [1.58 26-81d21190648c8a1bae92bc9cdb0bb9783ae4912f]
	org.netbeans.modules.languages.antlr [1.10 26-81d21190648c8a1bae92bc9cdb0bb9783ae4912f]
	org.netbeans.modules.java.source.ant [1.59.0.1.6 1 26-81d21190648c8a1bae92bc9cdb0bb9783ae4912f]
	org.netbeans.modules.projectimport.eclipse.core/1 [2.58 26-81d21190648c8a1bae92bc9cdb0bb9783ae4912f]
	org.netbeans.modules.java.kit [1.63 26-81d21190648c8a1bae92bc9cdb0bb9783ae4912f]
	org.netbeans.modules.j2ee.persistence.kit [1.60 26-81d21190648c8a1bae92bc9cdb0bb9783ae4912f]
	org.netbeans.modules.web.webkit.debugging [1.81 26-81d21190648c8a1bae92bc9cdb0bb9783ae4912f]
	org.netbeans.modules.web.inspect [0.58 26-81d21190648c8a1bae92bc9cdb0bb9783ae4912f]
	org.netbeans.modules.web.beans/2 [2.47 26-81d21190648c8a1bae92bc9cdb0bb9783ae4912f]
	org.netbeans.modules.javaee.resources [1.38 26-81d21190648c8a1bae92bc9cdb0bb9783ae4912f]
	org.netbeans.modules.j2ee.ejbcore [1.79 26-81d21190648c8a1bae92bc9cdb0bb9783ae4912f]
	org.netbeans.modules.j2ee.ddloaders/1 [1.65.0.2 26-81d21190648c8a1bae92bc9cdb0bb9783ae4912f]
	org.netbeans.modules.websvc.jaxws.lightapi [1.50 26-81d21190648c8a1bae92bc9cdb0bb9783ae4912f]
	org.netbeans.modules.glassfish.tooling/0 [1.35 26-81d21190648c8a1bae92bc9cdb0bb9783ae4912f]
	org.netbeans.modules.glassfish.common/0 [1.102 26-81d21190648c8a1bae92bc9cdb0bb9783ae4912f]
	org.netbeans.modules.j2ee.sun.dd/1 [1.61.0.1 1 26-81d21190648c8a1bae92bc9cdb0bb9783ae4912f]
	org.netbeans.modules.glassfish.eecommon/0 [1.65.0.1.1 1 26-81d21190648c8a1bae92bc9cdb0bb9783ae4912f]
	org.netbeans.modules.j2ee.sun.appsrv/1 [1.63.0.1 1 26-81d21190648c8a1bae92bc9cdb0bb9783ae4912f]
	org.netbeans.modules.j2ee.sun.ddui/1 [1.64.0.1.1 1 26-81d21190648c8a1bae92bc9cdb0bb9783ae4912f]
	org.netbeans.modules.glassfish.javaee/0 [1.69 26-81d21190648c8a1bae92bc9cdb0bb9783ae4912f]
	org.netbeans.modules.j2ee.genericserver [1.59 26-81d21190648c8a1bae92bc9cdb0bb9783ae4912f]
	org.netbeans.modules.javaee.api [1.48 26-81d21190648c8a1bae92bc9cdb0bb9783ae4912f]
	org.netbeans.modules.javascript.gulp [0.41 26-81d21190648c8a1bae92bc9cdb0bb9783ae4912f]
	org.netbeans.modules.javascript2.debug/1 [1.46 26-81d21190648c8a1bae92bc9cdb0bb9783ae4912f]
	org.netbeans.modules.javascript2.debug.ui/1 [1.31 26-81d21190648c8a1bae92bc9cdb0bb9783ae4912f]
	org.netbeans.modules.web.javascript.debugger [1.43 26-81d21190648c8a1bae92bc9cdb0bb9783ae4912f]
	org.netbeans.modules.javascript2.types/1 [1.28 26-81d21190648c8a1bae92bc9cdb0bb9783ae4912f]
	org.netbeans.modules.javascript2.json [1.31 26-81d21190648c8a1bae92bc9cdb0bb9783ae4912f]
	org.netbeans.modules.javascript2.lexer/1 [1.34 26-81d21190648c8a1bae92bc9cdb0bb9783ae4912f]
	org.netbeans.libs.nashorn/3 [3.9 26-81d21190648c8a1bae92bc9cdb0bb9783ae4912f]
	org.netbeans.modules.javascript2.doc/1 [1.28 26-81d21190648c8a1bae92bc9cdb0bb9783ae4912f]
	org.netbeans.modules.javascript2.model/1 [1.34 26-81d21190648c8a1bae92bc9cdb0bb9783ae4912f]
	org.netbeans.modules.javascript2.source.query/0 [0.27 26-81d21190648c8a1bae92bc9cdb0bb9783ae4912f]
	org.netbeans.modules.selenium2.server [1.31 26-81d21190648c8a1bae92bc9cdb0bb9783ae4912f]
	org.netbeans.modules.selenium2 [1.33 26-81d21190648c8a1bae92bc9cdb0bb9783ae4912f]
	org.netbeans.modules.selenium2.webclient [1.35 26-81d21190648c8a1bae92bc9cdb0bb9783ae4912f]
	org.netbeans.modules.web.clientproject [1.115 26-81d21190648c8a1bae92bc9cdb0bb9783ae4912f]
	org.netbeans.modules.web.client.samples [1.42 26-81d21190648c8a1bae92bc9cdb0bb9783ae4912f]
	org.netbeans.modules.javascript.cdnjs/0 [0.35 26-81d21190648c8a1bae92bc9cdb0bb9783ae4912f]
	org.netbeans.modules.web.webkit.tooling [1.38 26-81d21190648c8a1bae92bc9cdb0bb9783ae4912f]
	org.netbeans.modules.javascript.bower [0.33 26-81d21190648c8a1bae92bc9cdb0bb9783ae4912f]
	org.netbeans.modules.javascript.karma/0 [0.44 26-81d21190648c8a1bae92bc9cdb0bb9783ae4912f]
	org.netbeans.modules.javascript2.editor/1 [0.103 26-81d21190648c8a1bae92bc9cdb0bb9783ae4912f]
	org.netbeans.modules.javascript2.nodejs/0 [0.40 26-81d21190648c8a1bae92bc9cdb0bb9783ae4912f]
	org.netbeans.modules.javascript.nodejs/0 [0.57 26-81d21190648c8a1bae92bc9cdb0bb9783ae4912f]
	org.netbeans.modules.netserver [1.41 26-81d21190648c8a1bae92bc9cdb0bb9783ae4912f]
	org.netbeans.modules.extbrowser.chrome [1.38 26-81d21190648c8a1bae92bc9cdb0bb9783ae4912f]
	org.netbeans.modules.javascript.grunt [0.42 26-81d21190648c8a1bae92bc9cdb0bb9783ae4912f]
	org.netbeans.libs.jstestdriver [1.38 26-81d21190648c8a1bae92bc9cdb0bb9783ae4912f]
	org.netbeans.modules.javascript.jstestdriver [0.40 26-81d21190648c8a1bae92bc9cdb0bb9783ae4912f]
	org.netbeans.modules.web.client.kit [1.44 26-81d21190648c8a1bae92bc9cdb0bb9783ae4912f]
	org.netbeans.modules.web.monitor/1 [1.71 26-81d21190648c8a1bae92bc9cdb0bb9783ae4912f]
	org.netbeans.modules.java.editor.lib/1 [1.58.0.12 26-81d21190648c8a1bae92bc9cdb0bb9783ae4912f]
	org.netbeans.modules.el.lexer/1 [1.55 26-81d21190648c8a1bae92bc9cdb0bb9783ae4912f]
	org.netbeans.modules.jsp.lexer/1 [1.53 26-81d21190648c8a1bae92bc9cdb0bb9783ae4912f]
	org.netbeans.modules.target.iterator/1 [1.52 26-81d21190648c8a1bae92bc9cdb0bb9783ae4912f]
	org.netbeans.modules.web.core/2 [2.60.0.45.2 45 26-81d21190648c8a1bae92bc9cdb0bb9783ae4912f]
	org.netbeans.libs.elimpl/1 [1.47.0.1 1 26-81d21190648c8a1bae92bc9cdb0bb9783ae4912f]
	org.netbeans.modules.web.el [1.80 26-81d21190648c8a1bae92bc9cdb0bb9783ae4912f]
	org.netbeans.modules.web.core.syntax/2 [2.72.0.2.12 2 26-81d21190648c8a1bae92bc9cdb0bb9783ae4912f]
	org.netbeans.modules.web.refactoring [1.54.0.45 26-81d21190648c8a1bae92bc9cdb0bb9783ae4912f]
	org.netbeans.modules.javaee.beanvalidation [1.47 26-81d21190648c8a1bae92bc9cdb0bb9783ae4912f]
	org.netbeans.modules.languages.apacheconf [1.44 26-81d21190648c8a1bae92bc9cdb0bb9783ae4912f]
	org.netbeans.modules.websvc.rest/0 [1.58 26-81d21190648c8a1bae92bc9cdb0bb9783ae4912f]
	org.netbeans.modules.web.client.rest [1.42 26-81d21190648c8a1bae92bc9cdb0bb9783ae4912f]
	org.netbeans.modules.j2ee.ant [1.62.0.1 26-81d21190648c8a1bae92bc9cdb0bb9783ae4912f]
	org.netbeans.modules.websocket [1.35 26-81d21190648c8a1bae92bc9cdb0bb9783ae4912f]
	org.netbeans.modules.debugger.jpda.projects [1.68 26-81d21190648c8a1bae92bc9cdb0bb9783ae4912f]
	org.netbeans.modules.debugger.jpda.projectsui [1.31 26-81d21190648c8a1bae92bc9cdb0bb9783ae4912f]
	org.netbeans.modules.debugger.jpda/2 [1.137.0.80 80 26-81d21190648c8a1bae92bc9cdb0bb9783ae4912f]
	org.netbeans.modules.debugger.jpda.ui/1 [1.82 26-81d21190648c8a1bae92bc9cdb0bb9783ae4912f]
	org.netbeans.modules.web.debug/1 [2.64 26-81d21190648c8a1bae92bc9cdb0bb9783ae4912f]
	org.netbeans.modules.cloud.common [1.39 26-81d21190648c8a1bae92bc9cdb0bb9783ae4912f]
	org.netbeans.libs.amazon/1 [1.38 26-81d21190648c8a1bae92bc9cdb0bb9783ae4912f]
	org.netbeans.modules.cloud.amazon/0 [1.40 26-81d21190648c8a1bae92bc9cdb0bb9783ae4912f]
	org.netbeans.modules.web.jsfapi/2 [2.7 26-81d21190648c8a1bae92bc9cdb0bb9783ae4912f]
	org.netbeans.modules.web.freeform [1.60 26-81d21190648c8a1bae92bc9cdb0bb9783ae4912f]
	org.netbeans.libs.jstl/1 [2.62.0.123 123 26-81d21190648c8a1bae92bc9cdb0bb9783ae4912f]
	org.netbeans.modules.tomcat5/1 [1.70 26-81d21190648c8a1bae92bc9cdb0bb9783ae4912f]
	org.netbeans.modules.web.kit [1.56 26-81d21190648c8a1bae92bc9cdb0bb9783ae4912f]
	org.netbeans.modules.websvc.customization [1.54.0.2 26-81d21190648c8a1bae92bc9cdb0bb9783ae4912f]
	org.netbeans.modules.websvc.design [1.53 26-81d21190648c8a1bae92bc9cdb0bb9783ae4912f]
	org.netbeans.modules.websvc.owsm [1.41 26-81d21190648c8a1bae92bc9cdb0bb9783ae4912f]
	org.netbeans.modules.websvc.metro.lib/1 [1.56 26-81d21190648c8a1bae92bc9cdb0bb9783ae4912f]
	org.netbeans.modules.websvc.kit [1.54 26-81d21190648c8a1bae92bc9cdb0bb9783ae4912f]
	org.netbeans.modules.websvc.restkit/0 [1.52 26-81d21190648c8a1bae92bc9cdb0bb9783ae4912f]
	org.netbeans.modules.web.jsf/2 [2.8.0.3 3 26-81d21190648c8a1bae92bc9cdb0bb9783ae4912f]
	org.netbeans.modules.web.jsf.navigation/1 [2.54 26-81d21190648c8a1bae92bc9cdb0bb9783ae4912f]
	org.netbeans.modules.web.jsf20/1 [1.61.0.1 1 26-81d21190648c8a1bae92bc9cdb0bb9783ae4912f]
	org.netbeans.modules.web.jsf.editor [2.7 26-81d21190648c8a1bae92bc9cdb0bb9783ae4912f]
	org.netbeans.modules.web.jsf.kit [1.55 26-81d21190648c8a1bae92bc9cdb0bb9783ae4912f]
	org.netbeans.modules.web.primefaces [1.100 26-81d21190648c8a1bae92bc9cdb0bb9783ae4912f]
	org.netbeans.modules.web.jsf.richfaces [1.56 26-81d21190648c8a1bae92bc9cdb0bb9783ae4912f]
	org.netbeans.modules.web.jsf.icefaces [1.44 26-81d21190648c8a1bae92bc9cdb0bb9783ae4912f]
	org.netbeans.modules.web.bootsfaces [1.99 26-81d21190648c8a1bae92bc9cdb0bb9783ae4912f]
	org.netbeans.modules.versioning.core/1 [1.59.0.1.42 1 26-81d21190648c8a1bae92bc9cdb0bb9783ae4912f]
	org.netbeans.modules.versioning/1 [1.75.0.1 1 26-81d21190648c8a1bae92bc9cdb0bb9783ae4912f]
	org.netbeans.modules.versioning.util/2 [2.4.0.42.1 26-81d21190648c8a1bae92bc9cdb0bb9783ae4912f]
	org.netbeans.modules.team.commons [1.78 26-81d21190648c8a1bae92bc9cdb0bb9783ae4912f]
	org.netbeans.modules.versioning.ui/1 [1.51.0.42.1 26-81d21190648c8a1bae92bc9cdb0bb9783ae4912f]
	org.netbeans.modules.versioning.system.cvss.installer [1.44 26-81d21190648c8a1bae92bc9cdb0bb9783ae4912f]
	org.netbeans.modules.masterfs.ui [2.31.0.2 26-81d21190648c8a1bae92bc9cdb0bb9783ae4912f]
	org.netbeans.modules.versioning.masterfs [1.42 26-81d21190648c8a1bae92bc9cdb0bb9783ae4912f]
	org.netbeans.modules.versioning.indexingbridge/0 [1.54 26-81d21190648c8a1bae92bc9cdb0bb9783ae4912f]
	org.netbeans.modules.utilities.project/1 [1.66 26-81d21190648c8a1bae92bc9cdb0bb9783ae4912f]
	org.netbeans.modules.updatecenters/1 [1.68 26-81d21190648c8a1bae92bc9cdb0bb9783ae4912f]
	org.netbeans.libs.jcodings/2 [1.1 26-81d21190648c8a1bae92bc9cdb0bb9783ae4912f]
	org.netbeans.modules.textmate.lexer/0 [1.29.0.1 1 26-81d21190648c8a1bae92bc9cdb0bb9783ae4912f]
	com.google.guava [33.4.6 33.4.6.jre]
	org.netbeans.modules.lsp.client/0 [1.30.0.1.1.1 1 26-81d21190648c8a1bae92bc9cdb0bb9783ae4912f]
	org.netbeans.modules.typescript.editor [1.21 26-81d21190648c8a1bae92bc9cdb0bb9783ae4912f]
	org.netbeans.libs.testng/1 [1.42 26-81d21190648c8a1bae92bc9cdb0bb9783ae4912f]
	org.netbeans.modules.testng [2.48 26-81d21190648c8a1bae92bc9cdb0bb9783ae4912f]
	org.netbeans.modules.testng.ui [1.37 26-81d21190648c8a1bae92bc9cdb0bb9783ae4912f]
	org.netbeans.modules.maven.embedder/2 [2.83 26-81d21190648c8a1bae92bc9cdb0bb9783ae4912f]
	org.netbeans.modules.maven.indexer/2 [2.68 26-81d21190648c8a1bae92bc9cdb0bb9783ae4912f]
	org.netbeans.modules.maven.model/1 [1.72 26-81d21190648c8a1bae92bc9cdb0bb9783ae4912f]
	org.netbeans.modules.swing.validation/2 [1.60 26-81d21190648c8a1bae92bc9cdb0bb9783ae4912f]
	org.netbeans.modules.project.dependency [1.13.0.1 1 26-81d21190648c8a1bae92bc9cdb0bb9783ae4912f]
	org.netbeans.modules.maven.indexer.ui/2 [2.62 26-81d21190648c8a1bae92bc9cdb0bb9783ae4912f]
	org.netbeans.modules.maven/2 [2.168.0.1.1 1 26-81d21190648c8a1bae92bc9cdb0bb9783ae4912f]
	org.netbeans.modules.testng.maven [2.44 26-81d21190648c8a1bae92bc9cdb0bb9783ae4912f]
	org.netbeans.modules.java.testrunner.ant [1.30 26-81d21190648c8a1bae92bc9cdb0bb9783ae4912f]
	org.netbeans.modules.testng.ant [2.43 26-81d21190648c8a1bae92bc9cdb0bb9783ae4912f]
	org.netbeans.modules.templates/1 [1.35 26-81d21190648c8a1bae92bc9cdb0bb9783ae4912f]
	org.netbeans.modules.team.ide [1.42 26-81d21190648c8a1bae92bc9cdb0bb9783ae4912f]
	org.netbeans.libs.ini4j/1 [1.62 26-81d21190648c8a1bae92bc9cdb0bb9783ae4912f]
	org.netbeans.libs.svnClientAdapter/1 [1.68 26-81d21190648c8a1bae92bc9cdb0bb9783ae4912f]
	org.netbeans.modules.subversion [1.70.0.42.1 26-81d21190648c8a1bae92bc9cdb0bb9783ae4912f]
	org.netbeans.libs.cglib/1 [1.54 26-81d21190648c8a1bae92bc9cdb0bb9783ae4912f]
	org.netbeans.libs.springframework/1 [1.65 26-81d21190648c8a1bae92bc9cdb0bb9783ae4912f]
	org.netbeans.modules.spring.beans/0 [1.68.0.1 1 26-81d21190648c8a1bae92bc9cdb0bb9783ae4912f]
	org.netbeans.modules.spring.webmvc [1.64 26-81d21190648c8a1bae92bc9cdb0bb9783ae4912f]
	org.netbeans.modules.spellchecker [1.63.0.1.8 1 26-81d21190648c8a1bae92bc9cdb0bb9783ae4912f]
	org.netbeans.modules.spellchecker.kit [1.53 26-81d21190648c8a1bae92bc9cdb0bb9783ae4912f]
	org.netbeans.modules.spellchecker.dictionary_en [1.50 26-81d21190648c8a1bae92bc9cdb0bb9783ae4912f]
	org.netbeans.modules.properties.syntax/1 [1.78 26-81d21190648c8a1bae92bc9cdb0bb9783ae4912f]
	org.netbeans.modules.spellchecker.bindings.properties [1.50 26-81d21190648c8a1bae92bc9cdb0bb9783ae4912f]
	org.netbeans.modules.php.api.phpmodule [2.102 26-81d21190648c8a1bae92bc9cdb0bb9783ae4912f]
	org.netbeans.libs.javacup/1 [1.52.0.11 11 26-81d21190648c8a1bae92bc9cdb0bb9783ae4912f]
	org.netbeans.modules.php.api.templates/0 [0.37 26-81d21190648c8a1bae92bc9cdb0bb9783ae4912f]
	org.netbeans.modules.languages.neon [1.50 26-81d21190648c8a1bae92bc9cdb0bb9783ae4912f]
	org.netbeans.modules.php.api.annotation/0 [0.46 26-81d21190648c8a1bae92bc9cdb0bb9783ae4912f]
	org.netbeans.modules.php.api.editor/0 [0.55 26-81d21190648c8a1bae92bc9cdb0bb9783ae4912f]
	org.netbeans.modules.php.api.executable/0 [0.58 26-81d21190648c8a1bae92bc9cdb0bb9783ae4912f]
	org.netbeans.modules.php.api.framework/0 [0.53 26-81d21190648c8a1bae92bc9cdb0bb9783ae4912f]
	org.netbeans.modules.php.api.documentation/0 [0.41 26-81d21190648c8a1bae92bc9cdb0bb9783ae4912f]
	org.netbeans.libs.jsch.agentproxy/2 [1.12 26-81d21190648c8a1bae92bc9cdb0bb9783ae4912f]
	org.netbeans.libs.commons_net/2 [2.50.0.36 36 26-81d21190648c8a1bae92bc9cdb0bb9783ae4912f]
	org.netbeans.modules.php.api.testing/0 [0.47 26-81d21190648c8a1bae92bc9cdb0bb9783ae4912f]
	org.netbeans.modules.php.project [2.172 26-81d21190648c8a1bae92bc9cdb0bb9783ae4912f]
	org.netbeans.modules.php.editor/2 [2.45.0.2 2 26-81d21190648c8a1bae92bc9cdb0bb9783ae4912f]
	org.netbeans.insane/1 [1.57.0.1 1 26-81d21190648c8a1bae92bc9cdb0bb9783ae4912f]
	org.netbeans.modules.nbjunit/1 [1.118 26-81d21190648c8a1bae92bc9cdb0bb9783ae4912f]
	org.netbeans.modules.spellchecker.bindings.php [0.28 26-81d21190648c8a1bae92bc9cdb0bb9783ae4912f]
	org.netbeans.modules.spellchecker.bindings.htmlxml [1.55 26-81d21190648c8a1bae92bc9cdb0bb9783ae4912f]
	org.netbeans.lib.v8debug/1 [1.44 26-81d21190648c8a1bae92bc9cdb0bb9783ae4912f]
	org.netbeans.modules.javascript.v8debug/1 [1.38.0.1 1 26-81d21190648c8a1bae92bc9cdb0bb9783ae4912f]
	org.netbeans.modules.selenium2.webclient.protractor [1.31 26-81d21190648c8a1bae92bc9cdb0bb9783ae4912f]
	org.netbeans.modules.selenium2.webclient.mocha [1.34 26-81d21190648c8a1bae92bc9cdb0bb9783ae4912f]
	org.netbeans.modules.selenium2.php [1.28 26-81d21190648c8a1bae92bc9cdb0bb9783ae4912f]
	org.netbeans.modules.selenium2.java [1.30 26-81d21190648c8a1bae92bc9cdb0bb9783ae4912f]
	org.netbeans.modules.selenium2.maven [1.30 26-81d21190648c8a1bae92bc9cdb0bb9783ae4912f]
	org.netbeans.modules.projectimport.eclipse.web [1.52.0.1 26-81d21190648c8a1bae92bc9cdb0bb9783ae4912f]
	org.netbeans.modules.projectimport.eclipse.j2se [1.56.0.48 26-81d21190648c8a1bae92bc9cdb0bb9783ae4912f]
	org.netbeans.modules.projectapi.nb [1.32 26-81d21190648c8a1bae92bc9cdb0bb9783ae4912f]
	org.netbeans.modules.project.spi.intern.impl [1.31 26-81d21190648c8a1bae92bc9cdb0bb9783ae4912f]
	org.netbeans.modules.progress.ui [1.61 26-81d21190648c8a1bae92bc9cdb0bb9783ae4912f]
	org.netbeans.modules.profiler.utilities/1 [1.65 26-81d21190648c8a1bae92bc9cdb0bb9783ae4912f]
	org.netbeans.lib.profiler/1 [1.137 26-81d21190648c8a1bae92bc9cdb0bb9783ae4912f]
	org.netbeans.lib.profiler.charts/1 [1.58 26-81d21190648c8a1bae92bc9cdb0bb9783ae4912f]
	org.netbeans.lib.profiler.common/1 [1.75 26-81d21190648c8a1bae92bc9cdb0bb9783ae4912f]
	org.netbeans.modules.profiler.api/1 [1.78 26-81d21190648c8a1bae92bc9cdb0bb9783ae4912f]
	org.netbeans.lib.profiler.ui/1 [1.174 26-81d21190648c8a1bae92bc9cdb0bb9783ae4912f]
	org.netbeans.modules.profiler.attach/2 [2.49 26-81d21190648c8a1bae92bc9cdb0bb9783ae4912f]
	org.netbeans.modules.profiler/3 [3.57 26-81d21190648c8a1bae92bc9cdb0bb9783ae4912f]
	org.netbeans.modules.profiler.snaptracer/1 [1.52 26-81d21190648c8a1bae92bc9cdb0bb9783ae4912f]
	org.netbeans.modules.profiler.projectsupport [1.61 26-81d21190648c8a1bae92bc9cdb0bb9783ae4912f]
	org.netbeans.modules.profiler.ppoints [1.52 26-81d21190648c8a1bae92bc9cdb0bb9783ae4912f]
	org.netbeans.modules.profiler.oql/2 [2.46 26-81d21190648c8a1bae92bc9cdb0bb9783ae4912f]
	org.netbeans.modules.profiler.oql.language/0 [0.56 26-81d21190648c8a1bae92bc9cdb0bb9783ae4912f]
	org.netbeans.modules.profiler.options [1.47 26-81d21190648c8a1bae92bc9cdb0bb9783ae4912f]
	org.netbeans.modules.profiler.nbimpl/1 [1.53 26-81d21190648c8a1bae92bc9cdb0bb9783ae4912f]
	org.netbeans.modules.profiler.nbmodule/1 [1.63 26-81d21190648c8a1bae92bc9cdb0bb9783ae4912f]
	org.netbeans.modules.profiler.heapwalker [1.140 26-81d21190648c8a1bae92bc9cdb0bb9783ae4912f]
	org.netbeans.modules.profiler.kit [1.47 26-81d21190648c8a1bae92bc9cdb0bb9783ae4912f]
	org.netbeans.modules.profiler.j2se/1 [1.64 26-81d21190648c8a1bae92bc9cdb0bb9783ae4912f]
	org.netbeans.modules.profiler.j2ee/1 [1.62 26-81d21190648c8a1bae92bc9cdb0bb9783ae4912f]
	org.netbeans.modules.profiler.freeform/1 [1.63 26-81d21190648c8a1bae92bc9cdb0bb9783ae4912f]
	org.netbeans.modules.php.code.analysis [0.42 26-81d21190648c8a1bae92bc9cdb0bb9783ae4912f]
	org.netbeans.modules.php.samples [1.56 26-81d21190648c8a1bae92bc9cdb0bb9783ae4912f]
	org.netbeans.modules.php.refactoring [1.59 26-81d21190648c8a1bae92bc9cdb0bb9783ae4912f]
	org.netbeans.modules.php.dbgp [1.70 26-81d21190648c8a1bae92bc9cdb0bb9783ae4912f]
	org.netbeans.modules.php.kit [1.90 26-81d21190648c8a1bae92bc9cdb0bb9783ae4912f]
	org.netbeans.modules.php.composer/0 [0.58 26-81d21190648c8a1bae92bc9cdb0bb9783ae4912f]
	org.netbeans.modules.php.zend2 [0.44 26-81d21190648c8a1bae92bc9cdb0bb9783ae4912f]
	org.netbeans.modules.languages.ini [1.53 26-81d21190648c8a1bae92bc9cdb0bb9783ae4912f]
	org.netbeans.modules.php.zend [1.60 26-81d21190648c8a1bae92bc9cdb0bb9783ae4912f]
	org.netbeans.modules.php.twig/1 [1.53 26-81d21190648c8a1bae92bc9cdb0bb9783ae4912f]
	org.netbeans.modules.php.symfony2/1 [1.55 26-81d21190648c8a1bae92bc9cdb0bb9783ae4912f]
	org.netbeans.modules.php.symfony [1.72 26-81d21190648c8a1bae92bc9cdb0bb9783ae4912f]
	org.netbeans.modules.php.smarty [1.114 26-81d21190648c8a1bae92bc9cdb0bb9783ae4912f]
	org.netbeans.modules.php.phpunit/0 [0.53 26-81d21190648c8a1bae92bc9cdb0bb9783ae4912f]
	org.netbeans.modules.php.phpdoc [1.50 26-81d21190648c8a1bae92bc9cdb0bb9783ae4912f]
	org.netbeans.modules.php.phing [0.38 26-81d21190648c8a1bae92bc9cdb0bb9783ae4912f]
	org.netbeans.modules.php.nette2/1 [1.37 26-81d21190648c8a1bae92bc9cdb0bb9783ae4912f]
	org.netbeans.modules.php.nette.tester [0.42 26-81d21190648c8a1bae92bc9cdb0bb9783ae4912f]
	org.netbeans.modules.php.latte/1 [1.44 26-81d21190648c8a1bae92bc9cdb0bb9783ae4912f]
	org.netbeans.modules.php.doctrine2 [1.54 26-81d21190648c8a1bae92bc9cdb0bb9783ae4912f]
	org.netbeans.modules.php.codeception [0.32 26-81d21190648c8a1bae92bc9cdb0bb9783ae4912f]
	org.netbeans.modules.php.atoum [0.44 26-81d21190648c8a1bae92bc9cdb0bb9783ae4912f]
	org.netbeans.modules.php.apigen [1.55 26-81d21190648c8a1bae92bc9cdb0bb9783ae4912f]
	org.netbeans.modules.payara.tooling/0 [2.23 26-81d21190648c8a1bae92bc9cdb0bb9783ae4912f]
	org.netbeans.modules.maven.j2ee/1 [1.89 26-81d21190648c8a1bae92bc9cdb0bb9783ae4912f]
	org.netbeans.modules.payara.micro/0 [2.23 26-81d21190648c8a1bae92bc9cdb0bb9783ae4912f]
	org.netbeans.modules.payara.common/0 [2.23 26-81d21190648c8a1bae92bc9cdb0bb9783ae4912f]
	org.netbeans.modules.payara.eecommon/0 [2.24.0.1.1 1 26-81d21190648c8a1bae92bc9cdb0bb9783ae4912f]
	org.netbeans.modules.payara.jakartaee/0 [2.23 26-81d21190648c8a1bae92bc9cdb0bb9783ae4912f]
	org.netbeans.modules.parsing.ui [1.42.0.1 26-81d21190648c8a1bae92bc9cdb0bb9783ae4912f]
	org.netbeans.modules.parsing.nb [1.32.0.8.1 26-81d21190648c8a1bae92bc9cdb0bb9783ae4912f]
	org.netbeans.modules.notifications [1.36 26-81d21190648c8a1bae92bc9cdb0bb9783ae4912f]
	org.netbeans.core.netigso [1.59 26-81d21190648c8a1bae92bc9cdb0bb9783ae4912f]
	org.netbeans.modules.netbinox [1.69 26-81d21190648c8a1bae92bc9cdb0bb9783ae4912f]
	org.eclipse.mylyn.commons.net [3.17.0 3.17.0.v20150706-2057]
	org.eclipse.mylyn.tasks.core [3.17.0 3.17.0.v20150828-2026]
	org.eclipse.core.jobs [3.5.100 3.5.100.v20110404]
	org.eclipse.mylyn.wikitext.core [2.6.0 2.6.0.v20150901-2143]
	org.netbeans.modules.bugtracking [1.137 26-81d21190648c8a1bae92bc9cdb0bb9783ae4912f]
	org.eclipse.equinox.common [3.6.0 3.6.0.v20110523]
	org.eclipse.core.runtime [3.7.0 3.7.0.v20110110]
	org.netbeans.modules.mylyn.util [1.64 26-81d21190648c8a1bae92bc9cdb0bb9783ae4912f]
	org.netbeans.modules.libs.gradle/8 [8.12 26-81d21190648c8a1bae92bc9cdb0bb9783ae4912f]
	org.netbeans.modules.gradle/2 [2.46.0.1 1 26-81d21190648c8a1bae92bc9cdb0bb9783ae4912f]
	org.netbeans.api.maven [1.34 26-81d21190648c8a1bae92bc9cdb0bb9783ae4912f]
	org.netbeans.modules.micronaut [1.18.0.1.2.1.1 1 26-81d21190648c8a1bae92bc9cdb0bb9783ae4912f]
	org.netbeans.modules.mercurial/2 [2.4.0.42.1 26-81d21190648c8a1bae92bc9cdb0bb9783ae4912f]
	org.netbeans.modules.maven.spring/1 [1.57 26-81d21190648c8a1bae92bc9cdb0bb9783ae4912f]
	org.netbeans.modules.maven.coverage [1.51 26-81d21190648c8a1bae92bc9cdb0bb9783ae4912f]
	org.netbeans.modules.maven.repository/1 [1.70 26-81d21190648c8a1bae92bc9cdb0bb9783ae4912f]
	org.netbeans.modules.maven.graph/1 [1.60 26-81d21190648c8a1bae92bc9cdb0bb9783ae4912f]
	org.netbeans.modules.maven.grammar/1 [1.75.0.1 26-81d21190648c8a1bae92bc9cdb0bb9783ae4912f]
	org.netbeans.modules.maven.osgi/1 [1.63 26-81d21190648c8a1bae92bc9cdb0bb9783ae4912f]
	org.netbeans.modules.maven.refactoring [1.49.0.1 26-81d21190648c8a1bae92bc9cdb0bb9783ae4912f]
	org.netbeans.modules.maven.checkstyle [1.45 26-81d21190648c8a1bae92bc9cdb0bb9783ae4912f]
	org.netbeans.modules.maven.kit/1 [4.59 26-81d21190648c8a1bae92bc9cdb0bb9783ae4912f]
	org.netbeans.modules.maven.search [1.60 26-81d21190648c8a1bae92bc9cdb0bb9783ae4912f]
	org.netbeans.modules.maven.profiler/1 [1.60 26-81d21190648c8a1bae92bc9cdb0bb9783ae4912f]
	org.netbeans.modules.maven.persistence/1 [1.57 26-81d21190648c8a1bae92bc9cdb0bb9783ae4912f]
	org.netbeans.modules.junit.ui [1.35 26-81d21190648c8a1bae92bc9cdb0bb9783ae4912f]
	org.netbeans.modules.maven.junit.ui [1.33 26-81d21190648c8a1bae92bc9cdb0bb9783ae4912f]
	org.netbeans.modules.maven.junit/1 [1.63 26-81d21190648c8a1bae92bc9cdb0bb9783ae4912f]
	org.netbeans.modules.maven.jaxws [1.56 26-81d21190648c8a1bae92bc9cdb0bb9783ae4912f]
	org.netbeans.modules.maven.hints/1 [1.68 26-81d21190648c8a1bae92bc9cdb0bb9783ae4912f]
	org.netbeans.modules.masterfs.nio2 [1.43 26-81d21190648c8a1bae92bc9cdb0bb9783ae4912f]
	org.netbeans.modules.masterfs.linux [1.41 26-81d21190648c8a1bae92bc9cdb0bb9783ae4912f]
	org.netbeans.modules.markdown [1.16 26-81d21190648c8a1bae92bc9cdb0bb9783ae4912f]
	org.netbeans.modules.bugtracking.commons [1.36 26-81d21190648c8a1bae92bc9cdb0bb9783ae4912f]
	org.netbeans.modules.localtasks [1.53 26-81d21190648c8a1bae92bc9cdb0bb9783ae4912f]
	org.netbeans.modules.localhistory [1.63 26-81d21190648c8a1bae92bc9cdb0bb9783ae4912f]
	org.netbeans.modules.linetools/1 [1.25.0 230308]
	org.netbeans.modules.lexer.nbbridge/1 [1.60.0.1 26-81d21190648c8a1bae92bc9cdb0bb9783ae4912f]
	org.netbeans.modules.kotlin.editor [1.23 26-81d21190648c8a1bae92bc9cdb0bb9783ae4912f]
	org.netbeans.modules.keyring.fallback [1.36 26-81d21190648c8a1bae92bc9cdb0bb9783ae4912f]
	org.netbeans.modules.keyring.impl [1.52 26-81d21190648c8a1bae92bc9cdb0bb9783ae4912f]
	org.netbeans.modules.junit.ant.ui [1.33 26-81d21190648c8a1bae92bc9cdb0bb9783ae4912f]
	org.netbeans.modules.junit.ant [1.31 26-81d21190648c8a1bae92bc9cdb0bb9783ae4912f]
	org.netbeans.lib.nbjshell [1.30 26-81d21190648c8a1bae92bc9cdb0bb9783ae4912f]
	org.netbeans.modules.jshell.support [1.28.0.3.55.17.1.6 26-81d21190648c8a1bae92bc9cdb0bb9783ae4912f]
	org.netbeans.modules.javascript2.vue [0.1 26-81d21190648c8a1bae92bc9cdb0bb9783ae4912f]
	org.netbeans.modules.javascript2.sdoc [1.26 26-81d21190648c8a1bae92bc9cdb0bb9783ae4912f]
	org.netbeans.modules.javascript2.requirejs [0.35 26-81d21190648c8a1bae92bc9cdb0bb9783ae4912f]
	org.netbeans.modules.javascript2.react [0.27 26-81d21190648c8a1bae92bc9cdb0bb9783ae4912f]
	org.netbeans.modules.javascript2.prototypejs [0.33 26-81d21190648c8a1bae92bc9cdb0bb9783ae4912f]
	org.netbeans.modules.javascript2.knockout [1.38 26-81d21190648c8a1bae92bc9cdb0bb9783ae4912f]
	org.netbeans.modules.javascript2.jsdoc [1.26 26-81d21190648c8a1bae92bc9cdb0bb9783ae4912f]
	org.netbeans.modules.javascript2.extjs [1.37 26-81d21190648c8a1bae92bc9cdb0bb9783ae4912f]
	org.netbeans.modules.javascript2.jquery [1.37 26-81d21190648c8a1bae92bc9cdb0bb9783ae4912f]
	org.netbeans.modules.javascript2.extdoc [1.26 26-81d21190648c8a1bae92bc9cdb0bb9783ae4912f]
	org.netbeans.modules.javascript2.jade/1 [0.34 26-81d21190648c8a1bae92bc9cdb0bb9783ae4912f]
	org.netbeans.modules.javascript2.kit/1 [0.41 26-81d21190648c8a1bae92bc9cdb0bb9783ae4912f]
	org.netbeans.modules.javascript2.html [1.18 26-81d21190648c8a1bae92bc9cdb0bb9783ae4912f]
	org.netbeans.modules.javascript.v8debug.ui/1 [1.27.0.1 26-81d21190648c8a1bae92bc9cdb0bb9783ae4912f]
	org.netbeans.lib.chrome_devtools_protocol/2 [2.1 26-81d21190648c8a1bae92bc9cdb0bb9783ae4912f]
	org.netbeans.modules.javascript.cdtdebug/1 [1.5.0.1 1 26-81d21190648c8a1bae92bc9cdb0bb9783ae4912f]
	org.netbeans.modules.javascript.cdtdebug.ui/1 [1.5.0.1 26-81d21190648c8a1bae92bc9cdb0bb9783ae4912f]
	org.netbeans.modules.javafx2.platform [1.54 26-81d21190648c8a1bae92bc9cdb0bb9783ae4912f]
	org.netbeans.modules.javafx2.project [1.58 26-81d21190648c8a1bae92bc9cdb0bb9783ae4912f]
	org.netbeans.modules.javafx2.editor [1.49.0.12.6 26-81d21190648c8a1bae92bc9cdb0bb9783ae4912f]
	org.netbeans.modules.javafx2.scenebuilder [1.45 26-81d21190648c8a1bae92bc9cdb0bb9783ae4912f]
	org.netbeans.modules.javafx2.samples [1.45 26-81d21190648c8a1bae92bc9cdb0bb9783ae4912f]
	org.netbeans.html.xhr4j [1.8.1 1.8.1]
	net.java.html.json [1.8.1 1.8.1]
	net.java.html [1.8.1 1.8.1]
	net.java.html.boot [1.8.1 1.8.1]
	org.netbeans.html.ko4j [1.8.1 1.8.1]
	org.netbeans.api.htmlui [1.36 26-81d21190648c8a1bae92bc9cdb0bb9783ae4912f]
	org.netbeans.modules.debugger.jpda.visual/1 [1.45 26-81d21190648c8a1bae92bc9cdb0bb9783ae4912f]
	org.netbeans.modules.debugger.jpda.js/1 [1.38 26-81d21190648c8a1bae92bc9cdb0bb9783ae4912f]
	org.netbeans.modules.debugger.jpda.jsui/1 [1.28 26-81d21190648c8a1bae92bc9cdb0bb9783ae4912f]
	org.netbeans.modules.debugger.jpda.kit [1.43 26-81d21190648c8a1bae92bc9cdb0bb9783ae4912f]
	org.netbeans.modules.java.guards/0 [0.59 26-81d21190648c8a1bae92bc9cdb0bb9783ae4912f]
	org.netbeans.modules.java.source.queries [1.46 26-81d21190648c8a1bae92bc9cdb0bb9783ae4912f]
	org.netbeans.modules.form/2 [1.85.0.4 4 26-81d21190648c8a1bae92bc9cdb0bb9783ae4912f]
	org.netbeans.modules.form.nb/0 [0.46.0.1.4 1 26-81d21190648c8a1bae92bc9cdb0bb9783ae4912f]
	org.netbeans.modules.i18n.form/2 [1.78.0.4.1 26-81d21190648c8a1bae92bc9cdb0bb9783ae4912f]
	org.netbeans.modules.form.refactoring/0 [0.45.0.1.4.1 1 26-81d21190648c8a1bae92bc9cdb0bb9783ae4912f]
	org.netbeans.modules.form.kit [1.56 26-81d21190648c8a1bae92bc9cdb0bb9783ae4912f]
	org.netbeans.modules.javafx2.kit [1.45 26-81d21190648c8a1bae92bc9cdb0bb9783ae4912f]
	org.netbeans.modules.javaee8.api [1.31 26-81d21190648c8a1bae92bc9cdb0bb9783ae4912f]
	org.netbeans.modules.javaee7.api [1.32 26-81d21190648c8a1bae92bc9cdb0bb9783ae4912f]
	org.netbeans.modules.javaee.wildfly/1 [2.20 26-81d21190648c8a1bae92bc9cdb0bb9783ae4912f]
	org.netbeans.modules.java.source.queriesimpl [1.45 26-81d21190648c8a1bae92bc9cdb0bb9783ae4912f]
	org.netbeans.modules.java.mx.project [1.17 26-81d21190648c8a1bae92bc9cdb0bb9783ae4912f]
	org.netbeans.modules.java.metrics [1.36 26-81d21190648c8a1bae92bc9cdb0bb9783ae4912f]
	org.netbeans.libs.truffleapi [1.29 26-81d21190648c8a1bae92bc9cdb0bb9783ae4912f]
	org.netbeans.modules.debugger.jpda.truffle/1 [1.25 26-81d21190648c8a1bae92bc9cdb0bb9783ae4912f]
	org.netbeans.html.presenters.spi [1.8.1 1.8.1]
	org.netbeans.modules.java.lsp.server/2 [2.12.0.1.2.12.1.17.32.6.2.8.1.8.1.1.13 1 26-81d21190648c8a1bae92bc9cdb0bb9783ae4912f]
	org.netbeans.modules.java.j2semodule [1.30 26-81d21190648c8a1bae92bc9cdb0bb9783ae4912f]
	org.netbeans.modules.java.disco [2.12 26-81d21190648c8a1bae92bc9cdb0bb9783ae4912f]
	org.netbeans.modules.jakartaee9.platform/1 [1.28 26-81d21190648c8a1bae92bc9cdb0bb9783ae4912f]
	org.netbeans.modules.jakartaee9.api [1.28 26-81d21190648c8a1bae92bc9cdb0bb9783ae4912f]
	org.netbeans.modules.jakartaee8.platform/1 [1.29 26-81d21190648c8a1bae92bc9cdb0bb9783ae4912f]
	org.netbeans.modules.jakartaee8.api [1.29 26-81d21190648c8a1bae92bc9cdb0bb9783ae4912f]
	org.netbeans.modules.jakartaee10.platform/1 [1.27 26-81d21190648c8a1bae92bc9cdb0bb9783ae4912f]
	org.netbeans.modules.jakartaee10.api [1.27 26-81d21190648c8a1bae92bc9cdb0bb9783ae4912f]
	org.netbeans.modules.jakarta.transformer/0 [2.22 26-81d21190648c8a1bae92bc9cdb0bb9783ae4912f]
	org.netbeans.modules.j2ee.platform/1 [1.58 26-81d21190648c8a1bae92bc9cdb0bb9783ae4912f]
	org.netbeans.modules.j2ee.ejbverification [1.60 26-81d21190648c8a1bae92bc9cdb0bb9783ae4912f]
	org.netbeans.modules.j2ee.ejbrefactoring [1.53 26-81d21190648c8a1bae92bc9cdb0bb9783ae4912f]
	org.netbeans.modules.j2ee.clientproject [1.74.0.1 1 26-81d21190648c8a1bae92bc9cdb0bb9783ae4912f]
	org.netbeans.modules.j2ee.ejbjarproject [1.81 26-81d21190648c8a1bae92bc9cdb0bb9783ae4912f]
	org.netbeans.modules.j2ee.earproject [1.79 26-81d21190648c8a1bae92bc9cdb0bb9783ae4912f]
	org.netbeans.modules.j2ee.kit [1.53 26-81d21190648c8a1bae92bc9cdb0bb9783ae4912f]
	org.netbeans.modules.ide.ergonomics [1.55 26-81d21190648c8a1bae92bc9cdb0bb9783ae4912f]
	org.netbeans.modules.ide.dashboard/0 [0.5 26-81d21190648c8a1bae92bc9cdb0bb9783ae4912f]
	org.netbeans.modules.autoupdate.pluginimporter [1.48 26-81d21190648c8a1bae92bc9cdb0bb9783ae4912f]
	org.netbeans.modules.deadlock.detector [1.34 26-81d21190648c8a1bae92bc9cdb0bb9783ae4912f]
	org.netbeans.modules.ide.branding/1 [1.60 26-81d21190648c8a1bae92bc9cdb0bb9783ae4912f]
	org.netbeans.modules.ide.branding.kit [1.56 26-81d21190648c8a1bae92bc9cdb0bb9783ae4912f]
	org.netbeans.modules.hudson [2.41 26-81d21190648c8a1bae92bc9cdb0bb9783ae4912f]
	org.netbeans.modules.hudson.ui [1.39 26-81d21190648c8a1bae92bc9cdb0bb9783ae4912f]
	org.netbeans.modules.hudson.tasklist [1.45 26-81d21190648c8a1bae92bc9cdb0bb9783ae4912f]
	org.netbeans.modules.hudson.subversion [1.57 26-81d21190648c8a1bae92bc9cdb0bb9783ae4912f]
	org.netbeans.modules.hudson.php [1.46 26-81d21190648c8a1bae92bc9cdb0bb9783ae4912f]
	org.netbeans.modules.hudson.mercurial [1.57 26-81d21190648c8a1bae92bc9cdb0bb9783ae4912f]
	org.netbeans.modules.hudson.maven [1.57 26-81d21190648c8a1bae92bc9cdb0bb9783ae4912f]
	org.netbeans.modules.hudson.git [1.46 26-81d21190648c8a1bae92bc9cdb0bb9783ae4912f]
	org.netbeans.modules.hudson.ant [1.55 26-81d21190648c8a1bae92bc9cdb0bb9783ae4912f]
	org.netbeans.modules.html.custom [1.34 26-81d21190648c8a1bae92bc9cdb0bb9783ae4912f]
	org.netbeans.core.browser/1 [1.56.0.1 1 26-81d21190648c8a1bae92bc9cdb0bb9783ae4912f]
	org.netbeans.modules.html.angular [1.40 26-81d21190648c8a1bae92bc9cdb0bb9783ae4912f]
	org.netbeans.modules.gradle.java [1.31.0.1.1 1 26-81d21190648c8a1bae92bc9cdb0bb9783ae4912f]
	org.netbeans.modules.gradle.test [1.25 26-81d21190648c8a1bae92bc9cdb0bb9783ae4912f]
	org.netbeans.modules.gradle.spring [1.24 26-81d21190648c8a1bae92bc9cdb0bb9783ae4912f]
	org.netbeans.modules.gradle.persistence [1.24 26-81d21190648c8a1bae92bc9cdb0bb9783ae4912f]
	org.netbeans.modules.gradle.editor [1.10 26-81d21190648c8a1bae92bc9cdb0bb9783ae4912f]
	org.netbeans.modules.gradle.dists [1.16 26-81d21190648c8a1bae92bc9cdb0bb9783ae4912f]
	org.netbeans.modules.gradle.java.coverage [1.21 26-81d21190648c8a1bae92bc9cdb0bb9783ae4912f]
	org.netbeans.modules.gradle.kit [1.24 26-81d21190648c8a1bae92bc9cdb0bb9783ae4912f]
	org.netbeans.modules.gradle.javaee [1.23 26-81d21190648c8a1bae92bc9cdb0bb9783ae4912f]
	org.netbeans.libs.freemarker/1 [2.62.0.239 239 26-81d21190648c8a1bae92bc9cdb0bb9783ae4912f]
	org.netbeans.modules.gradle.htmlui [1.23 26-81d21190648c8a1bae92bc9cdb0bb9783ae4912f]
	org.netbeans.modules.gradle.dependencies [1.5.0.1.1.1 26-81d21190648c8a1bae92bc9cdb0bb9783ae4912f]
	org.eclipse.jgit [7.2.0 7.2.0.202503040940-r]
	org.eclipse.jgit.ssh.jsch [7.2.0 7.2.0.202503040940-r]
	org.netbeans.libs.git/1 [1.63 26-81d21190648c8a1bae92bc9cdb0bb9783ae4912f]
	org.netbeans.modules.git [1.51.0.1 26-81d21190648c8a1bae92bc9cdb0bb9783ae4912f]
	org.netbeans.modules.extexecution.process [1.56 26-81d21190648c8a1bae92bc9cdb0bb9783ae4912f]
	org.netbeans.modules.extexecution.impl [1.53 26-81d21190648c8a1bae92bc9cdb0bb9783ae4912f]
	org.netbeans.modules.editor.mimelookup.impl/1 [1.60 26-81d21190648c8a1bae92bc9cdb0bb9783ae4912f]
	org.netbeans.modules.editor.htmlui [1.27 26-81d21190648c8a1bae92bc9cdb0bb9783ae4912f]
	org.netbeans.modules.editor.global.format/1 [1.43.0.1 1 26-81d21190648c8a1bae92bc9cdb0bb9783ae4912f]
	libs.c.kohlschutter.junixsocket/2 [3.10 26-81d21190648c8a1bae92bc9cdb0bb9783ae4912f]
	org.netbeans.modules.docker.api/0 [1.48 26-81d21190648c8a1bae92bc9cdb0bb9783ae4912f]
	org.netbeans.modules.docker.ui/0 [1.28 26-81d21190648c8a1bae92bc9cdb0bb9783ae4912f]
	org.netbeans.modules.docker.editor/0 [1.28 26-81d21190648c8a1bae92bc9cdb0bb9783ae4912f]
	org.netbeans.modules.dlight.nativeexecution.nb [1.28 26-81d21190648c8a1bae92bc9cdb0bb9783ae4912f]
	org.netbeans.modules.debugger.jpda.trufflenode/1 [1.25 26-81d21190648c8a1bae92bc9cdb0bb9783ae4912f]
	org.netbeans.modules.debugger.jpda.heapwalk/1 [1.59 26-81d21190648c8a1bae92bc9cdb0bb9783ae4912f]
	org.netbeans.modules.css.prep [1.58 26-81d21190648c8a1bae92bc9cdb0bb9783ae4912f]
	org.netbeans.modules.cpplite.debugger [1.20 26-81d21190648c8a1bae92bc9cdb0bb9783ae4912f]
	org.netbeans.modules.cpplite.editor [1.19 26-81d21190648c8a1bae92bc9cdb0bb9783ae4912f]
	org.netbeans.modules.cpplite.project [1.19 26-81d21190648c8a1bae92bc9cdb0bb9783ae4912f]
	org.netbeans.modules.cpplite.kit [1.19 26-81d21190648c8a1bae92bc9cdb0bb9783ae4912f]
	org.netbeans.modules.cordova.platforms [1.64 26-81d21190648c8a1bae92bc9cdb0bb9783ae4912f]
	org.netbeans.modules.cordova.platforms.android [1.54 26-81d21190648c8a1bae92bc9cdb0bb9783ae4912f]
	org.netbeans.modules.cordova [1.61 26-81d21190648c8a1bae92bc9cdb0bb9783ae4912f]
	bcutil [1.77 1.77]
	bcpkix [1.77 1.77]
	bcprov [1.77 1.77]
	org.netbeans.libs.fabric8/1 [1.2 26-81d21190648c8a1bae92bc9cdb0bb9783ae4912f]
	org.netbeans.modules.cloud.oracle [1.14 26-81d21190648c8a1bae92bc9cdb0bb9783ae4912f]
	org.eclipse.mylyn.bugzilla.core [3.17.0 3.17.0.v20150828-2026]
	org.apache.commons.httpclient [3.1.0 3.1.0]
	org.netbeans.modules.bugzilla [1.105 26-81d21190648c8a1bae92bc9cdb0bb9783ae4912f]
	org.netbeans.modules.bugtracking.bridge [1.74 26-81d21190648c8a1bae92bc9cdb0bb9783ae4912f]
	org.netbeans.modules.ant.hints/1 [1.22 26-81d21190648c8a1bae92bc9cdb0bb9783ae4912f]
	org.netbeans.modules.ant.grammar/1 [1.72 26-81d21190648c8a1bae92bc9cdb0bb9783ae4912f]
	org.netbeans.libs.svnClientAdapter.javahl/1 [1.52 26-81d21190648c8a1bae92bc9cdb0bb9783ae4912f]
	org.netbeans.libs.nbjavacapi [21.6 26-81d21190648c8a1bae92bc9cdb0bb9783ae4912f]
	org.netbeans.libs.graaljs/2 [1.29 26-81d21190648c8a1bae92bc9cdb0bb9783ae4912f]
	org.netbeans.lib.nbjshell9 [1.27 26-81d21190648c8a1bae92bc9cdb0bb9783ae4912f]
	org.netbeans.core.network [1.40 26-81d21190648c8a1bae92bc9cdb0bb9783ae4912f]
	org.netbeans.core.nativeaccess/1 [1.59 26-81d21190648c8a1bae92bc9cdb0bb9783ae4912f]
	org.netbeans.core.io.ui/1 [1.58 26-81d21190648c8a1bae92bc9cdb0bb9783ae4912f]
	org.netbeans.agent [1.0 26-81d21190648c8a1bae92bc9cdb0bb9783ae4912f]
	org.eclipse.mylyn.commons.xmlrpc [3.17.0 3.17.0.v20150625-2042]
	org.eclipse.mylyn.commons.repositories.core [1.9.0 1.9.0.v20150625-2042]
	org.eclipse.mylyn.commons.core [3.17.0 3.17.0.v20150625-2042]
	org.eclipse.equinox.security [1.1.1 1.1.1.R37x_v20110822-1018]
	org.eclipse.equinox.registry [3.5.200 3.5.200.v20120522-1841]
	org.eclipse.equinox.preferences [3.4.2 3.4.2.v20120111-2020]
	org.eclipse.equinox.app [1.3.100 1.3.100.v20110321]
	org.eclipse.core.runtime.compatibility.auth [3.2.200 3.2.200.v20110110]
	org.eclipse.core.net [1.2.100 1.2.100.I20110511-0800]
	org.eclipse.core.contenttype [3.4.100 3.4.100.v20110423-0524]
	org.apache.xmlrpc [3.1.3 3.1.3]
	org.apache.ws.commons.util [1.0.1 1.0.1]
	org.apache.commons.lang [2.6 2.6]
	com.jcraft.jzlib [1.1.3 1.1.3]
	com.googlecode.javaewah.JavaEWAH [1.2.3 1.2.3]
	com.google.guava.failureaccess [1.0.3 1.0.3]
INFO [org.netbeans.core.netigso.Netigso]: bundle bcpg@1.77.0 resolved
INFO [org.netbeans.core.netigso.Netigso]: bundle net.java.html.boot.fx@1.8.1 resolved
INFO [org.netbeans.core.netigso.Netigso]: bundle net.java.html.geo@1.8.1 resolved
INFO [org.netbeans.core.netigso.Netigso]: bundle net.java.html.sound@1.8.1 resolved
INFO [org.netbeans.core.netigso.Netigso]: bundle org.eclipse.mylyn.wikitext.confluence.core@2.6.0.v20150901-2143 resolved
INFO [org.netbeans.core.netigso.Netigso]: bundle org.eclipse.mylyn.wikitext.markdown.core@2.6.0.v20150901-2143 resolved
INFO [org.netbeans.core.netigso.Netigso]: bundle net.java.html.boot.script@1.8.1 resolved
INFO [org.netbeans.core.netigso.Netigso]: bundle org.eclipse.mylyn.wikitext.textile.core@2.6.0.v20150901-2143 resolved
INFO [org.netbeans.core.netigso.Netigso]: bundle org.eclipse.jgit.lfs@7.2.0.202503040940-r resolved
INFO [org.netbeans.core.netigso.Netigso]: bundle org.eclipse.osgi@3.9.1.v20140110-1610 started
INFO [org.netbeans.core.network.proxy.NetworkProxyReloader]: System network proxy resolver: Gnome
INFO [org.netbeans.core.network.proxy.gnome.GsettingsNetworkProxy]: GSettings system proxy resolver: direct connection
INFO [org.netbeans.core.network.proxy.NetworkProxyReloader]: System network proxy reloading succeeded.
INFO [org.netbeans.core.network.proxy.NetworkProxyReloader]: System network proxy - mode: direct
INFO [org.netbeans.core.network.proxy.NetworkProxyReloader]: System network proxy: fell to default (correct if direct mode went before)
WARNING [org.openide.filesystems.Ordering]: Not all children in Toolbars/ marked with the position attribute: [Line], but some are: [File, Clipboard, UndoRedo, Build, Debug, Memory, Git, Standard.xml, Debugging.xml]
INFO [org.netbeans.ui.metrics.laf]: USG_LOOK_AND_FEEL
Diagnostic information
Input arguments:
	-Djdk.home=/usr/lib/jvm/java-21-openjdk-amd64
	-Dnetbeans.default_userdir_root=/m/app/.conf/netbeans/.netbeans
	-Dnetbeans.running.environment=gnome
	-Dnetbeans.dirs=/m/app/netbeans/latest/nb:/m/app/netbeans/latest/ergonomics:/m/app/netbeans/latest/ide:/m/app/netbeans/latest/extide:/m/app/netbeans/latest/java:/m/app/netbeans/latest/apisupport:/m/app/netbeans/latest/webcommon:/m/app/netbeans/latest/websvccommon:/m/app/netbeans/latest/enterprise:/m/app/netbeans/latest/mobility:/m/app/netbeans/latest/profiler:/m/app/netbeans/latest/python:/m/app/netbeans/latest/php:/m/app/netbeans/latest/identity:/m/app/netbeans/latest/harness:/m/app/netbeans/latest/cnd:/m/app/netbeans/latest/cndext:/m/app/netbeans/latest/cpplite:/m/app/netbeans/latest/dlight:/m/app/netbeans/latest/groovy:/m/app/netbeans/latest/extra:/m/app/netbeans/latest/javacard:/m/app/netbeans/latest/javafx:/m/app/netbeans/latest/rust:
	-Dnetbeans.home=/m/app/netbeans/latest/platform
	-Dnetbeans.importclass=org.netbeans.upgrade.AutoUpgrade
	-XX:+UseStringDeduplication
	-Xss2m
	-Djava.lang.Runtime.level=FINE
	-Dapple.laf.useScreenMenuBar=true
	-Dapple.awt.application.appearance=system
	-Dsun.java2d.noddraw=true
	-Dsun.java2d.dpiaware=true
	-Dplugin.manager.check.updates=false
	-Dnetbeans.extbrowser.manual_chrome_plugin_install=yes
	--enable-native-access=ALL-UNNAMED
	--add-opens=java.base/java.net=ALL-UNNAMED
	--add-opens=java.base/java.lang.ref=ALL-UNNAMED
	--add-opens=java.base/java.lang=ALL-UNNAMED
	--add-opens=java.base/java.security=ALL-UNNAMED
	--add-opens=java.base/java.util=ALL-UNNAMED
	--add-opens=java.base/java.nio=ALL-UNNAMED
	--add-exports=java.base/sun.reflect.annotation=ALL-UNNAMED
	--add-opens=java.prefs/java.util.prefs=ALL-UNNAMED
	--add-opens=java.desktop/javax.swing.plaf.basic=ALL-UNNAMED
	--add-opens=java.desktop/javax.swing.text=ALL-UNNAMED
	--add-opens=java.desktop/javax.swing=ALL-UNNAMED
	--add-opens=java.desktop/java.awt=ALL-UNNAMED
	--add-opens=java.desktop/java.awt.event=ALL-UNNAMED
	--add-opens=java.desktop/sun.awt.X11=ALL-UNNAMED
	--add-opens=java.desktop/javax.swing.plaf.synth=ALL-UNNAMED
	--add-opens=java.desktop/com.sun.java.swing.plaf.gtk=ALL-UNNAMED
	--add-opens=java.desktop/com.sun.java.swing.plaf.windows=ALL-UNNAMED
	--add-opens=java.desktop/com.apple.laf=ALL-UNNAMED
	--add-opens=java.desktop/sun.awt.shell=ALL-UNNAMED
	--add-opens=java.desktop/sun.awt.im=ALL-UNNAMED
	--add-exports=java.desktop/sun.awt=ALL-UNNAMED
	--add-exports=java.desktop/java.awt.peer=ALL-UNNAMED
	--add-exports=java.desktop/com.sun.beans.editors=ALL-UNNAMED
	--add-exports=java.desktop/sun.swing=ALL-UNNAMED
	--add-exports=java.desktop/sun.awt.im=ALL-UNNAMED
	--add-exports=java.desktop/com.sun.java.swing.plaf.motif=ALL-UNNAMED
	--add-exports=java.desktop/com.apple.eio=ALL-UNNAMED
	--add-opens=jdk.compiler/com.sun.tools.javac.api=ALL-UNNAMED
	--add-opens=jdk.compiler/com.sun.tools.javac.code=ALL-UNNAMED
	--add-opens=jdk.compiler/com.sun.tools.javac.comp=ALL-UNNAMED
	--add-opens=jdk.compiler/com.sun.tools.javac.file=ALL-UNNAMED
	--add-opens=jdk.compiler/com.sun.tools.javac.jvm=ALL-UNNAMED
	--add-opens=jdk.compiler/com.sun.tools.javac.main=ALL-UNNAMED
	--add-opens=jdk.compiler/com.sun.tools.javac.model=ALL-UNNAMED
	--add-opens=jdk.compiler/com.sun.tools.javac.parser=ALL-UNNAMED
	--add-opens=jdk.compiler/com.sun.tools.javac.processing=ALL-UNNAMED
	--add-opens=jdk.compiler/com.sun.tools.javac.tree=ALL-UNNAMED
	--add-opens=jdk.compiler/com.sun.tools.javac.util=ALL-UNNAMED
	--add-exports=jdk.compiler/com.sun.tools.javac.api=ALL-UNNAMED
	--add-exports=jdk.compiler/com.sun.tools.javac.code=ALL-UNNAMED
	--add-exports=jdk.compiler/com.sun.tools.javac.comp=ALL-UNNAMED
	--add-exports=jdk.compiler/com.sun.tools.javac.file=ALL-UNNAMED
	--add-exports=jdk.compiler/com.sun.tools.javac.jvm=ALL-UNNAMED
	--add-exports=jdk.compiler/com.sun.tools.javac.main=ALL-UNNAMED
	--add-exports=jdk.compiler/com.sun.tools.javac.model=ALL-UNNAMED
	--add-exports=jdk.compiler/com.sun.tools.javac.parser=ALL-UNNAMED
	--add-exports=jdk.compiler/com.sun.tools.javac.processing=ALL-UNNAMED
	--add-exports=jdk.compiler/com.sun.tools.javac.tree=ALL-UNNAMED
	--add-exports=jdk.compiler/com.sun.tools.javac.util=ALL-UNNAMED
	--add-modules=jdk.jshell
	--add-opens=jdk.jshell/jdk.jshell=ALL-UNNAMED
	--add-exports=jdk.jshell/jdk.internal.jshell.debug=ALL-UNNAMED
	--add-exports=jdk.jdeps/com.sun.tools.classfile=ALL-UNNAMED
	--add-exports=jdk.jdeps/com.sun.tools.javap=ALL-UNNAMED
	--add-exports=jdk.internal.jvmstat/sun.jvmstat.monitor=ALL-UNNAMED
	--add-exports=jdk.internal.opt/jdk.internal.opt=ALL-UNNAMED
	--add-exports=java.management/sun.management=ALL-UNNAMED
	-XX:+IgnoreUnrecognizedVMOptions
	-javaagent:/m/app/netbeans/latest/ide/netbeans-javaagent.jar
	-XX:+HeapDumpOnOutOfMemoryError
	-XX:HeapDumpPath=/m/app/.conf/netbeans/user-dir/var/log/heapdump.hprof
Compiler: HotSpot 64-Bit Tiered Compilers
Heap memory usage: initial 250,0MB maximum 3978,0MB
Non heap memory usage: initial 7,3MB maximum -1b
Garbage collector: G1 Young Generation (Collections=16 Total time spent=0s)
Garbage collector: G1 Concurrent GC (Collections=4 Total time spent=0s)
Garbage collector: G1 Old Generation (Collections=0 Total time spent=0s)
Classes: loaded=9160 total loaded=9160 unloaded 0
INFO [org.netbeans.core.ui.warmup.DiagnosticTask]: Total memory 16.680.599.552
INFO [null]: Total physical memory 16.680.599.552
WARNING [org.openide.filesystems.Ordering]: Not all children in / marked with the position attribute: [org-netbeans-modules-refactoring-java-plugins-InstantRefactoringPerformer$UndoableWrapper.instance, org-netbeans-modules-testng-ui-actions-TestClassInfoTask$TestNGComputeTestMethodsImpl.instance, org-netbeans-modules-java-hints-spiimpl-hints-HintsTask$SuggestionsPositionRefresherHelper.instance, org-netbeans-modules-java-hints-spiimpl-options-HintsSettings$GlobalSettingsProvider.instance, org-netbeans-modules-editor-java-JavaKit$JavaTypedTextInterceptor$Factory.instance, org-netbeans-modules-micronaut-MicronautExpressionLanguageTokenId$Factory.instance, org-netbeans-modules-java-hints-declarative-debugging-EvaluationSpanTask$FactoryImpl.instance, org-netbeans-modules-refactoring-java-ui-HighlightsLayerFactory.instance, org-netbeans-modules-java-editor-codegen-RemoveSurroundingCodePanel$UnwrapCodeHighlightsLayerFactory.instance, EditorKit.instance, org-netbeans-modules-java-navigation-BreadCrumbsScanningTask$Factory.instance, org-netbeans-modules-java-hints-infrastructure-JavaErrorProvider.instance, org-netbeans-modules-java-hints-infrastructure-ErrorHintsFactory.instance, org-netbeans-modules-junit-ui-actions-TestClassInfoTask$JUnitComputeTestMethodsImpl.instance, org-netbeans-modules-java-editor-semantic-SemanticHighlighterFactory.instance, org-netbeans-modules-java-hints-infrastructure-EmbeddedLazyHintComputation$FactoryImpl.instance, Reformatter.instance, org-netbeans-modules-java-source-indexing-JavaCustomIndexer$Factory-register.instance, org-netbeans-modules-java-hints-infrastructure-ErrorPositionRefresherHelper.instance, org-netbeans-modules-java-hints-introduce-IntroduceHint$HLFImpl.instance, org-netbeans-modules-editor-htmlui-JSEmbeddingProvider$Factory.instance, org-netbeans-modules-editor-java-CamelCaseOperations$JavaCamelCaseInterceptor$JavaFactory.instance, org-netbeans-modules-java-editor-whitelist-WhiteListCheckTask$Factory.instance, org-netbeans-modules-gsf-codecoverage-CoverageHighlightsLayerFactory.instance, SourcePathCheck.instance, org-netbeans-modules-editor-java-JavaKit$JavaDeletedTextInterceptor$Factory.instance, org-netbeans-modules-javadoc-highlighting-Factory.instance, org-netbeans-modules-java-editor-fold-ResourceStringFoldProvider.instance, AutoIndenter.instance, org-netbeans-modules-java-guards-JavaGuardedSections.instance, org-netbeans-modules-whitelist-index-WhiteListIndexerPlugin$Factory.instance, org-netbeans-modules-java-debug-HighlightsLayerFactoryImpl.instance, CopyResourcesIndexer.instance, org-netbeans-modules-refactoring-java-plugins-InstantRefactoringPerformer$RenameDeletedTextInterceptor$Factory.instance, org-netbeans-modules-java-source-parsing-JavacParserFactory.instance, org-netbeans-modules-java-editor-semantic-HighlightsLayerFactoryImpl.instance, org-netbeans-modules-java-editor-rename-InstantRenamePerformer$RenameDeletedTextInterceptor$Factory.instance, org-netbeans-modules-java-editor-overridden-ComputeAnnotations$FactoryImpl.instance, org.netbeans.spi.editor.highlighting.HighlightsLayerFactory.instance, Reindenter.instance, org-netbeans-modules-java-editor-semantic-MarkOccurrencesHighlighterFactory.instance, org-netbeans-modules-debugger-jpda-projectsui-HighlightsLayerFactoryImpl.instance, org-netbeans-modules-java-source-parsing-VanillaPartialReparser$VerifyPartialReparse$FactoryImpl.instance, org-netbeans-modules-micronaut-symbol-MicronautSymbolErrorProvider.instance, org-netbeans-modules-java-hints-spiimpl-hints-HintsTask$HintPositionRefresherHelper.instance, org-netbeans-modules-refactoring-java-callhierarchy-LspCallHierarchyProvider.instance, org-netbeans-modules-micronaut-symbol-MicronautSymbolFinder$Factory.instance, language.instance, org-netbeans-modules-editor-java-JavaKit$JavaTypedBreakInterceptor$JavaFactory.instance, org-netbeans-modules-java-hints-introduce-PositionRefresherHelperImpl.instance, org-netbeans-modules-profiler-nbimpl-providers-JavaProfilerSourceImpl.instance, org-netbeans-modules-java-hints-spiimpl-JavaHintsPositionRefresher.instance, org-netbeans-modules-lsp-client-bindings-SemanticHighlight$HighlightsLayerFactoryImpl.instance, org-netbeans-modules-editor-fold-ui-FoldingEditorSupport$F.instance, org-netbeans-modules-java-source-indexing-JavaBinaryIndexer$Factory-register.instance, org-netbeans-lib-editor-codetemplates-textsync-TextRegionManager$Highlighting$HLFactory.instance, org-netbeans-modules-lsp-client-bindings-MarkOccurrences$HighlightsLayerFactoryImpl.instance, org-netbeans-modules-lsp-client-bindings-CustomIndexerImpl$FactoryImpl.instance, org-netbeans-modules-merge-builtin-visualizer-MergeHighlightsLayerFactory.instance, org-netbeans-modules-csl-hints-infrastructure-SelectionHintsTaskFactory.instance, org-netbeans-modules-editor-hints-lsp-HintsDiagnosticsProvider.instance, org-netbeans-modules-java-hints-infrastructure-EmbeddedHintsCollector$Factory.instance, org-netbeans-modules-csl-core-CslCamelCaseInterceptor$Factory.instance, org-netbeans-modules-csl-editor-overridden-ComputeAnnotations$FactoryImpl.instance, org-netbeans-modules-spellchecker-SpellcheckerHighlightLayerFactory.instance, org-netbeans-modules-micronaut-hints-MicronautConfigErrorProvider$CIFImpl.instance, org-netbeans-modules-editor-impl-DocumentFactoryImpl.instance, org-netbeans-modules-diff-builtin-visualizer-editable-DiffHighlightsLayerFactory.instance, org-netbeans-modules-csl-editor-fold-GsfFoldManagerTaskFactory.instance, org-netbeans-modules-textmate-lexer-SyntaxHighlighting$FactoryImpl.instance, org-netbeans-modules-editor-impl-highlighting-HLFactory.instance, org-netbeans-modules-editor-hints-HighlightsLayerFactoryImpl.instance, org-netbeans-modules-editor-bracesmatching-BracesMatchHighlighting$Factory.instance, org-netbeans-lib-editor-hyperlink-HyperlinkOperation$HighlightFactoryImpl.instance, org-netbeans-modules-javascript2-editor-embedding-JsEmbeddingProvider$Factory.instance, org-netbeans-modules-csl-editor-semantic-MarkOccurrencesHighlighterFactory.instance, org-netbeans-modules-editor-lib2-highlighting-Factory.instance, org-netbeans-modules-editor-search-TextSearchHighlighting$FactoryImpl.instance, org-netbeans-modules-csl-hints-infrastructure-HintsTaskFactory.instance, org-netbeans-modules-refactoring-spi-impl-UndoableWrapper.instance, COSSynchronizingIndexer.instance, org-netbeans-modules-gsf-testrunner-ui-TestMethodFinderImpl$Factory.instance, org-netbeans-modules-csl-hints-GsfHintsFactory.instance, org-netbeans-modules-csl-navigation-BreadCrumbsTask$TaskFactoryImpl.instance, org-netbeans-modules-editor-url-HighlightURLs$FactoryImpl.instance, org-netbeans-modules-web-jsf-editor-index-JsfBinaryIndexer.instance, org-netbeans-modules-web-jsf-editor-index-JsfCustomIndexer$Factory.instance, org-netbeans-modules-tasklist-impl-TaskIndexerFactory.instance, org-netbeans-modules-csl-hints-infrastructure-SuggestionsTaskFactory.instance, org-netbeans-modules-java-lsp-server-protocol-Server$CustomIndexerTelemetryFactory-getDefault.instance, org-netbeans-modules-jumpto-file-FileIndexer$Factory.instance, org-netbeans-modules-csl-navigation-CaretListeningFactory.instance, org-netbeans-modules-csl-navigation-ClassMemberNavigatorSourceFactory.instance, org-netbeans-modules-csl-editor-semantic-SemanticHighlighterFactory.instance, org-netbeans-modules-spring-beans-index-SpringBinaryIndexer.instance], but some are: [org-netbeans-modules-editor-java-JavaStructureProvider.instance, org-netbeans-modules-micronaut-symbol-MicronautStructureProvider.instance, org-netbeans-modules-java-file-launcher-indexer-CompilerOptionsIndexer$FactoryImpl.instance]
INFO [org.netbeans.modules.subversion]: Cache not yet initialized, showing default actions
INFO [org.netbeans.modules.mercurial]: version: null
INFO [org.netbeans.modules.subversion]: Finished indexing svn cache with 0 entries. Elapsed time: 0 ms.
WARNING [org.openide.filesystems.Ordering]: Not all children in OptionsDialog/Editor/ marked with the position attribute: [InlineHints], but some are: [CodeCompletion, Formatting, Hints, MarkOccurrences, OnSave, org-netbeans-modules-editor-autosave-AutoSaveOptionsPanelController.instance, org-netbeans-modules-lsp-client-options-LanguageServersOptionsPanelController.instance, General.instance, Folding.instance, Formatting.instance, CodeCompletion.instance, CodeTemplates.instance, Hints.instance, MarkOccurrences.instance, InlineHints.instance, Macros.instance, OnSave.instance, org-netbeans-modules-spellchecker-options-SpellcheckerOptionsPanelController.instance, goto.instance]
WARNING [org.openide.filesystems.Ordering]: Not all children in / marked with the position attribute: [org-netbeans-modules-lsp-client-bindings-CompletionProviderImpl.instance], but some are: [org-netbeans-modules-parsing-ui-WaitScanFinishedCompletionProvider.instance, org-netbeans-modules-editor-java-JavaCompletionProvider.instance, org-netbeans-modules-jshell-editor-HistoryCompletionProvider.instance, org-netbeans-modules-java-editor-javadoc-JavadocCompletionProvider.instance, org-netbeans-modules-micronaut-completion-MicronautDataCompletionProvider.instance, org-netbeans-lib-editor-codetemplates-CodeTemplateCompletionProvider.instance, org-netbeans-modules-j2ee-persistence-editor-completion-JPACodeCompletionProvider.instance, org-netbeans-modules-websvc-editor-completion-WSCompletionProvider.instance, org-netbeans-modules-spellchecker-completion-WordCompletion.instance]
Even though the source level of  is set to: 21, java.util.zip.CRC32C cannot be found on the system module path: 
WARNING [null]: Last record repeated again.
INFO [org.netbeans.ui.indexing]: Indexing started, time from last indexing 0 ms.
INFO [org.netbeans.ui.indexing]: Indexing finished, indexing took 1 ms.
INFO [org.netbeans.ui.indexing]: Indexing started, time from last indexing 6.014 ms.
INFO [org.netbeans.ui.indexing]: Indexing finished, indexing took 2 ms.
INFO [org.netbeans.modules.gradle.GradleConnectorManager]: Disconnecting from Gradle Daemons.
INFO [org.netbeans.modules.gradle.GradleConnectorManager]: Disconnecting from Gradle Daemons. Done.
INFO [org.netbeans.core.netigso.Netigso]: bundle org.eclipse.osgi@3.9.1.v20140110-1610 256
INFO [org.netbeans.core.netigso.Netigso]: bundle org.eclipse.osgi@3.9.1.v20140110-1610 stopped
INFO [null]: Last record repeated again.
FINE [java.lang.Runtime]: Runtime.exit() called with status: 0
java.lang.Throwable: Runtime.exit(0)
[catch] at java.base/java.lang.Shutdown.logRuntimeExit(Shutdown.java:179)
	at java.base/java.lang.Shutdown.exit(Shutdown.java:160)
	at java.base/java.lang.Runtime.exit(Runtime.java:188)
	at java.base/java.lang.System.exit(System.java:1920)
	at org.netbeans.NbExit.exit(NbExit.java:37)
	at org.netbeans.core.NbLifeExit.run(NbLifeExit.java:99)
	at org.openide.util.Task.run(Task.java:233)
	at org.openide.util.RequestProcessor$Task.run(RequestProcessor.java:1403)
	at org.netbeans.modules.openide.util.GlobalLookup.execute(GlobalLookup.java:45)
	at org.openide.util.lookup.Lookups.executeWith(Lookups.java:287)
	at org.openide.util.RequestProcessor$Processor.run(RequestProcessor.java:2018)
