Font name: Angelic War Regular 64
Max width: 99
Max height: 73
Font ascent: 58
Font descent: 27
Number of glyph: 203
--------------------
Font name: Angelic War Regular 48
Max width: 74
Max height: 55
Font ascent: 43
Font descent: 21
Number of glyph: 203
--------------------
Font name: Decibel Regular 64
Max width: 58
Max height: 60
Font ascent: 56
Font descent: 11
Number of glyph: 87
--------------------
Font name: Decibel Regular 48
Max width: 43
Max height: 46
Font ascent: 42
Font descent: 8
Number of glyph: 87
--------------------
Font name: FairydustB Regular 64
Max width: 106
Max height: 68
Font ascent: 56
Font descent: 14
Number of glyph: 252
--------------------
Font name: FairydustB Regular 48
Max width: 79
Max height: 51
Font ascent: 42
Font descent: 11
Number of glyph: 252
--------------------
Font name: leaf1 Regular 64
Max width: 65
Max height: 65
Font ascent: 55
Font descent: 14
Number of glyph: 219
--------------------
Font name: leaf1 Regular 48
Max width: 48
Max height: 49
Font ascent: 41
Font descent: 11
Number of glyph: 219
--------------------
Font name: leaf1 Regular 32
Max width: 33
Max height: 33
Font ascent: 27
Font descent: 7
Number of glyph: 219
--------------------
Font name: leaf1 Regular 24
Max width: 25
Max height: 25
Font ascent: 20
Font descent: 6
Number of glyph: 219
--------------------
Unknown gsub feature 0x616c6967 (alig)
Unknown gsub feature 0x6f6e756d (onum)
Unknown gsub feature 0x73733032 (ss02)
Unknown gsub feature 0x73756273 (subs)
Font name: Miama Italic 64
Max width: 82
Max height: 92
Font ascent: 55
Font descent: 45
Number of glyph: 1110
--------------------
Unknown gsub feature 0x616c6967 (alig)
Unknown gsub feature 0x6f6e756d (onum)
Unknown gsub feature 0x73733032 (ss02)
Unknown gsub feature 0x73756273 (subs)
Font name: Miama Italic 48
Max width: 62
Max height: 70
Font ascent: 41
Font descent: 34
Number of glyph: 1110
--------------------
Font name: Post-it Pen Script Regular 64
Max width: 47
Max height: 66
Font ascent: 52
Font descent: 24
Number of glyph: 246
--------------------
Font name: Post-it Pen Script Regular 48
Max width: 36
Max height: 50
Font ascent: 39
Font descent: 18
Number of glyph: 246
--------------------
Font name: Special Type Italic 64
Max width: 170
Max height: 104
Font ascent: 85
Font descent: 50
Number of glyph: 108
--------------------
Font name: Special Type Italic 48
Max width: 128
Max height: 77
Font ascent: 64
Font descent: 37
Number of glyph: 108
--------------------
Font name: Vtks Black Regular 64
Max width: 119
Max height: 109
Font ascent: 79
Font descent: 57
Number of glyph: 656
--------------------
Font name: Vtks Black Regular 48
Max width: 90
Max height: 81
Font ascent: 59
Font descent: 43
Number of glyph: 656
--------------------
Font name: when it rains Regular 64
Max width: 69
Max height: 51
Font ascent: 47
Font descent: 16
Number of glyph: 95
--------------------
Font name: when it rains Regular 48
Max width: 52
Max height: 39
Font ascent: 35
Font descent: 12
Number of glyph: 95
--------------------
Font name: Asenine Regular 18
Max width: 14
Max height: 15
Font ascent: 14
Font descent: 4
Number of glyph: 217
--------------------
Font name: eurofurence light Regular 18
Max width: 22
Max height: 17
Font ascent: 15
Font descent: 4
Number of glyph: 593
--------------------
Font name: Existence Regular 18
Max width: 20
Max height: 21
Font ascent: 20
Font descent: 6
Number of glyph: 491
--------------------
Font name: Rough_Typewriter Regular 18
Max width: 12
Max height: 18
Font ascent: 16
Font descent: 8
Number of glyph: 319
--------------------
Font name: Secret Code Regular 18
Max width: 9
Max height: 13
Font ascent: 13
Font descent: 4
Number of glyph: 95
--------------------

