0 info it worked if it ends with ok
1 verbose cli [
1 verbose cli   '/m/app/pulsar/1.128.0/pulsar-1.128.0/resources/app/ppm/bin/node',
1 verbose cli   '/m/app/pulsar/1.128.0/pulsar-1.128.0/resources/app/ppm/node_modules/npm/bin/npm-cli.js',
1 verbose cli   '--globalconfig',
1 verbose cli   '/m/app/.conf/pulsar/.pulsar/.apm/.apmrc',
1 verbose cli   '--userconfig',
1 verbose cli   '/m/app/.conf/pulsar/.pulsar/.apmrc',
1 verbose cli   'install',
1 verbose cli   'https://api.pulsar-edit.dev/api/packages/pulsar-column-select-mode/versions/0.1.2/tarball',
1 verbose cli   '--target=12.2.3',
1 verbose cli   '--disturl=https://artifacts.electronjs.org/headers/dist',
1 verbose cli   '--arch=x64',
1 verbose cli   '--force-process-config',
1 verbose cli   '--global-style'
1 verbose cli ]
2 info using npm@6.14.19-pulsar2
3 info using node@v16.0.0
4 verbose npm-session 782a34b65d65a405
5 silly install loadCurrentTree
6 silly install readLocalPackageData
7 silly fetchPackageMetaData error for https://api.pulsar-edit.dev/api/packages/pulsar-column-select-mode/versions/0.1.2/tarball request to https://api.pulsar-edit.dev/api/packages/pulsar-column-select-mode/versions/0.1.2/tarball failed, reason: self signed certificate in certificate chain
8 timing stage:rollbackFailedOptional Completed in 1ms
9 timing stage:runTopLevelLifecycles Completed in 114ms
10 verbose type system
11 verbose stack FetchError: request to https://api.pulsar-edit.dev/api/packages/pulsar-column-select-mode/versions/0.1.2/tarball failed, reason: self signed certificate in certificate chain
11 verbose stack     at ClientRequest.<anonymous> (/m/app/pulsar/1.128.0/pulsar-1.128.0/resources/app/ppm/node_modules/node-fetch-npm/src/index.js:68:14)
11 verbose stack     at ClientRequest.emit (node:events:365:28)
11 verbose stack     at TLSSocket.socketErrorListener (node:_http_client:447:9)
11 verbose stack     at TLSSocket.emit (node:events:365:28)
11 verbose stack     at emitErrorNT (node:internal/streams/destroy:193:8)
11 verbose stack     at emitErrorCloseNT (node:internal/streams/destroy:158:3)
11 verbose stack     at processTicksAndRejections (node:internal/process/task_queues:83:21)
12 verbose cwd /tmp/apm-install-dir-2025617-48770-16pb7eo.d68s
13 verbose Linux 6.11.0-29-generic
14 verbose argv "/m/app/pulsar/1.128.0/pulsar-1.128.0/resources/app/ppm/bin/node" "/m/app/pulsar/1.128.0/pulsar-1.128.0/resources/app/ppm/node_modules/npm/bin/npm-cli.js" "--globalconfig" "/m/app/.conf/pulsar/.pulsar/.apm/.apmrc" "--userconfig" "/m/app/.conf/pulsar/.pulsar/.apmrc" "install" "https://api.pulsar-edit.dev/api/packages/pulsar-column-select-mode/versions/0.1.2/tarball" "--target=12.2.3" "--disturl=https://artifacts.electronjs.org/headers/dist" "--arch=x64" "--force-process-config" "--global-style"
15 verbose node v16.0.0
16 verbose npm  v6.14.19-pulsar2
17 error code SELF_SIGNED_CERT_IN_CHAIN
18 error errno SELF_SIGNED_CERT_IN_CHAIN
19 error request to https://api.pulsar-edit.dev/api/packages/pulsar-column-select-mode/versions/0.1.2/tarball failed, reason: self signed certificate in certificate chain
20 verbose exit [ 1, true ]
